[23:53:49.730] Try reusing port from lock file: 55592
[23:53:49.776] Server listening on port 55592, PID 29664
[23:53:50.317] readProjectFiles, Found 3648 files to read.
[23:54:02.640] [Preview Server] Frontend connected, clients size = 1
[23:54:27.256] File change detected. Updating...
[23:54:27.768] readProjectFiles, Found 3648 files to read.
[23:54:33.629] File change detected. Updating...
[23:54:34.222] readProjectFiles, Found 3648 files to read.
[23:54:41.410] Starting PAI Cloud Dev...
[23:54:41.518] Files read. Count: 3648
[23:54:41.518] Calling pai.updateCloudDev...
[23:54:41.519] [PAI SDK] cloudServer.update called, appId: pai-preview-trae-a0db8172
[23:54:41.520] Update failed: TypeError: Cannot read properties of undefined (reading 'send')
    at Rl.<anonymous> (c:\Users\ZXJ\.trae-cn\builtin_skills\TRAE-generate-mini-app\scripts\preview-server.js:177:3239)
    at Generator.next (<anonymous>)
    at c:\Users\ZXJ\.trae-cn\builtin_skills\TRAE-generate-mini-app\scripts\preview-server.js:177:1182
    at new Promise (<anonymous>)
    at bt (c:\Users\ZXJ\.trae-cn\builtin_skills\TRAE-generate-mini-app\scripts\preview-server.js:177:1002)
    at Rl.call (c:\Users\ZXJ\.trae-cn\builtin_skills\TRAE-generate-mini-app\scripts\preview-server.js:177:3118)
    at Rl.<anonymous> (c:\Users\ZXJ\.trae-cn\builtin_skills\TRAE-generate-mini-app\scripts\preview-server.js:177:3711)
    at Generator.next (<anonymous>)
    at c:\Users\ZXJ\.trae-cn\builtin_skills\TRAE-generate-mini-app\scripts\preview-server.js:177:1182
    at new Promise (<anonymous>)
[23:54:41.582] Files read. Count: 3648
[23:54:41.583] Calling pai.updateCloudDev...
[23:54:41.584] [PAI SDK] cloudServer.update called, appId: pai-preview-trae-a0db8172
[23:54:41.584] Update failed: TypeError: Cannot read properties of undefined (reading 'send')
    at Rl.<anonymous> (c:\Users\ZXJ\.trae-cn\builtin_skills\TRAE-generate-mini-app\scripts\preview-server.js:177:3239)
    at Generator.next (<anonymous>)
    at c:\Users\ZXJ\.trae-cn\builtin_skills\TRAE-generate-mini-app\scripts\preview-server.js:177:1182
    at new Promise (<anonymous>)
    at bt (c:\Users\ZXJ\.trae-cn\builtin_skills\TRAE-generate-mini-app\scripts\preview-server.js:177:1002)
    at Rl.call (c:\Users\ZXJ\.trae-cn\builtin_skills\TRAE-generate-mini-app\scripts\preview-server.js:177:3118)
    at Rl.<anonymous> (c:\Users\ZXJ\.trae-cn\builtin_skills\TRAE-generate-mini-app\scripts\preview-server.js:177:3711)
    at Generator.next (<anonymous>)
    at c:\Users\ZXJ\.trae-cn\builtin_skills\TRAE-generate-mini-app\scripts\preview-server.js:177:1182
    at new Promise (<anonymous>)
[23:54:42.440] [PAI SDK] createCloudSession response: {
  "code": 0,
  "msg": "success",
  "sandboxId": "vefaas-f0vkicge-pyw70jixna-d8dggg82ru0lkmobtgu0-sandbox",
  "endpoint": "https://sd62opo6oqou1ckhsuo00.apigateway-cn-beijing.volceapi.com"
}
[23:54:44.164] [PAI SDK] cloudServer.start called, appId: pai-preview-trae-a0db8172
[23:55:04.819] [PAI SDK] Received event: reload {"url":"aipa://pai-preview-trae-a0db8172.aipa-cloud.bytedance.net?type=pai","timestamp":1780156504836}
[23:55:04.820] [PAI SDK] CloudServer received reload event: {"url":"aipa://pai-preview-trae-a0db8172.aipa-cloud.bytedance.net?type=pai","timestamp":1780156504836}
[23:55:04.820] [PAI SDK] reload, url = https://sd62opo6oqou1ckhsuo00.apigateway-cn-beijing.volceapi.com/?faasInstanceName=vefaas-f0vkicge-pyw70jixna-d8dggg82ru0lkmobtgu0-sandbox&hash=pai-preview-trae-a0db8172
[23:55:05.063] [Preview Server] Frontend disconnected, clients size = 1
[23:55:36.906] File change detected. Updating...
[23:55:37.332] readProjectFiles, Found 3648 files to read.
[23:55:39.456] Files read. Count: 3648
[23:55:39.457] Calling pai.updateCloudDev...
[23:55:39.459] [PAI SDK] cloudServer.update called, appId: pai-preview-trae-a0db8172
[23:55:51.197] [PAI SDK] Received event: reload {"url":"aipa://pai-preview-trae-a0db8172.aipa-cloud.bytedance.net?type=pai","timestamp":1780156551215}
[23:55:51.197] [PAI SDK] CloudServer received reload event: {"url":"aipa://pai-preview-trae-a0db8172.aipa-cloud.bytedance.net?type=pai","timestamp":1780156551215}
[23:55:51.198] [PAI SDK] reload, url = https://sd62opo6oqou1ckhsuo00.apigateway-cn-beijing.volceapi.com/?faasInstanceName=vefaas-f0vkicge-pyw70jixna-d8dggg82ru0lkmobtgu0-sandbox&hash=pai-preview-trae-a0db8172
[23:55:51.198] [PAI SDK] cloudServer.update response: {
  "status": "running",
  "reload": false,
  "hash": "pai-preview-trae-a0db8172"
}
[23:55:51.198] Update success (pai.updateCloudDev returned)
[23:56:38.752] File change detected. Updating...
[23:56:39.186] readProjectFiles, Found 3648 files to read.
[23:56:41.458] Files read. Count: 3648
[23:56:41.458] Calling pai.updateCloudDev...
[23:56:41.459] [PAI SDK] cloudServer.update called, appId: pai-preview-trae-a0db8172
[23:56:53.321] [PAI SDK] Received event: reload {"url":"aipa://pai-preview-trae-a0db8172.aipa-cloud.bytedance.net?type=pai","timestamp":1780156613340}
[23:56:53.321] [PAI SDK] CloudServer received reload event: {"url":"aipa://pai-preview-trae-a0db8172.aipa-cloud.bytedance.net?type=pai","timestamp":1780156613340}
[23:56:53.321] [PAI SDK] reload, url = https://sd62opo6oqou1ckhsuo00.apigateway-cn-beijing.volceapi.com/?faasInstanceName=vefaas-f0vkicge-pyw70jixna-d8dggg82ru0lkmobtgu0-sandbox&hash=pai-preview-trae-a0db8172
[23:56:53.322] [PAI SDK] cloudServer.update response: {
  "status": "running",
  "reload": false,
  "hash": "pai-preview-trae-a0db8172"
}
[23:56:53.322] Update success (pai.updateCloudDev returned)
[23:57:56.016] [PAI SDK] Received event: log {"content":"\n> taro_template@1.0.0 dev:h5\n> npm run build:h5 -- --watch\n\n","timestamp":1780156676039}
[23:57:56.207] [PAI SDK] Received event: log {"content":"\n> taro_template@1.0.0 build:h5\n> taro build --type h5 --watch\n\n","timestamp":1780156676228}
[23:57:56.659] [PAI SDK] Received event: log {"content":"👽 Taro v4.1.9\n\n","timestamp":1780156676681}
[23:57:58.246] [PAI SDK] Received event: log {"content":"Tips:\n1. 建议开启持久化缓存功能，能有效提升二次编译速度，详情请参考: https://docs.taro.zone/docs/config-detail#cache。\n\n\n","timestamp":1780156678269}
[23:58:00.329] [PAI SDK] Received event: log {"content":"- 即将开始启动编译，请稍等~\n","timestamp":1780156680352}
[23:58:17.181] [PAI SDK] Received event: log {"content":"✅  编译成功 5/30/2026, 11:58:17 PM\n\n","timestamp":1780156697203}
[23:58:17.187] [PAI SDK] cloudServer.start response: {
  "status": "running",
  "msg": "Cloud Server started successfully.",
  "hash": "pai-preview-trae-a0db8172"
}
[00:00:07.915] [PAI SDK] Received event: log {"content":"\n> taro_template@1.0.0 dev:h5\n> npm run build:h5 -- --watch\n\n","timestamp":1780156807937}
[00:00:08.135] [PAI SDK] Received event: log {"content":"\n> taro_template@1.0.0 build:h5\n> taro build --type h5 --watch\n\n","timestamp":1780156808157}
[00:00:08.697] [PAI SDK] Received event: log {"content":"👽 Taro v4.1.9\n\n","timestamp":1780156808720}
[00:00:10.480] [PAI SDK] Received event: log {"content":"Tips:\n1. 建议开启持久化缓存功能，能有效提升二次编译速度，详情请参考: https://docs.taro.zone/docs/config-detail#cache。\n\n\n","timestamp":1780156810503}
[00:00:11.499] [PAI SDK] Received event: log {"content":"ℹ 预览端口 10086 被占用, 自动切换到空闲端口 10087\n","timestamp":1780156811521}
[00:00:12.089] [PAI SDK] Received event: log {"content":"- 即将开始启动编译，请稍等~\n","timestamp":1780156812111}
[00:00:26.846] [PAI SDK] Received event: log {"content":"✅  编译成功 5/31/2026, 12:00:26 AM\n\n","timestamp":1780156826869}
[00:31:24.673] [PAI SDK] WebSocket closed, reconnecting (1/3)...
[00:31:34.823] [Global WebSocket] Suppressed error to prevent crash: Unexpected server response: 404
[00:31:34.824] [PAI SDK] WebSocket closed, reconnecting (1/3)...
[00:31:44.969] [Global WebSocket] Suppressed error to prevent crash: Unexpected server response: 404
[00:31:44.969] [PAI SDK] WebSocket closed, reconnecting (1/3)...
[00:31:55.142] [Global WebSocket] Suppressed error to prevent crash: Unexpected server response: 404
[00:31:55.143] [PAI SDK] WebSocket closed, reconnecting (1/3)...
[00:32:05.297] [Global WebSocket] Suppressed error to prevent crash: Unexpected server response: 404
[00:32:05.297] [PAI SDK] WebSocket closed, reconnecting (1/3)...
[00:32:15.441] [Global WebSocket] Suppressed error to prevent crash: Unexpected server response: 404
[00:32:15.442] [PAI SDK] WebSocket closed, reconnecting (1/3)...
[00:32:25.620] [Global WebSocket] Suppressed error to prevent crash: Unexpected server response: 404
[00:32:25.621] [PAI SDK] WebSocket closed, reconnecting (1/3)...
[00:32:35.773] [Global WebSocket] Suppressed error to prevent crash: Unexpected server response: 404
[00:32:35.774] [PAI SDK] WebSocket closed, reconnecting (1/3)...
[00:32:45.907] [Global WebSocket] Suppressed error to prevent crash: Unexpected server response: 404
[00:32:45.908] [PAI SDK] WebSocket closed, reconnecting (1/3)...
[00:32:56.058] [Global WebSocket] Suppressed error to prevent crash: Unexpected server response: 404
[00:32:56.058] [PAI SDK] WebSocket closed, reconnecting (1/3)...
[00:33:06.234] [Global WebSocket] Suppressed error to prevent crash: Unexpected server response: 404
[00:33:06.234] [PAI SDK] WebSocket closed, reconnecting (1/3)...
[00:33:16.570] [Global WebSocket] Suppressed error to prevent crash: Unexpected server response: 404
[00:33:16.571] [PAI SDK] WebSocket closed, reconnecting (1/3)...
[00:33:26.736] [Global WebSocket] Suppressed error to prevent crash: Unexpected server response: 404
[00:33:26.736] [PAI SDK] WebSocket closed, reconnecting (1/3)...
[00:33:36.906] [Global WebSocket] Suppressed error to prevent crash: Unexpected server response: 404
[00:33:36.906] [PAI SDK] WebSocket closed, reconnecting (1/3)...
[00:33:47.057] [Global WebSocket] Suppressed error to prevent crash: Unexpected server response: 404
[00:33:47.058] [PAI SDK] WebSocket closed, reconnecting (1/3)...
[00:33:57.196] [Global WebSocket] Suppressed error to prevent crash: Unexpected server response: 404
[00:33:57.197] [PAI SDK] WebSocket closed, reconnecting (1/3)...
[00:34:07.337] [Global WebSocket] Suppressed error to prevent crash: Unexpected server response: 404
[00:34:07.337] [PAI SDK] WebSocket closed, reconnecting (1/3)...
[00:34:17.518] [Global WebSocket] Suppressed error to prevent crash: Unexpected server response: 404
[00:34:17.518] [PAI SDK] WebSocket closed, reconnecting (1/3)...
[00:34:27.687] [Global WebSocket] Suppressed error to prevent crash: Unexpected server response: 404
[00:34:27.687] [PAI SDK] WebSocket closed, reconnecting (1/3)...
[00:34:37.848] [Global WebSocket] Suppressed error to prevent crash: Unexpected server response: 404
[00:34:37.849] [PAI SDK] WebSocket closed, reconnecting (1/3)...
[00:34:48.024] [Global WebSocket] Suppressed error to prevent crash: Unexpected server response: 404
[00:34:48.024] [PAI SDK] WebSocket closed, reconnecting (1/3)...
[00:34:58.165] [Global WebSocket] Suppressed error to prevent crash: Unexpected server response: 404
[00:34:58.167] [PAI SDK] WebSocket closed, reconnecting (1/3)...
[00:35:08.354] [Global WebSocket] Suppressed error to prevent crash: Unexpected server response: 404
[00:35:08.354] [PAI SDK] WebSocket closed, reconnecting (1/3)...
[00:35:18.501] [Global WebSocket] Suppressed error to prevent crash: Unexpected server response: 404
[00:35:18.502] [PAI SDK] WebSocket closed, reconnecting (1/3)...
[00:35:28.668] [Global WebSocket] Suppressed error to prevent crash: Unexpected server response: 404
[00:35:28.669] [PAI SDK] WebSocket closed, reconnecting (1/3)...
[00:35:38.824] [Global WebSocket] Suppressed error to prevent crash: Unexpected server response: 404
[00:35:38.825] [PAI SDK] WebSocket closed, reconnecting (1/3)...
[00:35:48.962] [Global WebSocket] Suppressed error to prevent crash: Unexpected server response: 404
[00:35:48.963] [PAI SDK] WebSocket closed, reconnecting (1/3)...
[00:35:59.099] [Global WebSocket] Suppressed error to prevent crash: Unexpected server response: 404
[00:35:59.100] [PAI SDK] WebSocket closed, reconnecting (1/3)...
[00:36:09.400] [Global WebSocket] Suppressed error to prevent crash: Unexpected server response: 404
[00:36:09.400] [PAI SDK] WebSocket closed, reconnecting (1/3)...
[00:36:19.631] [Global WebSocket] Suppressed error to prevent crash: Unexpected server response: 404
[00:36:19.632] [PAI SDK] WebSocket closed, reconnecting (1/3)...
[00:36:29.802] [Global WebSocket] Suppressed error to prevent crash: Unexpected server response: 404
[00:36:29.802] [PAI SDK] WebSocket closed, reconnecting (1/3)...
[00:36:39.945] [Global WebSocket] Suppressed error to prevent crash: Unexpected server response: 404
[00:36:39.946] [PAI SDK] WebSocket closed, reconnecting (1/3)...
[00:36:50.095] [Global WebSocket] Suppressed error to prevent crash: Unexpected server response: 404
[00:36:50.095] [PAI SDK] WebSocket closed, reconnecting (1/3)...
[00:37:00.283] [Global WebSocket] Suppressed error to prevent crash: Unexpected server response: 404
[00:37:00.283] [PAI SDK] WebSocket closed, reconnecting (1/3)...
[00:37:10.444] [Global WebSocket] Suppressed error to prevent crash: Unexpected server response: 404
[00:37:10.444] [PAI SDK] WebSocket closed, reconnecting (1/3)...
[00:37:20.605] [Global WebSocket] Suppressed error to prevent crash: Unexpected server response: 404
[00:37:20.606] [PAI SDK] WebSocket closed, reconnecting (1/3)...
[00:37:30.737] [Global WebSocket] Suppressed error to prevent crash: Unexpected server response: 404
[00:37:30.738] [PAI SDK] WebSocket closed, reconnecting (1/3)...
[00:37:40.907] [Global WebSocket] Suppressed error to prevent crash: Unexpected server response: 404
[00:37:40.908] [PAI SDK] WebSocket closed, reconnecting (1/3)...
[00:37:51.039] [Global WebSocket] Suppressed error to prevent crash: Unexpected server response: 404
[00:37:51.039] [PAI SDK] WebSocket closed, reconnecting (1/3)...
[00:38:01.179] [Global WebSocket] Suppressed error to prevent crash: Unexpected server response: 404
[00:38:01.180] [PAI SDK] WebSocket closed, reconnecting (1/3)...
[00:38:11.345] [Global WebSocket] Suppressed error to prevent crash: Unexpected server response: 404
[00:38:11.345] [PAI SDK] WebSocket closed, reconnecting (1/3)...
[00:38:21.477] [Global WebSocket] Suppressed error to prevent crash: Unexpected server response: 404
[00:38:22.121] [PAI SDK] WebSocket closed, reconnecting (1/3)...
[00:38:32.253] [Global WebSocket] Suppressed error to prevent crash: Unexpected server response: 404
[00:38:32.254] [PAI SDK] WebSocket closed, reconnecting (1/3)...
[00:38:42.558] [Global WebSocket] Suppressed error to prevent crash: Unexpected server response: 404
[00:38:42.558] [PAI SDK] WebSocket closed, reconnecting (1/3)...
[00:38:52.678] [Global WebSocket] Suppressed error to prevent crash: Unexpected server response: 404
[00:38:52.678] [PAI SDK] WebSocket closed, reconnecting (1/3)...
[00:39:02.859] [Global WebSocket] Suppressed error to prevent crash: Unexpected server response: 404
[00:39:02.860] [PAI SDK] WebSocket closed, reconnecting (1/3)...
[00:39:13.040] [Global WebSocket] Suppressed error to prevent crash: Unexpected server response: 404
[00:39:13.040] [PAI SDK] WebSocket closed, reconnecting (1/3)...
[00:39:23.194] [Global WebSocket] Suppressed error to prevent crash: Unexpected server response: 404
[00:39:23.196] [PAI SDK] WebSocket closed, reconnecting (1/3)...
[00:39:33.339] [Global WebSocket] Suppressed error to prevent crash: Unexpected server response: 404
[00:39:33.340] [PAI SDK] WebSocket closed, reconnecting (1/3)...
[00:39:43.542] [Global WebSocket] Suppressed error to prevent crash: Unexpected server response: 404
[00:39:43.558] [PAI SDK] WebSocket closed, reconnecting (1/3)...
[00:39:53.698] [Global WebSocket] Suppressed error to prevent crash: Unexpected server response: 404
[00:39:53.701] [PAI SDK] WebSocket closed, reconnecting (1/3)...
[00:40:03.901] [Global WebSocket] Suppressed error to prevent crash: Unexpected server response: 404
[00:40:03.903] [PAI SDK] WebSocket closed, reconnecting (1/3)...
[00:40:14.063] [Global WebSocket] Suppressed error to prevent crash: Unexpected server response: 404
[00:40:14.063] [PAI SDK] WebSocket closed, reconnecting (1/3)...
[00:40:24.195] [Global WebSocket] Suppressed error to prevent crash: Unexpected server response: 404
[00:40:24.196] [PAI SDK] WebSocket closed, reconnecting (1/3)...
[00:40:34.332] [Global WebSocket] Suppressed error to prevent crash: Unexpected server response: 404
[00:40:34.335] [PAI SDK] WebSocket closed, reconnecting (1/3)...
[00:40:44.471] [Global WebSocket] Suppressed error to prevent crash: Unexpected server response: 404
[00:40:44.474] [PAI SDK] WebSocket closed, reconnecting (1/3)...
[00:40:54.607] [Global WebSocket] Suppressed error to prevent crash: Unexpected server response: 404
[00:40:54.608] [PAI SDK] WebSocket closed, reconnecting (1/3)...
[00:41:04.749] [Global WebSocket] Suppressed error to prevent crash: Unexpected server response: 404
[00:41:04.750] [PAI SDK] WebSocket closed, reconnecting (1/3)...
[00:41:14.924] [Global WebSocket] Suppressed error to prevent crash: Unexpected server response: 404
[00:41:14.927] [PAI SDK] WebSocket closed, reconnecting (1/3)...
[00:41:25.083] [Global WebSocket] Suppressed error to prevent crash: Unexpected server response: 404
[00:41:25.084] [PAI SDK] WebSocket closed, reconnecting (1/3)...
[00:41:35.257] [Global WebSocket] Suppressed error to prevent crash: Unexpected server response: 404
[00:41:35.258] [PAI SDK] WebSocket closed, reconnecting (1/3)...
[00:41:45.404] [Global WebSocket] Suppressed error to prevent crash: Unexpected server response: 404
[00:41:45.404] [PAI SDK] WebSocket closed, reconnecting (1/3)...
[00:41:55.585] [Global WebSocket] Suppressed error to prevent crash: Unexpected server response: 404
[00:41:55.585] [PAI SDK] WebSocket closed, reconnecting (1/3)...
[00:42:05.723] [Global WebSocket] Suppressed error to prevent crash: Unexpected server response: 404
[00:42:05.724] [PAI SDK] WebSocket closed, reconnecting (1/3)...
[00:42:15.872] [Global WebSocket] Suppressed error to prevent crash: Unexpected server response: 404
[00:42:15.872] [PAI SDK] WebSocket closed, reconnecting (1/3)...
[00:42:26.019] [Global WebSocket] Suppressed error to prevent crash: Unexpected server response: 404
[00:42:26.020] [PAI SDK] WebSocket closed, reconnecting (1/3)...
[00:42:36.168] [Global WebSocket] Suppressed error to prevent crash: Unexpected server response: 404
[00:42:36.169] [PAI SDK] WebSocket closed, reconnecting (1/3)...
[00:42:46.325] [Global WebSocket] Suppressed error to prevent crash: Unexpected server response: 404
[00:42:46.325] [PAI SDK] WebSocket closed, reconnecting (1/3)...
[00:42:56.509] [Global WebSocket] Suppressed error to prevent crash: Unexpected server response: 404
[00:42:56.509] [PAI SDK] WebSocket closed, reconnecting (1/3)...
[00:43:06.650] [Global WebSocket] Suppressed error to prevent crash: Unexpected server response: 404
[00:43:06.652] [PAI SDK] WebSocket closed, reconnecting (1/3)...
[00:43:16.813] [Global WebSocket] Suppressed error to prevent crash: Unexpected server response: 404
[00:43:16.813] [PAI SDK] WebSocket closed, reconnecting (1/3)...
[00:43:26.954] [Global WebSocket] Suppressed error to prevent crash: Unexpected server response: 404
[00:43:26.954] [PAI SDK] WebSocket closed, reconnecting (1/3)...
[00:43:37.085] [Global WebSocket] Suppressed error to prevent crash: Unexpected server response: 404
[00:43:37.086] [PAI SDK] WebSocket closed, reconnecting (1/3)...
[00:43:47.247] [Global WebSocket] Suppressed error to prevent crash: Unexpected server response: 404
[00:43:47.247] [PAI SDK] WebSocket closed, reconnecting (1/3)...
[00:43:57.408] [Global WebSocket] Suppressed error to prevent crash: Unexpected server response: 404
[00:43:57.409] [PAI SDK] WebSocket closed, reconnecting (1/3)...
[00:44:07.546] [Global WebSocket] Suppressed error to prevent crash: Unexpected server response: 404
[00:44:07.547] [PAI SDK] WebSocket closed, reconnecting (1/3)...
[00:44:17.707] [Global WebSocket] Suppressed error to prevent crash: Unexpected server response: 404
[00:44:17.708] [PAI SDK] WebSocket closed, reconnecting (1/3)...
[00:44:27.840] [Global WebSocket] Suppressed error to prevent crash: Unexpected server response: 404
[00:44:27.841] [PAI SDK] WebSocket closed, reconnecting (1/3)...
[00:44:37.990] [Global WebSocket] Suppressed error to prevent crash: Unexpected server response: 404
[00:44:37.991] [PAI SDK] WebSocket closed, reconnecting (1/3)...
[00:44:48.142] [Global WebSocket] Suppressed error to prevent crash: Unexpected server response: 404
[00:44:48.142] [PAI SDK] WebSocket closed, reconnecting (1/3)...
[00:44:58.276] [Global WebSocket] Suppressed error to prevent crash: Unexpected server response: 404
[00:44:58.276] [PAI SDK] WebSocket closed, reconnecting (1/3)...
[00:45:08.407] [Global WebSocket] Suppressed error to prevent crash: Unexpected server response: 404
[00:45:08.408] [PAI SDK] WebSocket closed, reconnecting (1/3)...
[00:45:18.577] [Global WebSocket] Suppressed error to prevent crash: Unexpected server response: 404
[00:45:18.577] [PAI SDK] WebSocket closed, reconnecting (1/3)...
[00:45:28.714] [Global WebSocket] Suppressed error to prevent crash: Unexpected server response: 404
[00:45:28.715] [PAI SDK] WebSocket closed, reconnecting (1/3)...
[00:45:38.858] [Global WebSocket] Suppressed error to prevent crash: Unexpected server response: 404
[00:45:38.859] [PAI SDK] WebSocket closed, reconnecting (1/3)...
[00:45:49.006] [Global WebSocket] Suppressed error to prevent crash: Unexpected server response: 404
[00:45:49.007] [PAI SDK] WebSocket closed, reconnecting (1/3)...
[00:45:59.133] [Global WebSocket] Suppressed error to prevent crash: Unexpected server response: 404
[00:45:59.133] [PAI SDK] WebSocket closed, reconnecting (1/3)...
[00:46:09.275] [Global WebSocket] Suppressed error to prevent crash: Unexpected server response: 404
[00:46:09.276] [PAI SDK] WebSocket closed, reconnecting (1/3)...
[00:46:19.431] [Global WebSocket] Suppressed error to prevent crash: Unexpected server response: 404
[00:46:19.431] [PAI SDK] WebSocket closed, reconnecting (1/3)...
[00:46:29.574] [Global WebSocket] Suppressed error to prevent crash: Unexpected server response: 404
[00:46:29.575] [PAI SDK] WebSocket closed, reconnecting (1/3)...
[00:46:39.721] [Global WebSocket] Suppressed error to prevent crash: Unexpected server response: 404
[00:46:39.721] [PAI SDK] WebSocket closed, reconnecting (1/3)...
[00:46:49.868] [Global WebSocket] Suppressed error to prevent crash: Unexpected server response: 404
[00:46:49.869] [PAI SDK] WebSocket closed, reconnecting (1/3)...
[00:47:00.015] [Global WebSocket] Suppressed error to prevent crash: Unexpected server response: 404
[00:47:00.015] [PAI SDK] WebSocket closed, reconnecting (1/3)...
[00:47:10.165] [Global WebSocket] Suppressed error to prevent crash: Unexpected server response: 404
[00:47:10.165] [PAI SDK] WebSocket closed, reconnecting (1/3)...
[00:47:20.327] [Global WebSocket] Suppressed error to prevent crash: Unexpected server response: 404
[00:47:20.327] [PAI SDK] WebSocket closed, reconnecting (1/3)...
[00:47:30.467] [Global WebSocket] Suppressed error to prevent crash: Unexpected server response: 404
[00:47:30.467] [PAI SDK] WebSocket closed, reconnecting (1/3)...
[00:47:40.638] [Global WebSocket] Suppressed error to prevent crash: Unexpected server response: 404
[00:47:40.638] [PAI SDK] WebSocket closed, reconnecting (1/3)...
[00:47:50.777] [Global WebSocket] Suppressed error to prevent crash: Unexpected server response: 404
[00:47:50.778] [PAI SDK] WebSocket closed, reconnecting (1/3)...
[00:48:00.921] [Global WebSocket] Suppressed error to prevent crash: Unexpected server response: 404
[00:48:00.922] [PAI SDK] WebSocket closed, reconnecting (1/3)...
[00:48:11.060] [Global WebSocket] Suppressed error to prevent crash: Unexpected server response: 404
[00:48:11.061] [PAI SDK] WebSocket closed, reconnecting (1/3)...
[00:48:21.234] [Global WebSocket] Suppressed error to prevent crash: Unexpected server response: 404
[00:48:21.235] [PAI SDK] WebSocket closed, reconnecting (1/3)...
[00:48:31.382] [Global WebSocket] Suppressed error to prevent crash: Unexpected server response: 404
[00:48:31.382] [PAI SDK] WebSocket closed, reconnecting (1/3)...
[00:48:41.562] [Global WebSocket] Suppressed error to prevent crash: Unexpected server response: 404
[00:48:41.562] [PAI SDK] WebSocket closed, reconnecting (1/3)...
[00:48:51.705] [Global WebSocket] Suppressed error to prevent crash: Unexpected server response: 404
[00:48:51.706] [PAI SDK] WebSocket closed, reconnecting (1/3)...
[00:49:01.856] [Global WebSocket] Suppressed error to prevent crash: Unexpected server response: 404
[00:49:01.856] [PAI SDK] WebSocket closed, reconnecting (1/3)...
[00:49:11.992] [Global WebSocket] Suppressed error to prevent crash: Unexpected server response: 404
[00:49:11.992] [PAI SDK] WebSocket closed, reconnecting (1/3)...
[00:49:22.159] [Global WebSocket] Suppressed error to prevent crash: Unexpected server response: 404
[00:49:22.160] [PAI SDK] WebSocket closed, reconnecting (1/3)...
[00:49:32.297] [Global WebSocket] Suppressed error to prevent crash: Unexpected server response: 404
[00:49:32.298] [PAI SDK] WebSocket closed, reconnecting (1/3)...
[00:49:42.473] [Global WebSocket] Suppressed error to prevent crash: Unexpected server response: 404
[00:49:42.474] [PAI SDK] WebSocket closed, reconnecting (1/3)...
[00:49:52.612] [Global WebSocket] Suppressed error to prevent crash: Unexpected server response: 404
[00:49:52.612] [PAI SDK] WebSocket closed, reconnecting (1/3)...
[00:50:02.764] [Global WebSocket] Suppressed error to prevent crash: Unexpected server response: 404
[00:50:02.765] [PAI SDK] WebSocket closed, reconnecting (1/3)...
[00:50:12.918] [Global WebSocket] Suppressed error to prevent crash: Unexpected server response: 404
[00:50:12.919] [PAI SDK] WebSocket closed, reconnecting (1/3)...
[00:50:23.082] [Global WebSocket] Suppressed error to prevent crash: Unexpected server response: 404
[00:50:23.082] [PAI SDK] WebSocket closed, reconnecting (1/3)...
[00:50:33.221] [Global WebSocket] Suppressed error to prevent crash: Unexpected server response: 404
[00:50:33.221] [PAI SDK] WebSocket closed, reconnecting (1/3)...
[00:50:43.352] [Global WebSocket] Suppressed error to prevent crash: Unexpected server response: 404
[00:50:43.353] [PAI SDK] WebSocket closed, reconnecting (1/3)...
[00:50:53.493] [Global WebSocket] Suppressed error to prevent crash: Unexpected server response: 404
[00:50:53.494] [PAI SDK] WebSocket closed, reconnecting (1/3)...
[00:51:03.635] [Global WebSocket] Suppressed error to prevent crash: Unexpected server response: 404
[00:51:03.636] [PAI SDK] WebSocket closed, reconnecting (1/3)...
[00:51:13.764] [Global WebSocket] Suppressed error to prevent crash: Unexpected server response: 404
[00:51:13.765] [PAI SDK] WebSocket closed, reconnecting (1/3)...
[00:51:23.922] [Global WebSocket] Suppressed error to prevent crash: Unexpected server response: 404
[00:51:23.922] [PAI SDK] WebSocket closed, reconnecting (1/3)...
[00:51:34.049] [Global WebSocket] Suppressed error to prevent crash: Unexpected server response: 404
[00:51:34.050] [PAI SDK] WebSocket closed, reconnecting (1/3)...
[00:51:44.213] [Global WebSocket] Suppressed error to prevent crash: Unexpected server response: 404
[00:51:44.213] [PAI SDK] WebSocket closed, reconnecting (1/3)...
[00:51:54.360] [Global WebSocket] Suppressed error to prevent crash: Unexpected server response: 404
[00:51:54.360] [PAI SDK] WebSocket closed, reconnecting (1/3)...
[00:52:04.517] [Global WebSocket] Suppressed error to prevent crash: Unexpected server response: 404
[00:52:04.517] [PAI SDK] WebSocket closed, reconnecting (1/3)...
[00:52:14.658] [Global WebSocket] Suppressed error to prevent crash: Unexpected server response: 404
[00:52:14.658] [PAI SDK] WebSocket closed, reconnecting (1/3)...
[00:52:24.822] [Global WebSocket] Suppressed error to prevent crash: Unexpected server response: 404
[00:52:24.823] [PAI SDK] WebSocket closed, reconnecting (1/3)...
[00:52:34.982] [Global WebSocket] Suppressed error to prevent crash: Unexpected server response: 404
[00:52:34.982] [PAI SDK] WebSocket closed, reconnecting (1/3)...
[00:52:45.115] [Global WebSocket] Suppressed error to prevent crash: Unexpected server response: 404
[00:52:45.116] [PAI SDK] WebSocket closed, reconnecting (1/3)...
[00:52:55.372] [Global WebSocket] Suppressed error to prevent crash: Unexpected server response: 404
[00:52:55.373] [PAI SDK] WebSocket closed, reconnecting (1/3)...
[00:53:05.553] [Global WebSocket] Suppressed error to prevent crash: Unexpected server response: 404
[00:53:05.554] [PAI SDK] WebSocket closed, reconnecting (1/3)...
[00:53:15.762] [Global WebSocket] Suppressed error to prevent crash: Unexpected server response: 404
[00:53:15.762] [PAI SDK] WebSocket closed, reconnecting (1/3)...
[00:53:25.911] [Global WebSocket] Suppressed error to prevent crash: Unexpected server response: 404
[00:53:25.912] [PAI SDK] WebSocket closed, reconnecting (1/3)...
[00:53:36.148] [Global WebSocket] Suppressed error to prevent crash: Unexpected server response: 404
[00:53:36.148] [PAI SDK] WebSocket closed, reconnecting (1/3)...
[00:53:46.287] [Global WebSocket] Suppressed error to prevent crash: Unexpected server response: 404
[00:53:46.287] [PAI SDK] WebSocket closed, reconnecting (1/3)...
[00:53:56.464] [Global WebSocket] Suppressed error to prevent crash: Unexpected server response: 404
[00:53:56.464] [PAI SDK] WebSocket closed, reconnecting (1/3)...
[00:54:06.615] [Global WebSocket] Suppressed error to prevent crash: Unexpected server response: 404
[00:54:06.616] [PAI SDK] WebSocket closed, reconnecting (1/3)...
[00:54:16.749] [Global WebSocket] Suppressed error to prevent crash: Unexpected server response: 404
[00:54:16.750] [PAI SDK] WebSocket closed, reconnecting (1/3)...
[00:54:26.993] [Global WebSocket] Suppressed error to prevent crash: Unexpected server response: 404
[00:54:27.001] [PAI SDK] WebSocket closed, reconnecting (1/3)...
[00:54:37.137] [Global WebSocket] Suppressed error to prevent crash: Unexpected server response: 404
[00:54:37.139] [PAI SDK] WebSocket closed, reconnecting (1/3)...
[00:54:47.318] [Global WebSocket] Suppressed error to prevent crash: Unexpected server response: 404
[00:54:47.319] [PAI SDK] WebSocket closed, reconnecting (1/3)...
[00:54:57.474] [Global WebSocket] Suppressed error to prevent crash: Unexpected server response: 404
[00:54:57.475] [PAI SDK] WebSocket closed, reconnecting (1/3)...
[00:55:07.608] [Global WebSocket] Suppressed error to prevent crash: Unexpected server response: 404
[00:55:07.608] [PAI SDK] WebSocket closed, reconnecting (1/3)...
[00:55:11.211] Heartbeat timeout.
[00:55:11.219] Shutting down...
[00:55:11.232] Stopping Cloud Dev...
