#
# There is insufficient memory for the Java Runtime Environment to continue.
# Native memory allocation (malloc) failed to allocate 1222736 bytes. Error detail: Chunk::new
# Possible reasons:
#   The system is out of physical RAM or swap space
#   This process is running with CompressedOops enabled, and the Java Heap may be blocking the growth of the native heap
# Possible solutions:
#   Reduce memory load on the system
#   Increase physical memory or swap space
#   Check if swap backing store is full
#   Decrease Java heap size (-Xmx/-Xms)
#   Decrease number of Java threads
#   Decrease Java thread stack sizes (-Xss)
#   Set larger code cache with -XX:ReservedCodeCacheSize=
#   JVM is running with Unscaled Compressed Oops mode in which the Java heap is
#     placed in the first 4GB address space. The Java Heap base address is the
#     maximum limit for the native heap growth. Please use -XX:HeapBaseMinAddress
#     to set the Java Heap base and to place the Java Heap above 4GB virtual address.
# This output file may be truncated or incomplete.
#
#  Out of Memory Error (arena.cpp:168), pid=26804, tid=24808
#
# JRE version: OpenJDK Runtime Environment Temurin-21.0.10+7 (21.0.10+7) (build 21.0.10+7-LTS)
# Java VM: OpenJDK 64-Bit Server VM Temurin-21.0.10+7 (21.0.10+7-LTS, mixed mode, sharing, tiered, compressed oops, compressed class ptrs, parallel gc, windows-amd64)
# No core dump will be written. Minidumps are not enabled by default on client versions of Windows
#

---------------  S U M M A R Y ------------

Command Line: --add-modules=ALL-SYSTEM --add-opens=java.base/java.util=ALL-UNNAMED --add-opens=java.base/java.lang=ALL-UNNAMED --add-opens=java.base/sun.nio.fs=ALL-UNNAMED -Declipse.application=org.eclipse.jdt.ls.core.id1 -Dosgi.bundles.defaultStartLevel=4 -Declipse.product=org.eclipse.jdt.ls.core.product -Djava.import.generatesMetadataFilesAtProjectRoot=false -DDetectVMInstallationsJob.disabled=true -Dfile.encoding=utf8 -XX:+UseParallelGC -XX:GCTimeRatio=4 -XX:AdaptiveSizePolicyWeight=90 -Dsun.zip.disableMemoryMapping=true -Xmx2G -Xms100m -Xlog:disable -javaagent:c:\Users\ZXJ\.trae-cn\extensions\redhat.java-1.54.0-win32-x64\lombok\lombok-1.18.39-4050.jar -XX:+HeapDumpOnOutOfMemoryError -XX:HeapDumpPath=c:\Users\ZXJ\AppData\Roaming\Trae CN\User\workspaceStorage\3dfe05e9420bafa605ddcbd53026ed33\redhat.java -Daether.dependencyCollector.impl=bf c:\Users\ZXJ\.trae-cn\extensions\redhat.java-1.54.0-win32-x64\server\plugins\org.eclipse.equinox.launcher_1.7.100.v20251111-0406.jar -configuration c:\Users\ZXJ\AppData\Roaming\Trae CN\User\globalStorage\redhat.java\1.54.0\config_win -data c:\Users\ZXJ\AppData\Roaming\Trae CN\User\workspaceStorage\3dfe05e9420bafa605ddcbd53026ed33\redhat.java\jdt_ws --pipe=\\.\pipe\lsp-8000bf4b191bf4884b0134f482afe22d-sock

Host: AMD Ryzen 7 4700U with Radeon Graphics         , 8 cores, 15G,  Windows 11 , 64 bit Build 26100 (10.0.26100.6725)
Time: Sun May 31 11:07:53 2026 elapsed time: 29.757254 seconds (0d 0h 0m 29s)

---------------  T H R E A D  ---------------

Current thread (0x000002520a761650):  JavaThread "C2 CompilerThread1" daemon [_thread_in_native, id=24808, stack(0x000000f086900000,0x000000f086a00000) (1024K)]


Current CompileTask:
C2:29757 14196       4       org.eclipse.jdt.internal.compiler.lookup.AnnotatableTypeSystem::getParameterizedType (123 bytes)

Stack: [0x000000f086900000,0x000000f086a00000]
Native frames: (J=compiled Java code, j=interpreted, Vv=VM code, C=native code)
V  [jvm.dll+0x6d7a39]
V  [jvm.dll+0x8b4b26]
V  [jvm.dll+0x8b70de]
V  [jvm.dll+0x8b77c3]
V  [jvm.dll+0x284346]
V  [jvm.dll+0xc66ed]
V  [jvm.dll+0xc6c31]
V  [jvm.dll+0x3bec01]
V  [jvm.dll+0x38b162]
V  [jvm.dll+0x38a5aa]
V  [jvm.dll+0x24c560]
V  [jvm.dll+0x24bb40]
V  [jvm.dll+0x1cb34e]
V  [jvm.dll+0x25b85d]
V  [jvm.dll+0x259dea]
V  [jvm.dll+0x3f857e]
V  [jvm.dll+0x85f59d]
V  [jvm.dll+0x6d626d]
C  [ucrtbase.dll+0x37b0]
C  [KERNEL32.DLL+0x2e8d7]
C  [ntdll.dll+0x8c53c]


---------------  P R O C E S S  ---------------

Threads class SMR info:
_java_thread_list=0x00000252089332a0, length=48, elements={
0x00000251a80ea440, 0x00000251c0fdfb10, 0x00000251c0fe0880, 0x0000025203985da0,
0x0000025203986800, 0x0000025203989270, 0x0000025203989cd0, 0x000002520398e430,
0x00000251c0fed790, 0x0000025203b73340, 0x0000025203b60a10, 0x00000252088700a0,
0x00000252087f58e0, 0x00000252087c5ea0, 0x00000252085bdfb0, 0x0000025208de95c0,
0x00000252091d2f50, 0x0000025209111650, 0x0000025208ac1080, 0x0000025208abe290,
0x0000025208abdc00, 0x0000025208ac0360, 0x0000025208abf640, 0x0000025208ac09f0,
0x0000025208abfcd0, 0x0000025208abefb0, 0x000002520a92f690, 0x000002520a92fd20,
0x000002520a92dc50, 0x000002520a930a40, 0x000002520a9310d0, 0x000002520a931760,
0x000002520a92e2e0, 0x000002520a9303b0, 0x000002520a92e970, 0x000002520a931df0,
0x000002520a932480, 0x000002520a92f000, 0x0000025208658190, 0x0000025208657470,
0x0000025208659540, 0x000002520865a260, 0x0000025208656de0, 0x000002520865bca0,
0x0000025208658eb0, 0x000002520865a8f0, 0x000002520a761650, 0x000002520a75dfd0
}

Java Threads: ( => current thread )
  0x00000251a80ea440 JavaThread "main"                              [_thread_blocked, id=20432, stack(0x000000f084e00000,0x000000f084f00000) (1024K)]
  0x00000251c0fdfb10 JavaThread "Reference Handler"          daemon [_thread_blocked, id=29548, stack(0x000000f085200000,0x000000f085300000) (1024K)]
  0x00000251c0fe0880 JavaThread "Finalizer"                  daemon [_thread_blocked, id=12528, stack(0x000000f085300000,0x000000f085400000) (1024K)]
  0x0000025203985da0 JavaThread "Signal Dispatcher"          daemon [_thread_blocked, id=28696, stack(0x000000f085400000,0x000000f085500000) (1024K)]
  0x0000025203986800 JavaThread "Attach Listener"            daemon [_thread_blocked, id=24232, stack(0x000000f085500000,0x000000f085600000) (1024K)]
  0x0000025203989270 JavaThread "Service Thread"             daemon [_thread_blocked, id=4464, stack(0x000000f085600000,0x000000f085700000) (1024K)]
  0x0000025203989cd0 JavaThread "Monitor Deflation Thread"   daemon [_thread_blocked, id=25696, stack(0x000000f085700000,0x000000f085800000) (1024K)]
  0x000002520398e430 JavaThread "C2 CompilerThread0"         daemon [_thread_in_native, id=24580, stack(0x000000f085800000,0x000000f085900000) (1024K)]
  0x00000251c0fed790 JavaThread "C1 CompilerThread0"         daemon [_thread_in_native, id=6400, stack(0x000000f085900000,0x000000f085a00000) (1024K)]
  0x0000025203b73340 JavaThread "Common-Cleaner"             daemon [_thread_blocked, id=18120, stack(0x000000f085a00000,0x000000f085b00000) (1024K)]
  0x0000025203b60a10 JavaThread "Notification Thread"        daemon [_thread_blocked, id=17748, stack(0x000000f085b00000,0x000000f085c00000) (1024K)]
  0x00000252088700a0 JavaThread "Active Thread: Equinox Container: ab6b0ae6-4c5a-4feb-afa2-e73581c708fa"        [_thread_blocked, id=26012, stack(0x000000f086400000,0x000000f086500000) (1024K)]
  0x00000252087f58e0 JavaThread "Refresh Thread: Equinox Container: ab6b0ae6-4c5a-4feb-afa2-e73581c708fa" daemon [_thread_blocked, id=9260, stack(0x000000f086300000,0x000000f086400000) (1024K)]
  0x00000252087c5ea0 JavaThread "Framework Event Dispatcher: Equinox Container: ab6b0ae6-4c5a-4feb-afa2-e73581c708fa" daemon [_thread_blocked, id=8296, stack(0x000000f086600000,0x000000f086700000) (1024K)]
  0x00000252085bdfb0 JavaThread "Start Level: Equinox Container: ab6b0ae6-4c5a-4feb-afa2-e73581c708fa" daemon [_thread_blocked, id=17304, stack(0x000000f086700000,0x000000f086800000) (1024K)]
  0x0000025208de95c0 JavaThread "Bundle File Closer"         daemon [_thread_blocked, id=29884, stack(0x000000f086800000,0x000000f086900000) (1024K)]
  0x00000252091d2f50 JavaThread "SCR Component Actor"        daemon [_thread_blocked, id=26600, stack(0x000000f085c00000,0x000000f085d00000) (1024K)]
  0x0000025209111650 JavaThread "Worker-JM"                         [_thread_blocked, id=29128, stack(0x000000f086b00000,0x000000f086c00000) (1024K)]
  0x0000025208ac1080 JavaThread "JNA Cleaner"                daemon [_thread_blocked, id=11572, stack(0x000000f086a00000,0x000000f086b00000) (1024K)]
  0x0000025208abe290 JavaThread "Worker-0"                          [_thread_blocked, id=28664, stack(0x000000f086c00000,0x000000f086d00000) (1024K)]
  0x0000025208abdc00 JavaThread "Worker-1"                          [_thread_blocked, id=20796, stack(0x000000f086d00000,0x000000f086e00000) (1024K)]
  0x0000025208ac0360 JavaThread "Worker-2"                          [_thread_blocked, id=12780, stack(0x000000f086e00000,0x000000f086f00000) (1024K)]
  0x0000025208abf640 JavaThread "Java indexing"              daemon [_thread_blocked, id=5020, stack(0x000000f087000000,0x000000f087100000) (1024K)]
  0x0000025208ac09f0 JavaThread "Worker-3"                          [_thread_blocked, id=21276, stack(0x000000f087100000,0x000000f087200000) (1024K)]
  0x0000025208abfcd0 JavaThread "Worker-4"                          [_thread_blocked, id=30048, stack(0x000000f087200000,0x000000f087300000) (1024K)]
  0x0000025208abefb0 JavaThread "Worker-5: Publish Diagnostics"        [_thread_in_Java, id=21304, stack(0x000000f087600000,0x000000f087700000) (1024K)]
  0x000002520a92f690 JavaThread "Thread-1"                   daemon [_thread_in_native, id=25484, stack(0x000000f087700000,0x000000f087800000) (1024K)]
  0x000002520a92fd20 JavaThread "Thread-2"                   daemon [_thread_in_native, id=2404, stack(0x000000f087800000,0x000000f087900000) (1024K)]
  0x000002520a92dc50 JavaThread "Thread-3"                   daemon [_thread_in_native, id=25660, stack(0x000000f087900000,0x000000f087a00000) (1024K)]
  0x000002520a930a40 JavaThread "Thread-4"                   daemon [_thread_in_native, id=10016, stack(0x000000f087a00000,0x000000f087b00000) (1024K)]
  0x000002520a9310d0 JavaThread "Thread-5"                   daemon [_thread_in_native, id=21084, stack(0x000000f087b00000,0x000000f087c00000) (1024K)]
  0x000002520a931760 JavaThread "Thread-6"                   daemon [_thread_in_native, id=20296, stack(0x000000f087c00000,0x000000f087d00000) (1024K)]
  0x000002520a92e2e0 JavaThread "Thread-7"                   daemon [_thread_in_native, id=1968, stack(0x000000f087d00000,0x000000f087e00000) (1024K)]
  0x000002520a9303b0 JavaThread "Thread-8"                   daemon [_thread_in_native, id=22936, stack(0x000000f087e00000,0x000000f087f00000) (1024K)]
  0x000002520a92e970 JavaThread "Thread-9"                   daemon [_thread_in_native, id=18376, stack(0x000000f087f00000,0x000000f088000000) (1024K)]
  0x000002520a931df0 JavaThread "pool-2-thread-1"                   [_thread_blocked, id=15332, stack(0x000000f088000000,0x000000f088100000) (1024K)]
  0x000002520a932480 JavaThread "WorkspaceEventsHandler"            [_thread_blocked, id=26260, stack(0x000000f088100000,0x000000f088200000) (1024K)]
  0x000002520a92f000 JavaThread "pool-1-thread-1"                   [_thread_blocked, id=25972, stack(0x000000f088200000,0x000000f088300000) (1024K)]
  0x0000025208658190 JavaThread "Worker-6"                          [_thread_blocked, id=6824, stack(0x000000f086f00000,0x000000f087000000) (1024K)]
  0x0000025208657470 JavaThread "ForkJoinPool.commonPool-worker-1" daemon [_thread_blocked, id=13448, stack(0x000000f088400000,0x000000f088500000) (1024K)]
  0x0000025208659540 JavaThread "ForkJoinPool.commonPool-worker-2" daemon [_thread_blocked, id=21860, stack(0x000000f088500000,0x000000f088600000) (1024K)]
  0x000002520865a260 JavaThread "ForkJoinPool.commonPool-worker-3" daemon [_thread_blocked, id=3412, stack(0x000000f088600000,0x000000f088700000) (1024K)]
  0x0000025208656de0 JavaThread "ForkJoinPool.commonPool-worker-4" daemon [_thread_blocked, id=9636, stack(0x000000f088700000,0x000000f088800000) (1024K)]
  0x000002520865bca0 JavaThread "ForkJoinPool.commonPool-worker-5" daemon [_thread_blocked, id=28796, stack(0x000000f088800000,0x000000f088900000) (1024K)]
  0x0000025208658eb0 JavaThread "ForkJoinPool.commonPool-worker-6" daemon [_thread_blocked, id=24068, stack(0x000000f088900000,0x000000f088a00000) (1024K)]
  0x000002520865a8f0 JavaThread "ForkJoinPool.commonPool-worker-7" daemon [_thread_blocked, id=24172, stack(0x000000f088a00000,0x000000f088b00000) (1024K)]
=>0x000002520a761650 JavaThread "C2 CompilerThread1"         daemon [_thread_in_native, id=24808, stack(0x000000f086900000,0x000000f086a00000) (1024K)]
  0x000002520a75dfd0 JavaThread "C2 CompilerThread2"         daemon [_thread_in_native, id=8372, stack(0x000000f088300000,0x000000f088400000) (1024K)]
Total: 48

Other Threads:
  0x00000251a9c7fbb0 VMThread "VM Thread"                           [id=12380, stack(0x000000f085100000,0x000000f085200000) (1024K)]
  0x00000251c0ecca00 WatcherThread "VM Periodic Task Thread"        [id=5144, stack(0x000000f085000000,0x000000f085100000) (1024K)]
  0x00000251a9c18480 WorkerThread "GC Thread#0"                     [id=12668, stack(0x000000f084f00000,0x000000f085000000) (1024K)]
  0x00000252080c3260 WorkerThread "GC Thread#1"                     [id=6132, stack(0x000000f085d00000,0x000000f085e00000) (1024K)]
  0x0000025203d40b70 WorkerThread "GC Thread#2"                     [id=6488, stack(0x000000f085e00000,0x000000f085f00000) (1024K)]
  0x0000025203d40f20 WorkerThread "GC Thread#3"                     [id=26496, stack(0x000000f085f00000,0x000000f086000000) (1024K)]
  0x00000252086744d0 WorkerThread "GC Thread#4"                     [id=19588, stack(0x000000f086000000,0x000000f086100000) (1024K)]
  0x0000025208674880 WorkerThread "GC Thread#5"                     [id=27560, stack(0x000000f086100000,0x000000f086200000) (1024K)]
  0x0000025208674c30 WorkerThread "GC Thread#6"                     [id=17932, stack(0x000000f086200000,0x000000f086300000) (1024K)]
  0x00000252087f4e40 WorkerThread "GC Thread#7"                     [id=21744, stack(0x000000f086500000,0x000000f086600000) (1024K)]
Total: 10

Threads with active compile tasks:
C2 CompilerThread0  29862 14333       4       org.eclipse.jdt.internal.compiler.lookup.AnnotatableTypeSystem::getParameterizedType (11 bytes)
C1 CompilerThread0  29862 14342       3       org.eclipse.jdt.internal.compiler.ClassFile::traverse (7238 bytes)
C2 CompilerThread1  29862 14196       4       org.eclipse.jdt.internal.compiler.lookup.AnnotatableTypeSystem::getParameterizedType (123 bytes)
C2 CompilerThread2  29862 14102       4       org.eclipse.jdt.internal.compiler.lookup.LookupEnvironment::getTypeFromTypeSignature (770 bytes)
Total: 4

VM state: not at safepoint (normal execution)

VM Mutex/Monitor currently owned by a thread: None

Heap address: 0x0000000080000000, size: 2048 MB, Compressed Oops mode: 32-bit

CDS archive(s) mapped at: [0x00000251c1000000-0x00000251c1ba0000-0x00000251c1ba0000), size 12189696, SharedBaseAddress: 0x00000251c1000000, ArchiveRelocationMode: 1.
Compressed class space mapped at: 0x00000251c2000000-0x0000025202000000, reserved size: 1073741824
Narrow klass base: 0x00000251c1000000, Narrow klass shift: 0, Narrow klass range: 0x100000000

GC Precious Log:
 CardTable entry size: 512
 CPUs: 8 total, 8 available
 Memory: 15792M
 Large Page Support: Disabled
 NUMA Support: Disabled
 Compressed Oops: Enabled (32-bit)
 Alignments: Space 512K, Generation 512K, Heap 2M
 Heap Min Capacity: 100M
 Heap Initial Capacity: 100M
 Heap Max Capacity: 2G
 Pre-touch: Disabled
 Parallel Workers: 8

Heap:
 PSYoungGen      total 4096K, used 2795K [0x00000000d5580000, 0x00000000d5a80000, 0x0000000100000000)
  eden space 3584K, 64% used [0x00000000d5580000,0x00000000d57bdc50,0x00000000d5900000)
  from space 512K, 97% used [0x00000000d5980000,0x00000000d59fd200,0x00000000d5a00000)
  to   space 512K, 0% used [0x00000000d5a00000,0x00000000d5a00000,0x00000000d5a80000)
 ParOldGen       total 142848K, used 142446K [0x0000000080000000, 0x0000000088b80000, 0x00000000d5580000)
  object space 142848K, 99% used [0x0000000080000000,0x0000000088b1bbf8,0x0000000088b80000)
 Metaspace       used 68133K, committed 69696K, reserved 1114112K
  class space    used 7033K, committed 7744K, reserved 1048576K

Card table byte_map: [0x00000251bc330000,0x00000251bc740000] _byte_map_base: 0x00000251bbf30000

Marking Bits: (ParMarkBitMap*) 0x00007ff8cb9c3450
 Begin Bits: [0x00000251bc9f0000, 0x00000251be9f0000)
 End Bits:   [0x00000251be9f0000, 0x00000251c09f0000)

Polling page: 0x00000251a8430000

Metaspace:

Usage:
  Non-class:     59.67 MB used.
      Class:      6.87 MB used.
       Both:     66.54 MB used.

Virtual space:
  Non-class space:       64.00 MB reserved,      60.50 MB ( 95%) committed,  1 nodes.
      Class space:        1.00 GB reserved,       7.56 MB ( <1%) committed,  1 nodes.
             Both:        1.06 GB reserved,      68.06 MB (  6%) committed. 

Chunk freelists:
   Non-Class:  3.33 MB
       Class:  8.41 MB
        Both:  11.75 MB

MaxMetaspaceSize: unlimited
CompressedClassSpaceSize: 1.00 GB
Initial GC threshold: 21.00 MB
Current GC threshold: 97.31 MB
CDS: on
 - commit_granule_bytes: 65536.
 - commit_granule_words: 8192.
 - virtual_space_node_default_size: 8388608.
 - enlarge_chunks_in_place: 1.
 - use_allocation_guard: 0.


Internal statistics:

num_allocs_failed_limit: 11.
num_arena_births: 1382.
num_arena_deaths: 22.
num_vsnodes_births: 2.
num_vsnodes_deaths: 0.
num_space_committed: 1088.
num_space_uncommitted: 0.
num_chunks_returned_to_freelist: 35.
num_chunks_taken_from_freelist: 4831.
num_chunk_merges: 16.
num_chunk_splits: 2868.
num_chunks_enlarged: 1456.
num_inconsistent_stats: 0.

CodeHeap 'non-profiled nmethods': size=120000Kb used=10883Kb max_used=10883Kb free=109116Kb
 bounds [0x00000251b4c20000, 0x00000251b56d0000, 0x00000251bc150000]
CodeHeap 'profiled nmethods': size=120000Kb used=33277Kb max_used=33277Kb free=86722Kb
 bounds [0x00000251ad150000, 0x00000251af1d0000, 0x00000251b4680000]
CodeHeap 'non-nmethods': size=5760Kb used=1441Kb max_used=1560Kb free=4318Kb
 bounds [0x00000251b4680000, 0x00000251b48f0000, 0x00000251b4c20000]
CodeCache: size=245760Kb, used=45601Kb, max_used=45720Kb, free=200156Kb
 total_blobs=14301, nmethods=13544, adapters=661, full_count=0
Compilation: enabled, stopped_count=0, restarted_count=0

Compilation events (20 events):
Event: 29.726 Thread 0x00000251c0fed790 14318       3       org.eclipse.jdt.internal.compiler.ast.SingleNameReference::manageSyntheticAccessIfNecessary (175 bytes)
Event: 29.727 Thread 0x00000251c0fed790 nmethod 14318 0x00000251af1b8610 code [0x00000251af1b8980, 0x00000251af1ba600]
Event: 29.731 Thread 0x00000251c0fed790 14319       3       org.eclipse.jdt.internal.compiler.ast.Expression::checkNPE (141 bytes)
Event: 29.732 Thread 0x00000251c0fed790 nmethod 14319 0x00000251af1bae10 code [0x00000251af1bb080, 0x00000251af1bbac0]
Event: 29.733 Thread 0x00000251c0fed790 14320       3       org.eclipse.jdt.internal.compiler.lookup.AnnotatableTypeSystem::getRawType (220 bytes)
Event: 29.735 Thread 0x00000251c0fed790 nmethod 14320 0x00000251af1bbd90 code [0x00000251af1bc0c0, 0x00000251af1bd590]
Event: 29.736 Thread 0x00000251c0fed790 14321       1       org.eclipse.jdt.internal.compiler.lookup.ProblemReferenceBinding::closestMatch (5 bytes)
Event: 29.737 Thread 0x00000251c0fed790 nmethod 14321 0x00000251b56bb290 code [0x00000251b56bb420, 0x00000251b56bb4e8]
Event: 29.737 Thread 0x00000251c0fed790 14322       3       org.eclipse.jdt.internal.core.CompilationUnit::<init> (16 bytes)
Event: 29.738 Thread 0x00000251c0fed790 nmethod 14322 0x00000251af1bdc10 code [0x00000251af1bdde0, 0x00000251af1be1b8]
Event: 29.739 Thread 0x00000251c0fed790 14323       3       org.eclipse.jdt.internal.core.JavaProject::getPackageFragmentRoot (98 bytes)
Event: 29.740 Thread 0x00000251c0fed790 nmethod 14323 0x00000251af1be390 code [0x00000251af1be640, 0x00000251af1bf600]
Event: 29.744 Thread 0x00000251c0fed790 14324       3       org.eclipse.jface.text.CopyOnWriteTextStore::getLength (10 bytes)
Event: 29.744 Thread 0x00000251c0fed790 nmethod 14324 0x00000251af1bfb10 code [0x00000251af1bfcc0, 0x00000251af1bfe98]
Event: 29.744 Thread 0x00000251c0fed790 14325       3       org.eclipse.jface.text.CopyOnWriteTextStore$StringTextStore::getLength (8 bytes)
Event: 29.744 Thread 0x00000251c0fed790 nmethod 14325 0x00000251af1bff90 code [0x00000251af1c0140, 0x00000251af1c0348]
Event: 29.744 Thread 0x00000251c0fed790 14326       3       org.eclipse.jdt.internal.compiler.ast.TypeDeclaration::addClinit (100 bytes)
Event: 29.745 Thread 0x00000251c0fed790 nmethod 14326 0x00000251af1c0490 code [0x00000251af1c06a0, 0x00000251af1c0e10]
Event: 29.748 Thread 0x00000251c0fed790 14328       3       org.eclipse.jdt.internal.compiler.lookup.LookupEnvironment::completeTypeBindings (135 bytes)
Event: 29.749 Thread 0x00000251c0fed790 nmethod 14328 0x00000251af1c1090 code [0x00000251af1c12c0, 0x00000251af1c1a58]

GC Heap History (20 events):
Event: 29.511 GC heap before
{Heap before GC invocations=251 (full 3):
 PSYoungGen      total 4608K, used 4048K [0x00000000d5580000, 0x00000000d5b00000, 0x0000000100000000)
  eden space 3584K, 100% used [0x00000000d5580000,0x00000000d5900000,0x00000000d5900000)
  from space 1024K, 45% used [0x00000000d5900000,0x00000000d5974010,0x00000000d5a00000)
  to   space 1024K, 0% used [0x00000000d5a00000,0x00000000d5a00000,0x00000000d5b00000)
 ParOldGen       total 136192K, used 136068K [0x0000000080000000, 0x0000000088500000, 0x00000000d5580000)
  object space 136192K, 99% used [0x0000000080000000,0x00000000884e10b8,0x0000000088500000)
 Metaspace       used 68046K, committed 69632K, reserved 1114112K
  class space    used 7033K, committed 7744K, reserved 1048576K
}
Event: 29.513 GC heap after
{Heap after GC invocations=251 (full 3):
 PSYoungGen      total 4608K, used 640K [0x00000000d5580000, 0x00000000d5b00000, 0x0000000100000000)
  eden space 3584K, 0% used [0x00000000d5580000,0x00000000d5580000,0x00000000d5900000)
  from space 1024K, 62% used [0x00000000d5a00000,0x00000000d5aa0000,0x00000000d5b00000)
  to   space 1024K, 0% used [0x00000000d5900000,0x00000000d5900000,0x00000000d5a00000)
 ParOldGen       total 136704K, used 136484K [0x0000000080000000, 0x0000000088580000, 0x00000000d5580000)
  object space 136704K, 99% used [0x0000000080000000,0x00000000885490d8,0x0000000088580000)
 Metaspace       used 68046K, committed 69632K, reserved 1114112K
  class space    used 7033K, committed 7744K, reserved 1048576K
}
Event: 29.536 GC heap before
{Heap before GC invocations=252 (full 3):
 PSYoungGen      total 4608K, used 4224K [0x00000000d5580000, 0x00000000d5b00000, 0x0000000100000000)
  eden space 3584K, 100% used [0x00000000d5580000,0x00000000d5900000,0x00000000d5900000)
  from space 1024K, 62% used [0x00000000d5a00000,0x00000000d5aa0000,0x00000000d5b00000)
  to   space 1024K, 0% used [0x00000000d5900000,0x00000000d5900000,0x00000000d5a00000)
 ParOldGen       total 136704K, used 136484K [0x0000000080000000, 0x0000000088580000, 0x00000000d5580000)
  object space 136704K, 99% used [0x0000000080000000,0x00000000885490d8,0x0000000088580000)
 Metaspace       used 68050K, committed 69632K, reserved 1114112K
  class space    used 7033K, committed 7744K, reserved 1048576K
}
Event: 29.540 GC heap after
{Heap after GC invocations=252 (full 3):
 PSYoungGen      total 4608K, used 692K [0x00000000d5580000, 0x00000000d5b00000, 0x0000000100000000)
  eden space 3584K, 0% used [0x00000000d5580000,0x00000000d5580000,0x00000000d5900000)
  from space 1024K, 67% used [0x00000000d5900000,0x00000000d59ad200,0x00000000d5a00000)
  to   space 1024K, 0% used [0x00000000d5a00000,0x00000000d5a00000,0x00000000d5b00000)
 ParOldGen       total 137216K, used 137087K [0x0000000080000000, 0x0000000088600000, 0x00000000d5580000)
  object space 137216K, 99% used [0x0000000080000000,0x00000000885dfc68,0x0000000088600000)
 Metaspace       used 68050K, committed 69632K, reserved 1114112K
  class space    used 7033K, committed 7744K, reserved 1048576K
}
Event: 29.558 GC heap before
{Heap before GC invocations=253 (full 3):
 PSYoungGen      total 4608K, used 4276K [0x00000000d5580000, 0x00000000d5b00000, 0x0000000100000000)
  eden space 3584K, 100% used [0x00000000d5580000,0x00000000d5900000,0x00000000d5900000)
  from space 1024K, 67% used [0x00000000d5900000,0x00000000d59ad200,0x00000000d5a00000)
  to   space 1024K, 0% used [0x00000000d5a00000,0x00000000d5a00000,0x00000000d5b00000)
 ParOldGen       total 137216K, used 137087K [0x0000000080000000, 0x0000000088600000, 0x00000000d5580000)
  object space 137216K, 99% used [0x0000000080000000,0x00000000885dfc68,0x0000000088600000)
 Metaspace       used 68052K, committed 69632K, reserved 1114112K
  class space    used 7033K, committed 7744K, reserved 1048576K
}
Event: 29.560 GC heap after
{Heap after GC invocations=253 (full 3):
 PSYoungGen      total 4096K, used 384K [0x00000000d5580000, 0x00000000d5a80000, 0x0000000100000000)
  eden space 3584K, 0% used [0x00000000d5580000,0x00000000d5580000,0x00000000d5900000)
  from space 512K, 75% used [0x00000000d5a00000,0x00000000d5a60000,0x00000000d5a80000)
  to   space 512K, 0% used [0x00000000d5980000,0x00000000d5980000,0x00000000d5a00000)
 ParOldGen       total 137728K, used 137660K [0x0000000080000000, 0x0000000088680000, 0x00000000d5580000)
  object space 137728K, 99% used [0x0000000080000000,0x000000008866f300,0x0000000088680000)
 Metaspace       used 68052K, committed 69632K, reserved 1114112K
  class space    used 7033K, committed 7744K, reserved 1048576K
}
Event: 29.581 GC heap before
{Heap before GC invocations=254 (full 3):
 PSYoungGen      total 4096K, used 3968K [0x00000000d5580000, 0x00000000d5a80000, 0x0000000100000000)
  eden space 3584K, 100% used [0x00000000d5580000,0x00000000d5900000,0x00000000d5900000)
  from space 512K, 75% used [0x00000000d5a00000,0x00000000d5a60000,0x00000000d5a80000)
  to   space 512K, 0% used [0x00000000d5980000,0x00000000d5980000,0x00000000d5a00000)
 ParOldGen       total 137728K, used 137660K [0x0000000080000000, 0x0000000088680000, 0x00000000d5580000)
  object space 137728K, 99% used [0x0000000080000000,0x000000008866f300,0x0000000088680000)
 Metaspace       used 68059K, committed 69632K, reserved 1114112K
  class space    used 7033K, committed 7744K, reserved 1048576K
}
Event: 29.584 GC heap after
{Heap after GC invocations=254 (full 3):
 PSYoungGen      total 4096K, used 500K [0x00000000d5580000, 0x00000000d5b00000, 0x0000000100000000)
  eden space 3584K, 0% used [0x00000000d5580000,0x00000000d5580000,0x00000000d5900000)
  from space 512K, 97% used [0x00000000d5980000,0x00000000d59fd200,0x00000000d5a00000)
  to   space 1024K, 0% used [0x00000000d5a00000,0x00000000d5a00000,0x00000000d5b00000)
 ParOldGen       total 138240K, used 138076K [0x0000000080000000, 0x0000000088700000, 0x00000000d5580000)
  object space 138240K, 99% used [0x0000000080000000,0x00000000886d7330,0x0000000088700000)
 Metaspace       used 68059K, committed 69632K, reserved 1114112K
  class space    used 7033K, committed 7744K, reserved 1048576K
}
Event: 29.595 GC heap before
{Heap before GC invocations=255 (full 3):
 PSYoungGen      total 4096K, used 4084K [0x00000000d5580000, 0x00000000d5b00000, 0x0000000100000000)
  eden space 3584K, 100% used [0x00000000d5580000,0x00000000d5900000,0x00000000d5900000)
  from space 512K, 97% used [0x00000000d5980000,0x00000000d59fd200,0x00000000d5a00000)
  to   space 1024K, 0% used [0x00000000d5a00000,0x00000000d5a00000,0x00000000d5b00000)
 ParOldGen       total 138240K, used 138076K [0x0000000080000000, 0x0000000088700000, 0x00000000d5580000)
  object space 138240K, 99% used [0x0000000080000000,0x00000000886d7330,0x0000000088700000)
 Metaspace       used 68064K, committed 69632K, reserved 1114112K
  class space    used 7033K, committed 7744K, reserved 1048576K
}
Event: 29.597 GC heap after
{Heap after GC invocations=255 (full 3):
 PSYoungGen      total 4608K, used 464K [0x00000000d5580000, 0x00000000d5b00000, 0x0000000100000000)
  eden space 3584K, 0% used [0x00000000d5580000,0x00000000d5580000,0x00000000d5900000)
  from space 1024K, 45% used [0x00000000d5a00000,0x00000000d5a74010,0x00000000d5b00000)
  to   space 1024K, 0% used [0x00000000d5900000,0x00000000d5900000,0x00000000d5a00000)
 ParOldGen       total 138752K, used 138601K [0x0000000080000000, 0x0000000088780000, 0x00000000d5580000)
  object space 138752K, 99% used [0x0000000080000000,0x000000008875a530,0x0000000088780000)
 Metaspace       used 68064K, committed 69632K, reserved 1114112K
  class space    used 7033K, committed 7744K, reserved 1048576K
}
Event: 29.635 GC heap before
{Heap before GC invocations=256 (full 3):
 PSYoungGen      total 4608K, used 4048K [0x00000000d5580000, 0x00000000d5b00000, 0x0000000100000000)
  eden space 3584K, 100% used [0x00000000d5580000,0x00000000d5900000,0x00000000d5900000)
  from space 1024K, 45% used [0x00000000d5a00000,0x00000000d5a74010,0x00000000d5b00000)
  to   space 1024K, 0% used [0x00000000d5900000,0x00000000d5900000,0x00000000d5a00000)
 ParOldGen       total 138752K, used 138601K [0x0000000080000000, 0x0000000088780000, 0x00000000d5580000)
  object space 138752K, 99% used [0x0000000080000000,0x000000008875a530,0x0000000088780000)
 Metaspace       used 68083K, committed 69696K, reserved 1114112K
  class space    used 7033K, committed 7744K, reserved 1048576K
}
Event: 29.638 GC heap after
{Heap after GC invocations=256 (full 3):
 PSYoungGen      total 4608K, used 836K [0x00000000d5580000, 0x00000000d5b00000, 0x0000000100000000)
  eden space 3584K, 0% used [0x00000000d5580000,0x00000000d5580000,0x00000000d5900000)
  from space 1024K, 81% used [0x00000000d5900000,0x00000000d59d1210,0x00000000d5a00000)
  to   space 1024K, 0% used [0x00000000d5a00000,0x00000000d5a00000,0x00000000d5b00000)
 ParOldGen       total 139264K, used 138929K [0x0000000080000000, 0x0000000088800000, 0x00000000d5580000)
  object space 139264K, 99% used [0x0000000080000000,0x00000000887ac570,0x0000000088800000)
 Metaspace       used 68083K, committed 69696K, reserved 1114112K
  class space    used 7033K, committed 7744K, reserved 1048576K
}
Event: 29.649 GC heap before
{Heap before GC invocations=257 (full 3):
 PSYoungGen      total 4608K, used 4420K [0x00000000d5580000, 0x00000000d5b00000, 0x0000000100000000)
  eden space 3584K, 100% used [0x00000000d5580000,0x00000000d5900000,0x00000000d5900000)
  from space 1024K, 81% used [0x00000000d5900000,0x00000000d59d1210,0x00000000d5a00000)
  to   space 1024K, 0% used [0x00000000d5a00000,0x00000000d5a00000,0x00000000d5b00000)
 ParOldGen       total 139264K, used 138929K [0x0000000080000000, 0x0000000088800000, 0x00000000d5580000)
  object space 139264K, 99% used [0x0000000080000000,0x00000000887ac570,0x0000000088800000)
 Metaspace       used 68085K, committed 69696K, reserved 1114112K
  class space    used 7033K, committed 7744K, reserved 1048576K
}
Event: 29.651 GC heap after
{Heap after GC invocations=257 (full 3):
 PSYoungGen      total 4608K, used 480K [0x00000000d5580000, 0x00000000d5b00000, 0x0000000100000000)
  eden space 3584K, 0% used [0x00000000d5580000,0x00000000d5580000,0x00000000d5900000)
  from space 1024K, 46% used [0x00000000d5a00000,0x00000000d5a78000,0x00000000d5b00000)
  to   space 1024K, 0% used [0x00000000d5900000,0x00000000d5900000,0x00000000d5a00000)
 ParOldGen       total 139776K, used 139592K [0x0000000080000000, 0x0000000088880000, 0x00000000d5580000)
  object space 139776K, 99% used [0x0000000080000000,0x00000000888523a0,0x0000000088880000)
 Metaspace       used 68085K, committed 69696K, reserved 1114112K
  class space    used 7033K, committed 7744K, reserved 1048576K
}
Event: 29.662 GC heap before
{Heap before GC invocations=258 (full 3):
 PSYoungGen      total 4608K, used 4064K [0x00000000d5580000, 0x00000000d5b00000, 0x0000000100000000)
  eden space 3584K, 100% used [0x00000000d5580000,0x00000000d5900000,0x00000000d5900000)
  from space 1024K, 46% used [0x00000000d5a00000,0x00000000d5a78000,0x00000000d5b00000)
  to   space 1024K, 0% used [0x00000000d5900000,0x00000000d5900000,0x00000000d5a00000)
 ParOldGen       total 139776K, used 139592K [0x0000000080000000, 0x0000000088880000, 0x00000000d5580000)
  object space 139776K, 99% used [0x0000000080000000,0x00000000888523a0,0x0000000088880000)
 Metaspace       used 68085K, committed 69696K, reserved 1114112K
  class space    used 7033K, committed 7744K, reserved 1048576K
}
Event: 29.664 GC heap after
{Heap after GC invocations=258 (full 3):
 PSYoungGen      total 4608K, used 416K [0x00000000d5580000, 0x00000000d5a80000, 0x0000000100000000)
  eden space 3584K, 0% used [0x00000000d5580000,0x00000000d5580000,0x00000000d5900000)
  from space 1024K, 40% used [0x00000000d5900000,0x00000000d5968000,0x00000000d5a00000)
  to   space 512K, 0% used [0x00000000d5a00000,0x00000000d5a00000,0x00000000d5a80000)
 ParOldGen       total 140288K, used 139968K [0x0000000080000000, 0x0000000088900000, 0x00000000d5580000)
  object space 140288K, 99% used [0x0000000080000000,0x00000000888b03c0,0x0000000088900000)
 Metaspace       used 68085K, committed 69696K, reserved 1114112K
  class space    used 7033K, committed 7744K, reserved 1048576K
}
Event: 29.678 GC heap before
{Heap before GC invocations=259 (full 3):
 PSYoungGen      total 4608K, used 4000K [0x00000000d5580000, 0x00000000d5a80000, 0x0000000100000000)
  eden space 3584K, 100% used [0x00000000d5580000,0x00000000d5900000,0x00000000d5900000)
  from space 1024K, 40% used [0x00000000d5900000,0x00000000d5968000,0x00000000d5a00000)
  to   space 512K, 0% used [0x00000000d5a00000,0x00000000d5a00000,0x00000000d5a80000)
 ParOldGen       total 140288K, used 139968K [0x0000000080000000, 0x0000000088900000, 0x00000000d5580000)
  object space 140288K, 99% used [0x0000000080000000,0x00000000888b03c0,0x0000000088900000)
 Metaspace       used 68092K, committed 69696K, reserved 1114112K
  class space    used 7033K, committed 7744K, reserved 1048576K
}
Event: 29.679 GC heap after
{Heap after GC invocations=259 (full 3):
 PSYoungGen      total 4096K, used 288K [0x00000000d5580000, 0x00000000d5a80000, 0x0000000100000000)
  eden space 3584K, 0% used [0x00000000d5580000,0x00000000d5580000,0x00000000d5900000)
  from space 512K, 56% used [0x00000000d5a00000,0x00000000d5a48000,0x00000000d5a80000)
  to   space 512K, 0% used [0x00000000d5980000,0x00000000d5980000,0x00000000d5a00000)
 ParOldGen       total 140800K, used 140305K [0x0000000080000000, 0x0000000088980000, 0x00000000d5580000)
  object space 140800K, 99% used [0x0000000080000000,0x0000000088904400,0x0000000088980000)
 Metaspace       used 68092K, committed 69696K, reserved 1114112K
  class space    used 7033K, committed 7744K, reserved 1048576K
}
Event: 29.741 GC heap before
{Heap before GC invocations=260 (full 3):
 PSYoungGen      total 4096K, used 3872K [0x00000000d5580000, 0x00000000d5a80000, 0x0000000100000000)
  eden space 3584K, 100% used [0x00000000d5580000,0x00000000d5900000,0x00000000d5900000)
  from space 512K, 56% used [0x00000000d5a00000,0x00000000d5a48000,0x00000000d5a80000)
  to   space 512K, 0% used [0x00000000d5980000,0x00000000d5980000,0x00000000d5a00000)
 ParOldGen       total 140800K, used 140305K [0x0000000080000000, 0x0000000088980000, 0x00000000d5580000)
  object space 140800K, 99% used [0x0000000080000000,0x0000000088904400,0x0000000088980000)
 Metaspace       used 68103K, committed 69696K, reserved 1114112K
  class space    used 7033K, committed 7744K, reserved 1048576K
}
Event: 29.743 GC heap after
{Heap after GC invocations=260 (full 3):
 PSYoungGen      total 4096K, used 512K [0x00000000d5580000, 0x00000000d5c00000, 0x0000000100000000)
  eden space 3584K, 0% used [0x00000000d5580000,0x00000000d5580000,0x00000000d5900000)
  from space 512K, 100% used [0x00000000d5980000,0x00000000d5a00000,0x00000000d5a00000)
  to   space 1536K, 0% used [0x00000000d5a80000,0x00000000d5a80000,0x00000000d5c00000)
 ParOldGen       total 140800K, used 140747K [0x0000000080000000, 0x0000000088980000, 0x00000000d5580000)
  object space 140800K, 99% used [0x0000000080000000,0x0000000088972f10,0x0000000088980000)
 Metaspace       used 68103K, committed 69696K, reserved 1114112K
  class space    used 7033K, committed 7744K, reserved 1048576K
}

Dll operation events (10 events):
Event: 0.028 Loaded shared library c:\Users\ZXJ\.trae-cn\extensions\redhat.java-1.54.0-win32-x64\jre\21.0.10-win32-x86_64\bin\java.dll
Event: 0.091 Loaded shared library c:\Users\ZXJ\.trae-cn\extensions\redhat.java-1.54.0-win32-x64\jre\21.0.10-win32-x86_64\bin\zip.dll
Event: 0.320 Loaded shared library C:\Users\ZXJ\.trae-cn\extensions\redhat.java-1.54.0-win32-x64\jre\21.0.10-win32-x86_64\bin\instrument.dll
Event: 0.332 Loaded shared library C:\Users\ZXJ\.trae-cn\extensions\redhat.java-1.54.0-win32-x64\jre\21.0.10-win32-x86_64\bin\net.dll
Event: 0.341 Loaded shared library C:\Users\ZXJ\.trae-cn\extensions\redhat.java-1.54.0-win32-x64\jre\21.0.10-win32-x86_64\bin\nio.dll
Event: 0.348 Loaded shared library C:\Users\ZXJ\.trae-cn\extensions\redhat.java-1.54.0-win32-x64\jre\21.0.10-win32-x86_64\bin\zip.dll
Event: 0.435 Loaded shared library C:\Users\ZXJ\.trae-cn\extensions\redhat.java-1.54.0-win32-x64\jre\21.0.10-win32-x86_64\bin\jimage.dll
Event: 0.679 Loaded shared library c:\Users\ZXJ\.trae-cn\extensions\redhat.java-1.54.0-win32-x64\jre\21.0.10-win32-x86_64\bin\verify.dll
Event: 3.065 Loaded shared library C:\Users\ZXJ\AppData\Roaming\Trae CN\User\globalStorage\redhat.java\1.54.0\config_win\org.eclipse.equinox.launcher\org.eclipse.equinox.launcher.win32.win32.x86_64_1.3.0.v20260203-2149\eclipse_11919.dll
Event: 6.710 Loaded shared library C:\Users\ZXJ\AppData\Local\Temp\jna-89292\jna3779990711506297779.dll

Deoptimization events (20 events):
Event: 29.299 Thread 0x0000025208abefb0 DEOPT PACKING pc=0x00000251b5486c98 sp=0x000000f0876fe460
Event: 29.299 Thread 0x0000025208abefb0 DEOPT UNPACKING pc=0x00000251b46d3aa2 sp=0x000000f0876fe3f0 mode 2
Event: 29.307 Thread 0x0000025208abefb0 Uncommon trap: trap_request=0xffffff6e fr.pc=0x00000251b56902e8 relative=0x0000000000000a48
Event: 29.307 Thread 0x0000025208abefb0 Uncommon trap: reason=loop_limit_check action=maybe_recompile pc=0x00000251b56902e8 method=org.eclipse.jdt.internal.compiler.codegen.CharArrayCache.rehash()V @ 58 c2
Event: 29.307 Thread 0x0000025208abefb0 DEOPT PACKING pc=0x00000251b56902e8 sp=0x000000f0876fe630
Event: 29.307 Thread 0x0000025208abefb0 DEOPT UNPACKING pc=0x00000251b46d3aa2 sp=0x000000f0876fe5e8 mode 2
Event: 29.310 Thread 0x0000025208abefb0 Uncommon trap: trap_request=0xffffff45 fr.pc=0x00000251b549f4b8 relative=0x0000000000000178
Event: 29.310 Thread 0x0000025208abefb0 Uncommon trap: reason=unstable_if action=reinterpret pc=0x00000251b549f4b8 method=org.eclipse.jdt.internal.compiler.codegen.CodeStream.isDefinitelyAssigned(Lorg/eclipse/jdt/internal/compiler/lookup/Scope;ILorg/eclipse/jdt/internal/compiler/lookup/LocalVar
Event: 29.310 Thread 0x0000025208abefb0 DEOPT PACKING pc=0x00000251b549f4b8 sp=0x000000f0876fe840
Event: 29.310 Thread 0x0000025208abefb0 DEOPT UNPACKING pc=0x00000251b46d3aa2 sp=0x000000f0876fe7a0 mode 2
Event: 29.310 Thread 0x0000025208abefb0 Uncommon trap: trap_request=0xffffff45 fr.pc=0x00000251b55506e4 relative=0x00000000000000c4
Event: 29.310 Thread 0x0000025208abefb0 Uncommon trap: reason=unstable_if action=reinterpret pc=0x00000251b55506e4 method=org.eclipse.jdt.internal.compiler.codegen.VerificationTypeInfo.<init>(Lorg/eclipse/jdt/internal/compiler/lookup/TypeBinding;)V @ 26 c2
Event: 29.310 Thread 0x0000025208abefb0 DEOPT PACKING pc=0x00000251b55506e4 sp=0x000000f0876fe7a0
Event: 29.310 Thread 0x0000025208abefb0 DEOPT UNPACKING pc=0x00000251b46d3aa2 sp=0x000000f0876fe740 mode 2
Event: 29.318 Thread 0x0000025208abefb0 DEOPT PACKING pc=0x00000251ae68e2c7 sp=0x000000f0876feba0
Event: 29.318 Thread 0x0000025208abefb0 DEOPT UNPACKING pc=0x00000251b46d4242 sp=0x000000f0876fe0b8 mode 0
Event: 29.326 Thread 0x0000025208abefb0 Uncommon trap: trap_request=0xffffffde fr.pc=0x00000251b5581188 relative=0x0000000000001048
Event: 29.326 Thread 0x0000025208abefb0 Uncommon trap: reason=class_check action=maybe_recompile pc=0x00000251b5581188 method=org.eclipse.jdt.internal.compiler.parser.Parser.consumeRule(I)V @ 5977 c2
Event: 29.326 Thread 0x0000025208abefb0 DEOPT PACKING pc=0x00000251b5581188 sp=0x000000f0876fed40
Event: 29.326 Thread 0x0000025208abefb0 DEOPT UNPACKING pc=0x00000251b46d3aa2 sp=0x000000f0876fecc0 mode 2

Classes loaded (20 events):
Event: 23.054 Loading class java/util/stream/ReduceOps$5
Event: 23.054 Loading class java/util/stream/ReduceOps$5 done
Event: 23.054 Loading class java/util/stream/ReduceOps$CountingSink$OfRef
Event: 23.055 Loading class java/util/stream/ReduceOps$CountingSink
Event: 23.056 Loading class java/util/stream/ReduceOps$CountingSink done
Event: 23.056 Loading class java/util/stream/ReduceOps$CountingSink$OfRef done
Event: 24.841 Loading class java/util/stream/ReduceOps$1
Event: 24.842 Loading class java/util/stream/ReduceOps$1 done
Event: 24.842 Loading class java/util/stream/ReduceOps$1ReducingSink
Event: 24.842 Loading class java/util/stream/ReduceOps$1ReducingSink done
Event: 24.920 Loading class org/xml/sax/SAXNotRecognizedException
Event: 24.920 Loading class org/xml/sax/SAXNotRecognizedException done
Event: 24.920 Loading class org/xml/sax/SAXNotSupportedException
Event: 24.920 Loading class org/xml/sax/SAXNotSupportedException done
Event: 24.923 Loading class com/sun/org/apache/xerces/internal/util/URI
Event: 24.923 Loading class com/sun/org/apache/xerces/internal/util/URI done
Event: 24.937 Loading class com/sun/org/apache/xerces/internal/xni/XNIException
Event: 24.937 Loading class com/sun/org/apache/xerces/internal/xni/XNIException done
Event: 24.943 Loading class com/sun/org/apache/xerces/internal/xni/parser/XMLParseException
Event: 24.943 Loading class com/sun/org/apache/xerces/internal/xni/parser/XMLParseException done

Classes unloaded (11 events):
Event: 7.394 Thread 0x00000251a9c7fbb0 Unloading class 0x00000251c21aa800 'java/lang/invoke/LambdaForm$MH+0x00000251c21aa800'
Event: 7.394 Thread 0x00000251a9c7fbb0 Unloading class 0x00000251c21aa400 'java/lang/invoke/LambdaForm$MH+0x00000251c21aa400'
Event: 7.394 Thread 0x00000251a9c7fbb0 Unloading class 0x00000251c21aa000 'java/lang/invoke/LambdaForm$MH+0x00000251c21aa000'
Event: 7.394 Thread 0x00000251a9c7fbb0 Unloading class 0x00000251c21a9c00 'java/lang/invoke/LambdaForm$MH+0x00000251c21a9c00'
Event: 7.394 Thread 0x00000251a9c7fbb0 Unloading class 0x00000251c21a9800 'java/lang/invoke/LambdaForm$BMH+0x00000251c21a9800'
Event: 7.394 Thread 0x00000251a9c7fbb0 Unloading class 0x00000251c21a9400 'java/lang/invoke/LambdaForm$DMH+0x00000251c21a9400'
Event: 7.394 Thread 0x00000251a9c7fbb0 Unloading class 0x00000251c21a8400 'java/lang/invoke/LambdaForm$DMH+0x00000251c21a8400'
Event: 16.069 Thread 0x00000251a9c7fbb0 Unloading class 0x00000251c2655400 'java/lang/invoke/LambdaForm$DMH+0x00000251c2655400'
Event: 16.069 Thread 0x00000251a9c7fbb0 Unloading class 0x00000251c2655000 'java/lang/invoke/LambdaForm$DMH+0x00000251c2655000'
Event: 16.069 Thread 0x00000251a9c7fbb0 Unloading class 0x00000251c2654800 'java/lang/invoke/LambdaForm$DMH+0x00000251c2654800'
Event: 16.069 Thread 0x00000251a9c7fbb0 Unloading class 0x00000251c2654c00 'java/lang/invoke/LambdaForm$DMH+0x00000251c2654c00'

Classes redefined (0 events):
No events

Internal exceptions (20 events):
Event: 19.367 Thread 0x0000025208657470 Implicit null exception at 0x00000251b528c8c8 to 0x00000251b528d534
Event: 20.098 Thread 0x0000025208659540 Exception <a 'sun/nio/fs/WindowsException'{0x00000000d58c9ca0}> (0x00000000d58c9ca0) 
thrown [s\src\hotspot\share\prims\jni.cpp, line 520]
Event: 20.098 Thread 0x0000025208659540 Exception <a 'sun/nio/fs/WindowsException'{0x00000000d58ca7f8}> (0x00000000d58ca7f8) 
thrown [s\src\hotspot\share\prims\jni.cpp, line 520]
Event: 20.099 Thread 0x0000025208659540 Exception <a 'sun/nio/fs/WindowsException'{0x00000000d58cb790}> (0x00000000d58cb790) 
thrown [s\src\hotspot\share\prims\jni.cpp, line 520]
Event: 20.105 Thread 0x0000025208659540 Exception <a 'sun/nio/fs/WindowsException'{0x00000000d58cc070}> (0x00000000d58cc070) 
thrown [s\src\hotspot\share\prims\jni.cpp, line 520]
Event: 20.106 Thread 0x0000025208659540 Exception <a 'sun/nio/fs/WindowsException'{0x00000000d5b33c08}> (0x00000000d5b33c08) 
thrown [s\src\hotspot\share\prims\jni.cpp, line 520]
Event: 20.106 Thread 0x0000025208659540 Exception <a 'sun/nio/fs/WindowsException'{0x00000000d5b34768}> (0x00000000d5b34768) 
thrown [s\src\hotspot\share\prims\jni.cpp, line 520]
Event: 20.111 Thread 0x0000025208659540 Exception <a 'sun/nio/fs/WindowsException'{0x00000000d5d37298}> (0x00000000d5d37298) 
thrown [s\src\hotspot\share\prims\jni.cpp, line 520]
Event: 20.111 Thread 0x0000025208659540 Exception <a 'sun/nio/fs/WindowsException'{0x00000000d5d53b38}> (0x00000000d5d53b38) 
thrown [s\src\hotspot\share\prims\jni.cpp, line 520]
Event: 21.465 Thread 0x0000025208657470 Exception <a 'java/lang/IncompatibleClassChangeError'{0x00000000d58d2bf8}: Found class java.lang.Object, but interface was expected> (0x00000000d58d2bf8) 
thrown [s\src\hotspot\share\interpreter\linkResolver.cpp, line 840]
Event: 21.954 Thread 0x0000025208abefb0 Exception <a 'java/lang/NoSuchMethodError'{0x00000000d5a47ed0}: 'int java.lang.invoke.DirectMethodHandle$Holder.invokeSpecialIFC(java.lang.Object, java.lang.Object, java.lang.Object)'> (0x00000000d5a47ed0) 
thrown [s\src\hotspot\share\interpreter\linkResolver.cpp, line 773]
Event: 23.058 Thread 0x0000025208ac0360 Exception <a 'sun/nio/fs/WindowsException'{0x00000000d55c95e0}> (0x00000000d55c95e0) 
thrown [s\src\hotspot\share\prims\jni.cpp, line 520]
Event: 23.058 Thread 0x0000025208ac0360 Exception <a 'sun/nio/fs/WindowsException'{0x00000000d55c9e68}> (0x00000000d55c9e68) 
thrown [s\src\hotspot\share\prims\jni.cpp, line 520]
Event: 23.748 Thread 0x0000025208abefb0 Implicit null exception at 0x00000251b5196d4b to 0x00000251b5196eac
Event: 24.997 Thread 0x0000025208ac0360 Exception <a 'java/lang/NoSuchMethodError'{0x00000000d5ca6728}: 'java.lang.Object java.lang.invoke.DirectMethodHandle$Holder.invokeStatic(java.lang.Object, java.lang.Object, int, java.lang.Object)'> (0x00000000d5ca6728) 
thrown [s\src\hotspot\share\interpreter\linkResolver.cpp, line 773]
Event: 25.917 Thread 0x0000025208abefb0 Exception <a 'java/lang/NoSuchMethodError'{0x00000000d5603a48}: 'void java.lang.invoke.DirectMethodHandle$Holder.invokeStatic(java.lang.Object, int, java.lang.Object)'> (0x00000000d5603a48) 
thrown [s\src\hotspot\share\interpreter\linkResolver.cpp, line 773]
Event: 27.707 Thread 0x0000025208abefb0 Implicit null exception at 0x00000251b547c73f to 0x00000251b547c7b4
Event: 28.440 Thread 0x0000025208abefb0 Implicit null exception at 0x00000251b55fad66 to 0x00000251b55fd1f0
Event: 28.440 Thread 0x0000025208abefb0 Implicit null exception at 0x00000251b5524a91 to 0x00000251b5524d74
Event: 28.440 Thread 0x0000025208abefb0 Implicit null exception at 0x00000251b5525969 to 0x00000251b5525a4c

ZGC Phase Switch (0 events):
No events

VM Operations (20 events):
Event: 29.536 Executing safepoint VM operation: ParallelGCFailedAllocation (Allocation Failure)
Event: 29.540 Executing safepoint VM operation: ParallelGCFailedAllocation (Allocation Failure) done
Event: 29.558 Executing safepoint VM operation: ParallelGCFailedAllocation (Allocation Failure)
Event: 29.560 Executing safepoint VM operation: ParallelGCFailedAllocation (Allocation Failure) done
Event: 29.581 Executing safepoint VM operation: ParallelGCFailedAllocation (Allocation Failure)
Event: 29.584 Executing safepoint VM operation: ParallelGCFailedAllocation (Allocation Failure) done
Event: 29.595 Executing safepoint VM operation: ParallelGCFailedAllocation (Allocation Failure)
Event: 29.597 Executing safepoint VM operation: ParallelGCFailedAllocation (Allocation Failure) done
Event: 29.635 Executing safepoint VM operation: ParallelGCFailedAllocation (Allocation Failure)
Event: 29.638 Executing safepoint VM operation: ParallelGCFailedAllocation (Allocation Failure) done
Event: 29.649 Executing safepoint VM operation: ParallelGCFailedAllocation (Allocation Failure)
Event: 29.651 Executing safepoint VM operation: ParallelGCFailedAllocation (Allocation Failure) done
Event: 29.662 Executing safepoint VM operation: ParallelGCFailedAllocation (Allocation Failure)
Event: 29.664 Executing safepoint VM operation: ParallelGCFailedAllocation (Allocation Failure) done
Event: 29.678 Executing safepoint VM operation: ParallelGCFailedAllocation (Allocation Failure)
Event: 29.679 Executing safepoint VM operation: ParallelGCFailedAllocation (Allocation Failure) done
Event: 29.730 Executing non-safepoint VM operation: HandshakeAllThreads (Deoptimize)
Event: 29.730 Executing non-safepoint VM operation: HandshakeAllThreads (Deoptimize) done
Event: 29.741 Executing safepoint VM operation: ParallelGCFailedAllocation (Allocation Failure)
Event: 29.743 Executing safepoint VM operation: ParallelGCFailedAllocation (Allocation Failure) done

Memory protections (0 events):
No events

Nmethod flushes (20 events):
Event: 16.095 Thread 0x00000251a9c7fbb0 flushing osr nmethod 0x00000251ada5f010
Event: 16.095 Thread 0x00000251a9c7fbb0 flushing  nmethod 0x00000251ada63610
Event: 16.095 Thread 0x00000251a9c7fbb0 flushing  nmethod 0x00000251ada63990
Event: 16.095 Thread 0x00000251a9c7fbb0 flushing  nmethod 0x00000251ada65a90
Event: 16.095 Thread 0x00000251a9c7fbb0 flushing  nmethod 0x00000251ada66090
Event: 16.095 Thread 0x00000251a9c7fbb0 flushing osr nmethod 0x00000251ada7f690
Event: 16.095 Thread 0x00000251a9c7fbb0 flushing  nmethod 0x00000251ada85210
Event: 16.095 Thread 0x00000251a9c7fbb0 flushing osr nmethod 0x00000251ada8a190
Event: 16.095 Thread 0x00000251a9c7fbb0 flushing  nmethod 0x00000251adab4890
Event: 16.095 Thread 0x00000251a9c7fbb0 flushing  nmethod 0x00000251adac7890
Event: 16.095 Thread 0x00000251a9c7fbb0 flushing  nmethod 0x00000251adac7e90
Event: 16.095 Thread 0x00000251a9c7fbb0 flushing  nmethod 0x00000251adac9b90
Event: 16.095 Thread 0x00000251a9c7fbb0 flushing  nmethod 0x00000251adacf190
Event: 16.095 Thread 0x00000251a9c7fbb0 flushing  nmethod 0x00000251adae2290
Event: 16.095 Thread 0x00000251a9c7fbb0 flushing  nmethod 0x00000251adaf6b10
Event: 16.095 Thread 0x00000251a9c7fbb0 flushing  nmethod 0x00000251adb01210
Event: 16.095 Thread 0x00000251a9c7fbb0 flushing  nmethod 0x00000251adb01610
Event: 16.095 Thread 0x00000251a9c7fbb0 flushing  nmethod 0x00000251adb27690
Event: 16.095 Thread 0x00000251a9c7fbb0 flushing  nmethod 0x00000251adb28c90
Event: 16.095 Thread 0x00000251a9c7fbb0 flushing  nmethod 0x00000251adb29c90

Events (20 events):
Event: 18.834 Thread 0x0000025208657470 Thread added: 0x0000025208659540
Event: 18.836 Thread 0x0000025208659540 Thread added: 0x000002520865a260
Event: 18.840 Thread 0x000002520865a260 Thread added: 0x0000025208656de0
Event: 18.886 Thread 0x000002520865a260 Thread added: 0x000002520865bca0
Event: 18.886 Thread 0x0000025208659540 Thread added: 0x0000025208658eb0
Event: 18.887 Thread 0x000002520865bca0 Thread added: 0x000002520865a8f0
Event: 19.877 Thread 0x000002520a6d0700 Thread exited: 0x000002520a6d0700
Event: 20.046 Thread 0x000002520ad88d80 Thread exited: 0x000002520ad88d80
Event: 20.493 Thread 0x00000251c0fed790 Thread added: 0x000002520ad88d80
Event: 21.858 Thread 0x00000251c0fed790 Thread added: 0x000002520a6d0700
Event: 22.701 Thread 0x000002520a6d0700 Thread exited: 0x000002520a6d0700
Event: 22.701 Thread 0x000002520ad88d80 Thread exited: 0x000002520ad88d80
Event: 23.203 Thread 0x00000251c0fed790 Thread added: 0x00000252093329a0
Event: 23.476 Thread 0x00000251c0fed790 Thread added: 0x000002520aac8e80
Event: 23.704 Thread 0x000002520aac8e80 Thread exited: 0x000002520aac8e80
Event: 23.755 Thread 0x00000251c0fed790 Thread added: 0x000002520a761650
Event: 24.649 Thread 0x000002520a761650 Thread exited: 0x000002520a761650
Event: 24.653 Thread 0x00000252093329a0 Thread exited: 0x00000252093329a0
Event: 24.881 Thread 0x00000251c0fed790 Thread added: 0x000002520a761650
Event: 25.278 Thread 0x000002520398e430 Thread added: 0x000002520a75dfd0


Dynamic libraries:
0x00007ff62a250000 - 0x00007ff62a25e000 	c:\Users\ZXJ\.trae-cn\extensions\redhat.java-1.54.0-win32-x64\jre\21.0.10-win32-x86_64\bin\java.exe
0x00007ff96d180000 - 0x00007ff96d3e8000 	C:\WINDOWS\SYSTEM32\ntdll.dll
0x00007ff96cc80000 - 0x00007ff96cd49000 	C:\WINDOWS\System32\KERNEL32.DLL
0x00007ff96ab50000 - 0x00007ff96af42000 	C:\WINDOWS\System32\KERNELBASE.dll
0x00007ff96a6f0000 - 0x00007ff96a83b000 	C:\WINDOWS\System32\ucrtbase.dll
0x00007ff9600a0000 - 0x00007ff9600b8000 	c:\Users\ZXJ\.trae-cn\extensions\redhat.java-1.54.0-win32-x64\jre\21.0.10-win32-x86_64\bin\jli.dll
0x00007ff8f7210000 - 0x00007ff8f722e000 	c:\Users\ZXJ\.trae-cn\extensions\redhat.java-1.54.0-win32-x64\jre\21.0.10-win32-x86_64\bin\VCRUNTIME140.dll
0x00007ff96c920000 - 0x00007ff96cae5000 	C:\WINDOWS\System32\USER32.dll
0x00007ff96a310000 - 0x00007ff96a337000 	C:\WINDOWS\System32\win32u.dll
0x00007ff96cc20000 - 0x00007ff96cc4b000 	C:\WINDOWS\System32\GDI32.dll
0x00007ff96a990000 - 0x00007ff96aabd000 	C:\WINDOWS\System32\gdi32full.dll
0x00007ff96a8e0000 - 0x00007ff96a983000 	C:\WINDOWS\System32\msvcp_win.dll
0x00007ff955890000 - 0x00007ff955b23000 	C:\WINDOWS\WinSxS\amd64_microsoft.windows.common-controls_6595b64144ccf1df_6.0.26100.6899_none_3e0efeeae32e88c1\COMCTL32.dll
0x00007ff96c430000 - 0x00007ff96c4d9000 	C:\WINDOWS\System32\msvcrt.dll
0x00007ff96c780000 - 0x00007ff96c7af000 	C:\WINDOWS\System32\IMM32.DLL
0x000000005fe70000 - 0x000000005fe7d000 	C:\Program Files (x86)\360\360Safe\safemon\SafeWrapper.dll
0x00007ff96cb50000 - 0x00007ff96cc04000 	C:\WINDOWS\System32\ADVAPI32.dll
0x00007ff96ba00000 - 0x00007ff96baa6000 	C:\WINDOWS\System32\sechost.dll
0x00007ff96c660000 - 0x00007ff96c778000 	C:\WINDOWS\System32\RPCRT4.dll
0x00007ff964e20000 - 0x00007ff964f25000 	C:\Program Files (x86)\360\360Safe\safemon\libzdtp64.dll
0x00007ff96bb70000 - 0x00007ff96c2bd000 	C:\WINDOWS\System32\SHELL32.dll
0x00007ff96a340000 - 0x00007ff96a4ab000 	C:\WINDOWS\System32\wintypes.dll
0x00007ff96b470000 - 0x00007ff96b7eb000 	C:\WINDOWS\System32\combase.dll
0x00007ff96d0d0000 - 0x00007ff96d132000 	C:\WINDOWS\System32\SHLWAPI.dll
0x00007ff969f20000 - 0x00007ff969f2b000 	C:\WINDOWS\SYSTEM32\VERSION.dll
0x00007ff90c0b0000 - 0x00007ff90c0bc000 	c:\Users\ZXJ\.trae-cn\extensions\redhat.java-1.54.0-win32-x64\jre\21.0.10-win32-x86_64\bin\vcruntime140_1.dll
0x00007ff8e2030000 - 0x00007ff8e20bd000 	c:\Users\ZXJ\.trae-cn\extensions\redhat.java-1.54.0-win32-x64\jre\21.0.10-win32-x86_64\bin\msvcp140.dll
0x00007ff8cad00000 - 0x00007ff8cbaa1000 	c:\Users\ZXJ\.trae-cn\extensions\redhat.java-1.54.0-win32-x64\jre\21.0.10-win32-x86_64\bin\server\jvm.dll
0x00007ff96b3e0000 - 0x00007ff96b454000 	C:\WINDOWS\System32\WS2_32.dll
0x00007ff963870000 - 0x00007ff9638a5000 	C:\WINDOWS\SYSTEM32\WINMM.dll
0x00007ff969f70000 - 0x00007ff969fce000 	C:\WINDOWS\SYSTEM32\POWRPROF.dll
0x00007ff969f50000 - 0x00007ff969f64000 	C:\WINDOWS\SYSTEM32\UMPDC.dll
0x00007ff968fe0000 - 0x00007ff968ffb000 	C:\WINDOWS\SYSTEM32\kernel.appcore.dll
0x00007ff906390000 - 0x00007ff90639a000 	c:\Users\ZXJ\.trae-cn\extensions\redhat.java-1.54.0-win32-x64\jre\21.0.10-win32-x86_64\bin\jimage.dll
0x00007ff967690000 - 0x00007ff9678d2000 	C:\WINDOWS\SYSTEM32\DBGHELP.DLL
0x00007ff96c810000 - 0x00007ff96c8e7000 	C:\WINDOWS\System32\OLEAUT32.dll
0x00007ff954ed0000 - 0x00007ff954f0c000 	C:\WINDOWS\SYSTEM32\dbgcore.DLL
0x00007ff96a840000 - 0x00007ff96a8d8000 	C:\WINDOWS\System32\bcryptPrimitives.dll
0x00007ff8f71e0000 - 0x00007ff8f71ef000 	c:\Users\ZXJ\.trae-cn\extensions\redhat.java-1.54.0-win32-x64\jre\21.0.10-win32-x86_64\bin\instrument.dll
0x00007ff8f71f0000 - 0x00007ff8f7210000 	c:\Users\ZXJ\.trae-cn\extensions\redhat.java-1.54.0-win32-x64\jre\21.0.10-win32-x86_64\bin\java.dll
0x00007ff967ea0000 - 0x00007ff9686fd000 	C:\WINDOWS\SYSTEM32\windows.storage.dll
0x00007ff96c4e0000 - 0x00007ff96c5d2000 	C:\WINDOWS\System32\SHCORE.dll
0x00007ff96a230000 - 0x00007ff96a259000 	C:\WINDOWS\SYSTEM32\profapi.dll
0x00007ff8e2010000 - 0x00007ff8e2028000 	c:\Users\ZXJ\.trae-cn\extensions\redhat.java-1.54.0-win32-x64\jre\21.0.10-win32-x86_64\bin\zip.dll
0x00007ff8f71d0000 - 0x00007ff8f71e0000 	C:\Users\ZXJ\.trae-cn\extensions\redhat.java-1.54.0-win32-x64\jre\21.0.10-win32-x86_64\bin\net.dll
0x00007ff963c50000 - 0x00007ff963d6f000 	C:\WINDOWS\SYSTEM32\WINHTTP.dll
0x00007ff969530000 - 0x00007ff96959b000 	C:\WINDOWS\system32\mswsock.dll
0x00007ff8e1f80000 - 0x00007ff8e1f96000 	C:\Users\ZXJ\.trae-cn\extensions\redhat.java-1.54.0-win32-x64\jre\21.0.10-win32-x86_64\bin\nio.dll
0x00007ff8e1f70000 - 0x00007ff8e1f80000 	c:\Users\ZXJ\.trae-cn\extensions\redhat.java-1.54.0-win32-x64\jre\21.0.10-win32-x86_64\bin\verify.dll
0x00007ff8c6f80000 - 0x00007ff8c6fc5000 	C:\Users\ZXJ\AppData\Roaming\Trae CN\User\globalStorage\redhat.java\1.54.0\config_win\org.eclipse.equinox.launcher\org.eclipse.equinox.launcher.win32.win32.x86_64_1.3.0.v20260203-2149\eclipse_11919.dll
0x00007ff96cf30000 - 0x00007ff96d0c8000 	C:\WINDOWS\System32\ole32.dll
0x00007ff969910000 - 0x00007ff96992b000 	C:\WINDOWS\SYSTEM32\CRYPTSP.dll
0x00007ff968f40000 - 0x00007ff968f7b000 	C:\WINDOWS\system32\rsaenh.dll
0x00007ff9695d0000 - 0x00007ff9695fb000 	C:\WINDOWS\SYSTEM32\USERENV.dll
0x00007ff96a200000 - 0x00007ff96a226000 	C:\WINDOWS\SYSTEM32\bcrypt.dll
0x00007ff969770000 - 0x00007ff96977c000 	C:\WINDOWS\SYSTEM32\CRYPTBASE.dll
0x00007ff969e20000 - 0x00007ff969e54000 	C:\WINDOWS\SYSTEM32\IPHLPAPI.DLL
0x00007ff96cc10000 - 0x00007ff96cc1a000 	C:\WINDOWS\System32\NSI.dll
0x00007ff94f4d0000 - 0x00007ff94f519000 	C:\Users\ZXJ\AppData\Local\Temp\jna-89292\jna3779990711506297779.dll
0x00007ff96b460000 - 0x00007ff96b468000 	C:\WINDOWS\System32\PSAPI.DLL
0x00007ff964400000 - 0x00007ff96441e000 	C:\WINDOWS\SYSTEM32\dhcpcsvc6.DLL
0x00007ff9643d0000 - 0x00007ff9643f3000 	C:\WINDOWS\SYSTEM32\dhcpcsvc.DLL

JVMTI agents:
c:\Users\ZXJ\.trae-cn\extensions\redhat.java-1.54.0-win32-x64\lombok\lombok-1.18.39-4050.jar path:c:\Users\ZXJ\.trae-cn\extensions\redhat.java-1.54.0-win32-x64\jre\21.0.10-win32-x86_64\bin\instrument.dll, loaded, initialized, instrumentlib options:none

dbghelp: loaded successfully - version: 4.0.5 - missing functions: none
symbol engine: initialized successfully - sym options: 0x614 - pdb path: .;c:\Users\ZXJ\.trae-cn\extensions\redhat.java-1.54.0-win32-x64\jre\21.0.10-win32-x86_64\bin;C:\WINDOWS\SYSTEM32;C:\WINDOWS\WinSxS\amd64_microsoft.windows.common-controls_6595b64144ccf1df_6.0.26100.6899_none_3e0efeeae32e88c1;C:\Program Files (x86)\360\360Safe\safemon;c:\Users\ZXJ\.trae-cn\extensions\redhat.java-1.54.0-win32-x64\jre\21.0.10-win32-x86_64\bin\server;C:\Users\ZXJ\AppData\Roaming\Trae CN\User\globalStorage\redhat.java\1.54.0\config_win\org.eclipse.equinox.launcher\org.eclipse.equinox.launcher.win32.win32.x86_64_1.3.0.v20260203-2149;C:\Users\ZXJ\AppData\Local\Temp\jna-89292

VM Arguments:
jvm_args: --add-modules=ALL-SYSTEM --add-opens=java.base/java.util=ALL-UNNAMED --add-opens=java.base/java.lang=ALL-UNNAMED --add-opens=java.base/sun.nio.fs=ALL-UNNAMED -Declipse.application=org.eclipse.jdt.ls.core.id1 -Dosgi.bundles.defaultStartLevel=4 -Declipse.product=org.eclipse.jdt.ls.core.product -Djava.import.generatesMetadataFilesAtProjectRoot=false -DDetectVMInstallationsJob.disabled=true -Dfile.encoding=utf8 -XX:+UseParallelGC -XX:GCTimeRatio=4 -XX:AdaptiveSizePolicyWeight=90 -Dsun.zip.disableMemoryMapping=true -Xmx2G -Xms100m -Xlog:disable -javaagent:c:\Users\ZXJ\.trae-cn\extensions\redhat.java-1.54.0-win32-x64\lombok\lombok-1.18.39-4050.jar -XX:+HeapDumpOnOutOfMemoryError -XX:HeapDumpPath=c:\Users\ZXJ\AppData\Roaming\Trae CN\User\workspaceStorage\3dfe05e9420bafa605ddcbd53026ed33\redhat.java -Daether.dependencyCollector.impl=bf 
java_command: c:\Users\ZXJ\.trae-cn\extensions\redhat.java-1.54.0-win32-x64\server\plugins\org.eclipse.equinox.launcher_1.7.100.v20251111-0406.jar -configuration c:\Users\ZXJ\AppData\Roaming\Trae CN\User\globalStorage\redhat.java\1.54.0\config_win -data c:\Users\ZXJ\AppData\Roaming\Trae CN\User\workspaceStorage\3dfe05e9420bafa605ddcbd53026ed33\redhat.java\jdt_ws --pipe=\\.\pipe\lsp-8000bf4b191bf4884b0134f482afe22d-sock
java_class_path (initial): c:\Users\ZXJ\.trae-cn\extensions\redhat.java-1.54.0-win32-x64\server\plugins\org.eclipse.equinox.launcher_1.7.100.v20251111-0406.jar
Launcher Type: SUN_STANDARD

[Global flags]
    uintx AdaptiveSizePolicyWeight                 = 90                                        {product} {command line}
     intx CICompilerCount                          = 4                                         {product} {ergonomic}
    uintx GCTimeRatio                              = 4                                         {product} {command line}
     bool HeapDumpOnOutOfMemoryError               = true                                   {manageable} {command line}
    ccstr HeapDumpPath                             = c:\Users\ZXJ\AppData\Roaming\Trae CN\User\workspaceStorage\3dfe05e9420bafa605ddcbd53026ed33\redhat.java         {manageable} {command line}
   size_t InitialHeapSize                          = 104857600                                 {product} {command line}
   size_t MaxHeapSize                              = 2147483648                                {product} {command line}
   size_t MaxNewSize                               = 715653120                                 {product} {ergonomic}
   size_t MinHeapDeltaBytes                        = 524288                                    {product} {ergonomic}
   size_t MinHeapSize                              = 104857600                                 {product} {command line}
   size_t NewSize                                  = 34603008                                  {product} {ergonomic}
    uintx NonNMethodCodeHeapSize                   = 5839372                                {pd product} {ergonomic}
    uintx NonProfiledCodeHeapSize                  = 122909434                              {pd product} {ergonomic}
   size_t OldSize                                  = 70254592                                  {product} {ergonomic}
    uintx ProfiledCodeHeapSize                     = 122909434                              {pd product} {ergonomic}
    uintx ReservedCodeCacheSize                    = 251658240                              {pd product} {ergonomic}
     bool SegmentedCodeCache                       = true                                      {product} {ergonomic}
   size_t SoftMaxHeapSize                          = 2147483648                             {manageable} {ergonomic}
     bool UseCompressedOops                        = true                           {product lp64_product} {ergonomic}
     bool UseLargePagesIndividualAllocation        = false                                  {pd product} {ergonomic}
     bool UseParallelGC                            = true                                      {product} {command line}

Logging:
Log output configuration:
 #0: stdout all=off uptime,level,tags foldmultilines=false
 #1: stderr all=off uptime,level,tags foldmultilines=false

Release file:
JAVA_VERSION="21.0.10" 
MODULES="java.base java.compiler java.datatransfer java.xml java.prefs java.desktop java.instrument java.logging java.management java.security.sasl java.naming java.rmi java.management.rmi java.net.http java.scripting java.security.jgss java.transaction.xa java.sql java.sql.rowset java.xml.crypto java.se java.smartcardio jdk.accessibility jdk.internal.jvmstat jdk.attach jdk.charsets jdk.internal.opt jdk.zipfs jdk.compiler jdk.crypto.ec jdk.crypto.cryptoki jdk.crypto.mscapi jdk.dynalink jdk.internal.ed jdk.editpad jdk.hotspot.agent jdk.httpserver jdk.internal.le jdk.internal.vm.ci jdk.internal.vm.compiler jdk.internal.vm.compiler.management jdk.jartool jdk.javadoc jdk.jcmd jdk.management jdk.management.agent jdk.jconsole jdk.jdeps jdk.jdwp.agent jdk.jdi jdk.jfr jdk.jshell jdk.jsobject jdk.jstatd jdk.localedata jdk.management.jfr jdk.naming.dns jdk.naming.rmi jdk.net jdk.nio.mapmode jdk.random jdk.sctp jdk.security.auth jdk.security.jgss jdk.unsupported jdk.unsupported.desktop jdk.xml.dom" 

Environment Variables:
JAVA_HOME=D:\Program Files\Java\jdk-17
PATH=C:\Users\ZXJ\.trae-cn\tools\gradle\latest\bin;c:\Users\ZXJ\.trae-cn\tools\trae-gopls\current;c:\Users\ZXJ\.trae-cn\sdks\workspaces\3dfe05e9\versions\node\current;c:\Users\ZXJ\.trae-cn\sdks\versions\node\current;C:\Program Files\Common Files\Oracle\Java\javapath;C:\Program Files (x86)\VMware\VMware Workstation\bin\;C:\Windows\system32;C:\Windows;C:\Windows\System32\Wbem;C:\Windows\System32\WindowsPowerShell\v1.0\;C:\Windows\System32\OpenSSH\;D:\Program Files (x86)\NetSarang\Xshell 7\;D:\Program Files\nodejs\node_global;C:\apache-tomcat-9.0.78\bin;e:\Program Files\Microsoft VS Code\bin;D:\Program Files\IDM Computer Solutions\UltraEdit;C:\WINDOWS\system32;C:\WINDOWS;C:\WINDOWS\System32\Wbem;C:\WINDOWS\System32\WindowsPowerShell\v1.0\;C:\WINDOWS\System32\OpenSSH\;D:\Program Files\nodejs\;C:\Program Files\Git\cmd;D:\apache-maven-3.9.15\bin;D:\Program Files\Java\jdk-17\bin;;D:\Program Files\Go\bin;C:\Program Files\Docker\Docker\resources\bin;D:\Programs\Python\Python314\Scripts\;D:\Programs\Python\Python314\;C:\Users\ZXJ\AppData\Local\Programs\Python\Launcher\;c:\Users\ZXJ\AppData\Local\Programs\Trae CN\bin;C:\Users\ZXJ\AppData\Local\Microsoft\WindowsApps;d:\Programs\Microsoft VS Code\bin;C:\Users\ZXJ\AppData\Local\Microsoft\WindowsApps;d:\Program Files\JetBrains\IntelliJ IDEA Community Edition 2025.2.6.1\bin;d:\Program Files\JetBrains\PyCharm Community Edition 2025.2.6\bin;C:\Users\ZXJ\AppData\Roaming\npm;C:\Users\ZXJ\go\bin;c:\Users\ZXJ\AppData\Local\Programs\Trae CN\resources\app\bin\lib
USERNAME=ZXJ
OS=Windows_NT
PROCESSOR_IDENTIFIER=AMD64 Family 23 Model 96 Stepping 1, AuthenticAMD
TMP=C:\Users\ZXJ\AppData\Local\Temp
TEMP=C:\Users\ZXJ\AppData\Local\Temp




Periodic native trim disabled

---------------  S Y S T E M  ---------------

OS:
 Windows 11 , 64 bit Build 26100 (10.0.26100.6725)
OS uptime: 0 days 13:03 hours
Hyper-V role detected

CPU: total 8 (initial active 8) (8 cores per cpu, 1 threads per core) family 23 model 96 stepping 1 microcode 0x8600106, cx8, cmov, fxsr, mmx, 3dnowpref, sse, sse2, sse3, ssse3, sse4a, sse4.1, sse4.2, popcnt, lzcnt, tsc, tscinvbit, avx, avx2, aes, clmul, bmi1, bmi2, adx, sha, fma, vzeroupper, clflush, clflushopt, hv, rdtscp, rdpid, f16c
Processor Information for the first 8 processors :
  Max Mhz: 2000, Current Mhz: 2000, Mhz Limit: 2000

Memory: 4k page, system-wide physical 15792M (2254M free)
TotalPageFile size 33621M (AvailPageFile size 5M)
current process WorkingSet (physical memory assigned to process): 434M, peak: 434M
current process commit charge ("private bytes"): 502M, peak: 503M

vm_info: OpenJDK 64-Bit Server VM (21.0.10+7-LTS) for windows-amd64 JRE (21.0.10+7-LTS), built on 2026-01-20T00:00:00Z by "admin" with MS VC++ 17.12 (VS2022)

END.
