#
# There is insufficient memory for the Java Runtime Environment to continue.
# Native memory allocation (malloc) failed to allocate 1048576 bytes. Error detail: AllocateHeap
# Possible reasons:
#   The system is out of physical RAM or swap space
#   This process is running with CompressedOops enabled, and the Java Heap may be blocking the growth of the native heap
# Possible solutions:
#   Reduce memory load on the system
#   Increase physical memory or swap space
#   Check if swap backing store is full
#   Decrease Java heap size (-Xmx/-Xms)
#   Decrease number of Java threads
#   Decrease Java thread stack sizes (-Xss)
#   Set larger code cache with -XX:ReservedCodeCacheSize=
#   JVM is running with Unscaled Compressed Oops mode in which the Java heap is
#     placed in the first 4GB address space. The Java Heap base address is the
#     maximum limit for the native heap growth. Please use -XX:HeapBaseMinAddress
#     to set the Java Heap base and to place the Java Heap above 4GB virtual address.
# This output file may be truncated or incomplete.
#
#  Out of Memory Error (allocation.cpp:44), pid=22920, tid=25920
#
# JRE version: OpenJDK Runtime Environment Temurin-21.0.10+7 (21.0.10+7) (build 21.0.10+7-LTS)
# Java VM: OpenJDK 64-Bit Server VM Temurin-21.0.10+7 (21.0.10+7-LTS, mixed mode, sharing, tiered, compressed oops, compressed class ptrs, parallel gc, windows-amd64)
# No core dump will be written. Minidumps are not enabled by default on client versions of Windows
#

---------------  S U M M A R Y ------------

Command Line: --add-modules=ALL-SYSTEM --add-opens=java.base/java.util=ALL-UNNAMED --add-opens=java.base/java.lang=ALL-UNNAMED --add-opens=java.base/sun.nio.fs=ALL-UNNAMED -Declipse.application=org.eclipse.jdt.ls.core.id1 -Dosgi.bundles.defaultStartLevel=4 -Declipse.product=org.eclipse.jdt.ls.core.product -Djava.import.generatesMetadataFilesAtProjectRoot=false -DDetectVMInstallationsJob.disabled=true -Dfile.encoding=utf8 -XX:+UseParallelGC -XX:GCTimeRatio=4 -XX:AdaptiveSizePolicyWeight=90 -Dsun.zip.disableMemoryMapping=true -Xmx2G -Xms100m -Xlog:disable -javaagent:c:\Users\ZXJ\.trae-cn\extensions\redhat.java-1.54.0-win32-x64\lombok\lombok-1.18.39-4050.jar -XX:+HeapDumpOnOutOfMemoryError -XX:HeapDumpPath=c:\Users\ZXJ\AppData\Roaming\Trae CN\User\workspaceStorage\3dfe05e9420bafa605ddcbd53026ed33\redhat.java -Daether.dependencyCollector.impl=bf c:\Users\ZXJ\.trae-cn\extensions\redhat.java-1.54.0-win32-x64\server\plugins\org.eclipse.equinox.launcher_1.7.100.v20251111-0406.jar -configuration c:\Users\ZXJ\AppData\Roaming\Trae CN\User\globalStorage\redhat.java\1.54.0\config_win -data c:\Users\ZXJ\AppData\Roaming\Trae CN\User\workspaceStorage\3dfe05e9420bafa605ddcbd53026ed33\redhat.java\jdt_ws --pipe=\\.\pipe\lsp-b2ec4c781b91597f33a2ef7fc6cbc02a-sock

Host: AMD Ryzen 7 4700U with Radeon Graphics         , 8 cores, 15G,  Windows 11 , 64 bit Build 26100 (10.0.26100.6725)
Time: Sun May 31 11:07:03 2026 elapsed time: 2311.865382 seconds (0d 0h 38m 31s)

---------------  T H R E A D  ---------------

Current thread (0x000001618eba99d0):  JavaThread "Attach Listener" daemon [_thread_in_vm, id=25920, stack(0x000000559ca00000,0x000000559cb00000) (1024K)]

Stack: [0x000000559ca00000,0x000000559cb00000]
Native frames: (J=compiled Java code, j=interpreted, Vv=VM code, C=native code)
V  [jvm.dll+0x6d7a39]
V  [jvm.dll+0x8b4b26]
V  [jvm.dll+0x8b70de]
V  [jvm.dll+0x8b77c3]
V  [jvm.dll+0x284346]
V  [jvm.dll+0xc1277]
V  [jvm.dll+0x6d82e9]
V  [jvm.dll+0x1334a6]
V  [jvm.dll+0x3f857e]
V  [jvm.dll+0x85f59d]
V  [jvm.dll+0x6d626d]
C  [ucrtbase.dll+0x37b0]
C  [KERNEL32.DLL+0x2e8d7]
C  [ntdll.dll+0x8c53c]


---------------  P R O C E S S  ---------------

Threads class SMR info:
_java_thread_list=0x0000016197b49570, length=37, elements={
0x00000161330e92a0, 0x000001618eba0290, 0x000001618eba31d0, 0x000001618eba6a60,
0x000001618eba99d0, 0x000001618ebac400, 0x000001618ebace60, 0x000001618ebb00c0,
0x000001618ec09a30, 0x000001618ee07500, 0x000001618eed1b10, 0x000001618ef70b30,
0x0000016134cdcb80, 0x0000016193087ef0, 0x00000161933cdab0, 0x0000016193917fa0,
0x00000161932420b0, 0x0000016193cb91e0, 0x0000016193dd72f0, 0x0000016193dd5220,
0x0000016193dd4b90, 0x0000016193dd8010, 0x0000016193dd5f40, 0x0000016193dd65d0,
0x0000016195695c50, 0x00000161956962e0, 0x0000016195696970, 0x00000161956948a0,
0x0000016195697000, 0x0000016195697690, 0x00000161956955c0, 0x0000016195694210,
0x0000016195697d20, 0x00000161956983b0, 0x00000161949d2bc0, 0x00000161949d2530,
0x00000161949cfdd0
}

Java Threads: ( => current thread )
  0x00000161330e92a0 JavaThread "main"                              [_thread_blocked, id=28696, stack(0x000000559c300000,0x000000559c400000) (1024K)]
  0x000001618eba0290 JavaThread "Reference Handler"          daemon [_thread_blocked, id=21368, stack(0x000000559c700000,0x000000559c800000) (1024K)]
  0x000001618eba31d0 JavaThread "Finalizer"                  daemon [_thread_blocked, id=17532, stack(0x000000559c800000,0x000000559c900000) (1024K)]
  0x000001618eba6a60 JavaThread "Signal Dispatcher"          daemon [_thread_blocked, id=24164, stack(0x000000559c900000,0x000000559ca00000) (1024K)]
=>0x000001618eba99d0 JavaThread "Attach Listener"            daemon [_thread_in_vm, id=25920, stack(0x000000559ca00000,0x000000559cb00000) (1024K)]
  0x000001618ebac400 JavaThread "Service Thread"             daemon [_thread_blocked, id=20608, stack(0x000000559cb00000,0x000000559cc00000) (1024K)]
  0x000001618ebace60 JavaThread "Monitor Deflation Thread"   daemon [_thread_blocked, id=26416, stack(0x000000559cc00000,0x000000559cd00000) (1024K)]
  0x000001618ebb00c0 JavaThread "C2 CompilerThread0"         daemon [_thread_blocked, id=24240, stack(0x000000559cd00000,0x000000559ce00000) (1024K)]
  0x000001618ec09a30 JavaThread "C1 CompilerThread0"         daemon [_thread_blocked, id=25772, stack(0x000000559ce00000,0x000000559cf00000) (1024K)]
  0x000001618ee07500 JavaThread "Common-Cleaner"             daemon [_thread_blocked, id=20648, stack(0x000000559cf00000,0x000000559d000000) (1024K)]
  0x000001618eed1b10 JavaThread "Notification Thread"        daemon [_thread_blocked, id=5832, stack(0x000000559d000000,0x000000559d100000) (1024K)]
  0x000001618ef70b30 JavaThread "Active Thread: Equinox Container: 274cd11b-fbc1-4e41-a2b3-42f82951f211"        [_thread_blocked, id=320, stack(0x000000559d700000,0x000000559d800000) (1024K)]
  0x0000016134cdcb80 JavaThread "Refresh Thread: Equinox Container: 274cd11b-fbc1-4e41-a2b3-42f82951f211" daemon [_thread_blocked, id=23740, stack(0x000000559da00000,0x000000559db00000) (1024K)]
  0x0000016193087ef0 JavaThread "Framework Event Dispatcher: Equinox Container: 274cd11b-fbc1-4e41-a2b3-42f82951f211" daemon [_thread_blocked, id=20420, stack(0x000000559db00000,0x000000559dc00000) (1024K)]
  0x00000161933cdab0 JavaThread "Start Level: Equinox Container: 274cd11b-fbc1-4e41-a2b3-42f82951f211" daemon [_thread_blocked, id=12528, stack(0x000000559d900000,0x000000559da00000) (1024K)]
  0x0000016193917fa0 JavaThread "Bundle File Closer"         daemon [_thread_blocked, id=5308, stack(0x000000559dc00000,0x000000559dd00000) (1024K)]
  0x00000161932420b0 JavaThread "SCR Component Actor"        daemon [_thread_blocked, id=17700, stack(0x000000559dd00000,0x000000559de00000) (1024K)]
  0x0000016193cb91e0 JavaThread "Worker-JM"                         [_thread_blocked, id=30616, stack(0x000000559de00000,0x000000559df00000) (1024K)]
  0x0000016193dd72f0 JavaThread "JNA Cleaner"                daemon [_thread_blocked, id=17800, stack(0x000000559df00000,0x000000559e000000) (1024K)]
  0x0000016193dd5220 JavaThread "Worker-1"                          [_thread_blocked, id=28824, stack(0x000000559e100000,0x000000559e200000) (1024K)]
  0x0000016193dd4b90 JavaThread "Java indexing"              daemon [_thread_blocked, id=29548, stack(0x000000559e400000,0x000000559e500000) (1024K)]
  0x0000016193dd8010 JavaThread "Worker-3"                          [_thread_blocked, id=9136, stack(0x000000559e800000,0x000000559e900000) (1024K)]
  0x0000016193dd5f40 JavaThread "Thread-1"                   daemon [_thread_in_native, id=5360, stack(0x000000559ea00000,0x000000559eb00000) (1024K)]
  0x0000016193dd65d0 JavaThread "Thread-2"                   daemon [_thread_in_native, id=7932, stack(0x000000559eb00000,0x000000559ec00000) (1024K)]
  0x0000016195695c50 JavaThread "Thread-3"                   daemon [_thread_in_native, id=27972, stack(0x000000559ec00000,0x000000559ed00000) (1024K)]
  0x00000161956962e0 JavaThread "Thread-4"                   daemon [_thread_in_native, id=28160, stack(0x000000559ed00000,0x000000559ee00000) (1024K)]
  0x0000016195696970 JavaThread "Thread-5"                   daemon [_thread_in_native, id=20432, stack(0x000000559ee00000,0x000000559ef00000) (1024K)]
  0x00000161956948a0 JavaThread "Thread-6"                   daemon [_thread_in_native, id=19376, stack(0x000000559ef00000,0x000000559f000000) (1024K)]
  0x0000016195697000 JavaThread "Thread-7"                   daemon [_thread_in_native, id=4464, stack(0x000000559f000000,0x000000559f100000) (1024K)]
  0x0000016195697690 JavaThread "Thread-8"                   daemon [_thread_in_native, id=29424, stack(0x000000559f100000,0x000000559f200000) (1024K)]
  0x00000161956955c0 JavaThread "Thread-9"                   daemon [_thread_in_native, id=12380, stack(0x000000559f200000,0x000000559f300000) (1024K)]
  0x0000016195694210 JavaThread "pool-2-thread-1"                   [_thread_blocked, id=12668, stack(0x000000559f300000,0x000000559f400000) (1024K)]
  0x0000016195697d20 JavaThread "WorkspaceEventsHandler"            [_thread_blocked, id=5144, stack(0x000000559f400000,0x000000559f500000) (1024K)]
  0x00000161956983b0 JavaThread "pool-1-thread-1"                   [_thread_blocked, id=336, stack(0x000000559f500000,0x000000559f600000) (1024K)]
  0x00000161949d2bc0 JavaThread "Compiler Source File Reader" daemon [_thread_blocked, id=25696, stack(0x000000559c200000,0x000000559c300000) (1024K)]
  0x00000161949d2530 JavaThread "Compiler Source File Reader" daemon [_thread_blocked, id=30100, stack(0x000000559e200000,0x000000559e300000) (1024K)]
  0x00000161949cfdd0 JavaThread "Compiler Source File Reader" daemon [_thread_blocked, id=24232, stack(0x000000559e300000,0x000000559e400000) (1024K)]
Total: 37

Other Threads:
  0x000001618d1e4360 VMThread "VM Thread"                           [id=24320, stack(0x000000559c600000,0x000000559c700000) (1024K)]
  0x000001618d0dca00 WatcherThread "VM Periodic Task Thread"        [id=14236, stack(0x000000559c500000,0x000000559c600000) (1024K)]
  0x0000016134c667e0 WorkerThread "GC Thread#0"                     [id=22460, stack(0x000000559c400000,0x000000559c500000) (1024K)]
  0x0000016193856280 WorkerThread "GC Thread#1"                     [id=13324, stack(0x000000559d100000,0x000000559d200000) (1024K)]
  0x00000161938578a0 WorkerThread "GC Thread#2"                     [id=25936, stack(0x000000559d200000,0x000000559d300000) (1024K)]
  0x0000016193857140 WorkerThread "GC Thread#3"                     [id=24888, stack(0x000000559d300000,0x000000559d400000) (1024K)]
  0x0000016193856d90 WorkerThread "GC Thread#4"                     [id=10940, stack(0x000000559d400000,0x000000559d500000) (1024K)]
  0x0000016193855ed0 WorkerThread "GC Thread#5"                     [id=13240, stack(0x000000559d500000,0x000000559d600000) (1024K)]
  0x0000016193856630 WorkerThread "GC Thread#6"                     [id=26804, stack(0x000000559d600000,0x000000559d700000) (1024K)]
  0x000001618ecfac10 WorkerThread "GC Thread#7"                     [id=28400, stack(0x000000559d800000,0x000000559d900000) (1024K)]
Total: 10

Threads with active compile tasks:
Total: 0

VM state: not at safepoint (normal execution)

VM Mutex/Monitor currently owned by a thread: None

Heap address: 0x0000000080000000, size: 2048 MB, Compressed Oops mode: 32-bit

CDS archive(s) mapped at: [0x000001614c000000-0x000001614cba0000-0x000001614cba0000), size 12189696, SharedBaseAddress: 0x000001614c000000, ArchiveRelocationMode: 1.
Compressed class space mapped at: 0x000001614d000000-0x000001618d000000, reserved size: 1073741824
Narrow klass base: 0x000001614c000000, Narrow klass shift: 0, Narrow klass range: 0x100000000

GC Precious Log:
 CardTable entry size: 512
 CPUs: 8 total, 8 available
 Memory: 15792M
 Large Page Support: Disabled
 NUMA Support: Disabled
 Compressed Oops: Enabled (32-bit)
 Alignments: Space 512K, Generation 512K, Heap 2M
 Heap Min Capacity: 100M
 Heap Initial Capacity: 100M
 Heap Max Capacity: 2G
 Pre-touch: Disabled
 Parallel Workers: 8

Heap:
 PSYoungGen      total 6144K, used 4892K [0x00000000d5580000, 0x00000000d5c80000, 0x0000000100000000)
  eden space 5120K, 86% used [0x00000000d5580000,0x00000000d59cf180,0x00000000d5a80000)
  from space 1024K, 46% used [0x00000000d5b80000,0x00000000d5bf8000,0x00000000d5c80000)
  to   space 1024K, 0% used [0x00000000d5a80000,0x00000000d5a80000,0x00000000d5b80000)
 ParOldGen       total 247808K, used 167088K [0x0000000080000000, 0x000000008f200000, 0x00000000d5580000)
  object space 247808K, 67% used [0x0000000080000000,0x000000008a32c058,0x000000008f200000)
 Metaspace       used 71357K, committed 73024K, reserved 1179648K
  class space    used 7232K, committed 8000K, reserved 1048576K

Card table byte_map: [0x0000016147440000,0x0000016147850000] _byte_map_base: 0x0000016147040000

Marking Bits: (ParMarkBitMap*) 0x00007ff8cb9c3450
 Begin Bits: [0x0000016147b00000, 0x0000016149b00000)
 End Bits:   [0x0000016149b00000, 0x000001614bb00000)

Polling page: 0x00000161332e0000

Metaspace:

Usage:
  Non-class:     62.62 MB used.
      Class:      7.06 MB used.
       Both:     69.69 MB used.

Virtual space:
  Non-class space:      128.00 MB reserved,      63.50 MB ( 50%) committed,  2 nodes.
      Class space:        1.00 GB reserved,       7.81 MB ( <1%) committed,  1 nodes.
             Both:        1.12 GB reserved,      71.31 MB (  6%) committed. 

Chunk freelists:
   Non-Class:  15.89 MB
       Class:  8.05 MB
        Both:  23.94 MB

MaxMetaspaceSize: unlimited
CompressedClassSpaceSize: 1.00 GB
Initial GC threshold: 21.00 MB
Current GC threshold: 117.44 MB
CDS: on
 - commit_granule_bytes: 65536.
 - commit_granule_words: 8192.
 - virtual_space_node_default_size: 8388608.
 - enlarge_chunks_in_place: 1.
 - use_allocation_guard: 0.


Internal statistics:

num_allocs_failed_limit: 9.
num_arena_births: 1418.
num_arena_deaths: 16.
num_vsnodes_births: 3.
num_vsnodes_deaths: 0.
num_space_committed: 1140.
num_space_uncommitted: 0.
num_chunks_returned_to_freelist: 26.
num_chunks_taken_from_freelist: 4960.
num_chunk_merges: 7.
num_chunk_splits: 2965.
num_chunks_enlarged: 1604.
num_inconsistent_stats: 0.

CodeHeap 'non-profiled nmethods': size=120000Kb used=13533Kb max_used=13533Kb free=106466Kb
 bounds [0x000001613fd30000, 0x0000016140a70000, 0x0000016147260000]
CodeHeap 'profiled nmethods': size=120000Kb used=36267Kb max_used=37988Kb free=83732Kb
 bounds [0x0000016138260000, 0x000001613a780000, 0x000001613f790000]
CodeHeap 'non-nmethods': size=5760Kb used=1444Kb max_used=1532Kb free=4315Kb
 bounds [0x000001613f790000, 0x000001613fa00000, 0x000001613fd30000]
CodeCache: size=245760Kb, used=51244Kb, max_used=53053Kb, free=194513Kb
 total_blobs=16142, nmethods=15386, adapters=661, full_count=0
Compilation: enabled, stopped_count=0, restarted_count=0

Compilation events (20 events):
Event: 2232.418 Thread 0x000001618ebb00c0 17019       4       org.eclipse.jdt.internal.core.NameLookup::trim (31 bytes)
Event: 2232.422 Thread 0x000001618ec09a30 17036       3       org.eclipse.lsp4j.jsonrpc.messages.Either::forLeft (10 bytes)
Event: 2232.422 Thread 0x000001618ec09a30 nmethod 17036 0x0000016138c71710 code [0x0000016138c718c0, 0x0000016138c71ae8]
Event: 2232.429 Thread 0x000001618ebb00c0 nmethod 17019 0x0000016140a3d490 code [0x0000016140a3d680, 0x0000016140a3e020]
Event: 2232.429 Thread 0x000001618ebb00c0 17018   !   4       org.eclipse.jdt.internal.core.NameLookup::isPackage (208 bytes)
Event: 2232.461 Thread 0x000001618ebb00c0 nmethod 17018 0x0000016140a3e510 code [0x0000016140a3e7c0, 0x0000016140a3f980]
Event: 2232.461 Thread 0x000001618ebb00c0 17005       4       org.eclipse.jdt.internal.compiler.lookup.Scope::findTypeInOnDemandImports (304 bytes)
Event: 2232.553 Thread 0x000001618ebb00c0 nmethod 17005 0x0000016140a40690 code [0x0000016140a40ac0, 0x0000016140a43150]
Event: 2232.553 Thread 0x000001618ebb00c0 17033       4       org.eclipse.jdt.core.compiler.CharOperation::subarray (48 bytes)
Event: 2232.555 Thread 0x000001618ebb00c0 nmethod 17033 0x0000016140a44e90 code [0x0000016140a45040, 0x0000016140a452a8]
Event: 2232.555 Thread 0x000001618ebb00c0 17016       4       org.eclipse.jdt.internal.core.ModularClassFile::getModule (39 bytes)
Event: 2232.564 Thread 0x000001618ebb00c0 nmethod 17016 0x0000016140a45410 code [0x0000016140a456c0, 0x0000016140a45e60]
Event: 2232.565 Thread 0x000001618ebb00c0 17024       4       java.util.stream.Nodes$FixedNodeBuilder::begin (52 bytes)
Event: 2232.565 Thread 0x000001618ebb00c0 nmethod 17024 0x0000016140a46690 code [0x0000016140a46820, 0x0000016140a46900]
Event: 2232.566 Thread 0x000001618ebb00c0 17010       4       java.util.LinkedHashMap::clear (15 bytes)
Event: 2232.569 Thread 0x000001618ebb00c0 nmethod 17010 0x0000016140a46a10 code [0x0000016140a46ba0, 0x0000016140a46cd0]
Event: 2232.569 Thread 0x000001618ebb00c0 17026       4       org.eclipse.jdt.internal.compiler.lookup.BinaryTypeBinding::setHierarchyCheckDone (13 bytes)
Event: 2232.570 Thread 0x000001618ebb00c0 nmethod 17026 0x0000016140a46d90 code [0x0000016140a46f20, 0x0000016140a46fb0]
Event: 2232.575 Thread 0x0000016195025a70 nmethod 16977 0x0000016140a47090 code [0x0000016140a48200, 0x0000016140a51648]
Event: 2232.620 Thread 0x0000016195024cd0 nmethod 16976 0x0000016140a58210 code [0x0000016140a59300, 0x0000016140a60b80]

GC Heap History (20 events):
Event: 2232.041 GC heap before
{Heap before GC invocations=407 (full 4):
 PSYoungGen      total 5632K, used 5560K [0x00000000d5580000, 0x00000000d5c00000, 0x0000000100000000)
  eden space 5120K, 99% used [0x00000000d5580000,0x00000000d5a7d6f0,0x00000000d5a80000)
  from space 512K, 88% used [0x00000000d5b80000,0x00000000d5bf0ab0,0x00000000d5c00000)
  to   space 512K, 0% used [0x00000000d5b00000,0x00000000d5b00000,0x00000000d5b80000)
 ParOldGen       total 247808K, used 160668K [0x0000000080000000, 0x000000008f200000, 0x00000000d5580000)
  object space 247808K, 64% used [0x0000000080000000,0x0000000089ce72b8,0x000000008f200000)
 Metaspace       used 71329K, committed 73024K, reserved 1179648K
  class space    used 7231K, committed 8000K, reserved 1048576K
}
Event: 2232.043 GC heap after
{Heap after GC invocations=407 (full 4):
 PSYoungGen      total 5632K, used 512K [0x00000000d5580000, 0x00000000d5d80000, 0x0000000100000000)
  eden space 5120K, 0% used [0x00000000d5580000,0x00000000d5580000,0x00000000d5a80000)
  from space 512K, 100% used [0x00000000d5b00000,0x00000000d5b80000,0x00000000d5b80000)
  to   space 1536K, 0% used [0x00000000d5c00000,0x00000000d5c00000,0x00000000d5d80000)
 ParOldGen       total 247808K, used 161210K [0x0000000080000000, 0x000000008f200000, 0x00000000d5580000)
  object space 247808K, 65% used [0x0000000080000000,0x0000000089d6e950,0x000000008f200000)
 Metaspace       used 71329K, committed 73024K, reserved 1179648K
  class space    used 7231K, committed 8000K, reserved 1048576K
}
Event: 2232.057 GC heap before
{Heap before GC invocations=408 (full 4):
 PSYoungGen      total 5632K, used 5632K [0x00000000d5580000, 0x00000000d5d80000, 0x0000000100000000)
  eden space 5120K, 100% used [0x00000000d5580000,0x00000000d5a80000,0x00000000d5a80000)
  from space 512K, 100% used [0x00000000d5b00000,0x00000000d5b80000,0x00000000d5b80000)
  to   space 1536K, 0% used [0x00000000d5c00000,0x00000000d5c00000,0x00000000d5d80000)
 ParOldGen       total 247808K, used 161210K [0x0000000080000000, 0x000000008f200000, 0x00000000d5580000)
  object space 247808K, 65% used [0x0000000080000000,0x0000000089d6e950,0x000000008f200000)
 Metaspace       used 71329K, committed 73024K, reserved 1179648K
  class space    used 7231K, committed 8000K, reserved 1048576K
}
Event: 2232.059 GC heap after
{Heap after GC invocations=408 (full 4):
 PSYoungGen      total 5632K, used 512K [0x00000000d5580000, 0x00000000d5c80000, 0x0000000100000000)
  eden space 5120K, 0% used [0x00000000d5580000,0x00000000d5580000,0x00000000d5a80000)
  from space 512K, 100% used [0x00000000d5c00000,0x00000000d5c80000,0x00000000d5c80000)
  to   space 1024K, 0% used [0x00000000d5a80000,0x00000000d5a80000,0x00000000d5b80000)
 ParOldGen       total 247808K, used 161725K [0x0000000080000000, 0x000000008f200000, 0x00000000d5580000)
  object space 247808K, 65% used [0x0000000080000000,0x0000000089def570,0x000000008f200000)
 Metaspace       used 71329K, committed 73024K, reserved 1179648K
  class space    used 7231K, committed 8000K, reserved 1048576K
}
Event: 2232.109 GC heap before
{Heap before GC invocations=409 (full 4):
 PSYoungGen      total 5632K, used 5632K [0x00000000d5580000, 0x00000000d5c80000, 0x0000000100000000)
  eden space 5120K, 100% used [0x00000000d5580000,0x00000000d5a80000,0x00000000d5a80000)
  from space 512K, 100% used [0x00000000d5c00000,0x00000000d5c80000,0x00000000d5c80000)
  to   space 1024K, 0% used [0x00000000d5a80000,0x00000000d5a80000,0x00000000d5b80000)
 ParOldGen       total 247808K, used 161725K [0x0000000080000000, 0x000000008f200000, 0x00000000d5580000)
  object space 247808K, 65% used [0x0000000080000000,0x0000000089def570,0x000000008f200000)
 Metaspace       used 71334K, committed 73024K, reserved 1179648K
  class space    used 7231K, committed 8000K, reserved 1048576K
}
Event: 2232.112 GC heap after
{Heap after GC invocations=409 (full 4):
 PSYoungGen      total 6144K, used 1012K [0x00000000d5580000, 0x00000000d5e80000, 0x0000000100000000)
  eden space 5120K, 0% used [0x00000000d5580000,0x00000000d5580000,0x00000000d5a80000)
  from space 1024K, 98% used [0x00000000d5a80000,0x00000000d5b7d200,0x00000000d5b80000)
  to   space 2048K, 0% used [0x00000000d5c80000,0x00000000d5c80000,0x00000000d5e80000)
 ParOldGen       total 247808K, used 162237K [0x0000000080000000, 0x000000008f200000, 0x00000000d5580000)
  object space 247808K, 65% used [0x0000000080000000,0x0000000089e6f570,0x000000008f200000)
 Metaspace       used 71334K, committed 73024K, reserved 1179648K
  class space    used 7231K, committed 8000K, reserved 1048576K
}
Event: 2232.135 GC heap before
{Heap before GC invocations=410 (full 4):
 PSYoungGen      total 6144K, used 6132K [0x00000000d5580000, 0x00000000d5e80000, 0x0000000100000000)
  eden space 5120K, 100% used [0x00000000d5580000,0x00000000d5a80000,0x00000000d5a80000)
  from space 1024K, 98% used [0x00000000d5a80000,0x00000000d5b7d200,0x00000000d5b80000)
  to   space 2048K, 0% used [0x00000000d5c80000,0x00000000d5c80000,0x00000000d5e80000)
 ParOldGen       total 247808K, used 162237K [0x0000000080000000, 0x000000008f200000, 0x00000000d5580000)
  object space 247808K, 65% used [0x0000000080000000,0x0000000089e6f570,0x000000008f200000)
 Metaspace       used 71334K, committed 73024K, reserved 1179648K
  class space    used 7231K, committed 8000K, reserved 1048576K
}
Event: 2232.141 GC heap after
{Heap after GC invocations=410 (full 4):
 PSYoungGen      total 6144K, used 528K [0x00000000d5580000, 0x00000000d5d80000, 0x0000000100000000)
  eden space 5120K, 0% used [0x00000000d5580000,0x00000000d5580000,0x00000000d5a80000)
  from space 1024K, 51% used [0x00000000d5c80000,0x00000000d5d04010,0x00000000d5d80000)
  to   space 1024K, 0% used [0x00000000d5a80000,0x00000000d5a80000,0x00000000d5b80000)
 ParOldGen       total 247808K, used 163273K [0x0000000080000000, 0x000000008f200000, 0x00000000d5580000)
  object space 247808K, 65% used [0x0000000080000000,0x0000000089f725c0,0x000000008f200000)
 Metaspace       used 71334K, committed 73024K, reserved 1179648K
  class space    used 7231K, committed 8000K, reserved 1048576K
}
Event: 2232.208 GC heap before
{Heap before GC invocations=411 (full 4):
 PSYoungGen      total 6144K, used 5648K [0x00000000d5580000, 0x00000000d5d80000, 0x0000000100000000)
  eden space 5120K, 100% used [0x00000000d5580000,0x00000000d5a80000,0x00000000d5a80000)
  from space 1024K, 51% used [0x00000000d5c80000,0x00000000d5d04010,0x00000000d5d80000)
  to   space 1024K, 0% used [0x00000000d5a80000,0x00000000d5a80000,0x00000000d5b80000)
 ParOldGen       total 247808K, used 163273K [0x0000000080000000, 0x000000008f200000, 0x00000000d5580000)
  object space 247808K, 65% used [0x0000000080000000,0x0000000089f725c0,0x000000008f200000)
 Metaspace       used 71341K, committed 73024K, reserved 1179648K
  class space    used 7231K, committed 8000K, reserved 1048576K
}
Event: 2232.210 GC heap after
{Heap after GC invocations=411 (full 4):
 PSYoungGen      total 6144K, used 724K [0x00000000d5580000, 0x00000000d5d00000, 0x0000000100000000)
  eden space 5120K, 0% used [0x00000000d5580000,0x00000000d5580000,0x00000000d5a80000)
  from space 1024K, 70% used [0x00000000d5a80000,0x00000000d5b35200,0x00000000d5b80000)
  to   space 1024K, 0% used [0x00000000d5c00000,0x00000000d5c00000,0x00000000d5d00000)
 ParOldGen       total 247808K, used 163716K [0x0000000080000000, 0x000000008f200000, 0x00000000d5580000)
  object space 247808K, 66% used [0x0000000080000000,0x0000000089fe1200,0x000000008f200000)
 Metaspace       used 71341K, committed 73024K, reserved 1179648K
  class space    used 7231K, committed 8000K, reserved 1048576K
}
Event: 2232.233 GC heap before
{Heap before GC invocations=412 (full 4):
 PSYoungGen      total 6144K, used 5844K [0x00000000d5580000, 0x00000000d5d00000, 0x0000000100000000)
  eden space 5120K, 100% used [0x00000000d5580000,0x00000000d5a80000,0x00000000d5a80000)
  from space 1024K, 70% used [0x00000000d5a80000,0x00000000d5b35200,0x00000000d5b80000)
  to   space 1024K, 0% used [0x00000000d5c00000,0x00000000d5c00000,0x00000000d5d00000)
 ParOldGen       total 247808K, used 163716K [0x0000000080000000, 0x000000008f200000, 0x00000000d5580000)
  object space 247808K, 66% used [0x0000000080000000,0x0000000089fe1200,0x000000008f200000)
 Metaspace       used 71341K, committed 73024K, reserved 1179648K
  class space    used 7231K, committed 8000K, reserved 1048576K
}
Event: 2232.235 GC heap after
{Heap after GC invocations=412 (full 4):
 PSYoungGen      total 6144K, used 832K [0x00000000d5580000, 0x00000000d5d00000, 0x0000000100000000)
  eden space 5120K, 0% used [0x00000000d5580000,0x00000000d5580000,0x00000000d5a80000)
  from space 1024K, 81% used [0x00000000d5c00000,0x00000000d5cd0000,0x00000000d5d00000)
  to   space 1024K, 0% used [0x00000000d5a80000,0x00000000d5a80000,0x00000000d5b80000)
 ParOldGen       total 247808K, used 164321K [0x0000000080000000, 0x000000008f200000, 0x00000000d5580000)
  object space 247808K, 66% used [0x0000000080000000,0x000000008a078400,0x000000008f200000)
 Metaspace       used 71341K, committed 73024K, reserved 1179648K
  class space    used 7231K, committed 8000K, reserved 1048576K
}
Event: 2232.251 GC heap before
{Heap before GC invocations=413 (full 4):
 PSYoungGen      total 6144K, used 5952K [0x00000000d5580000, 0x00000000d5d00000, 0x0000000100000000)
  eden space 5120K, 100% used [0x00000000d5580000,0x00000000d5a80000,0x00000000d5a80000)
  from space 1024K, 81% used [0x00000000d5c00000,0x00000000d5cd0000,0x00000000d5d00000)
  to   space 1024K, 0% used [0x00000000d5a80000,0x00000000d5a80000,0x00000000d5b80000)
 ParOldGen       total 247808K, used 164321K [0x0000000080000000, 0x000000008f200000, 0x00000000d5580000)
  object space 247808K, 66% used [0x0000000080000000,0x000000008a078400,0x000000008f200000)
 Metaspace       used 71341K, committed 73024K, reserved 1179648K
  class space    used 7231K, committed 8000K, reserved 1048576K
}
Event: 2232.253 GC heap after
{Heap after GC invocations=413 (full 4):
 PSYoungGen      total 6144K, used 666K [0x00000000d5580000, 0x00000000d5c80000, 0x0000000100000000)
  eden space 5120K, 0% used [0x00000000d5580000,0x00000000d5580000,0x00000000d5a80000)
  from space 1024K, 65% used [0x00000000d5a80000,0x00000000d5b269e0,0x00000000d5b80000)
  to   space 1024K, 0% used [0x00000000d5b80000,0x00000000d5b80000,0x00000000d5c80000)
 ParOldGen       total 247808K, used 165012K [0x0000000080000000, 0x000000008f200000, 0x00000000d5580000)
  object space 247808K, 66% used [0x0000000080000000,0x000000008a125070,0x000000008f200000)
 Metaspace       used 71341K, committed 73024K, reserved 1179648K
  class space    used 7231K, committed 8000K, reserved 1048576K
}
Event: 2232.314 GC heap before
{Heap before GC invocations=414 (full 4):
 PSYoungGen      total 6144K, used 5781K [0x00000000d5580000, 0x00000000d5c80000, 0x0000000100000000)
  eden space 5120K, 99% used [0x00000000d5580000,0x00000000d5a7ec80,0x00000000d5a80000)
  from space 1024K, 65% used [0x00000000d5a80000,0x00000000d5b269e0,0x00000000d5b80000)
  to   space 1024K, 0% used [0x00000000d5b80000,0x00000000d5b80000,0x00000000d5c80000)
 ParOldGen       total 247808K, used 165012K [0x0000000080000000, 0x000000008f200000, 0x00000000d5580000)
  object space 247808K, 66% used [0x0000000080000000,0x000000008a125070,0x000000008f200000)
 Metaspace       used 71352K, committed 73024K, reserved 1179648K
  class space    used 7232K, committed 8000K, reserved 1048576K
}
Event: 2232.316 GC heap after
{Heap after GC invocations=414 (full 4):
 PSYoungGen      total 6144K, used 944K [0x00000000d5580000, 0x00000000d5c80000, 0x0000000100000000)
  eden space 5120K, 0% used [0x00000000d5580000,0x00000000d5580000,0x00000000d5a80000)
  from space 1024K, 92% used [0x00000000d5b80000,0x00000000d5c6c1a8,0x00000000d5c80000)
  to   space 1024K, 0% used [0x00000000d5a80000,0x00000000d5a80000,0x00000000d5b80000)
 ParOldGen       total 247808K, used 165566K [0x0000000080000000, 0x000000008f200000, 0x00000000d5580000)
  object space 247808K, 66% used [0x0000000080000000,0x000000008a1af890,0x000000008f200000)
 Metaspace       used 71352K, committed 73024K, reserved 1179648K
  class space    used 7232K, committed 8000K, reserved 1048576K
}
Event: 2232.335 GC heap before
{Heap before GC invocations=415 (full 4):
 PSYoungGen      total 6144K, used 6064K [0x00000000d5580000, 0x00000000d5c80000, 0x0000000100000000)
  eden space 5120K, 100% used [0x00000000d5580000,0x00000000d5a80000,0x00000000d5a80000)
  from space 1024K, 92% used [0x00000000d5b80000,0x00000000d5c6c1a8,0x00000000d5c80000)
  to   space 1024K, 0% used [0x00000000d5a80000,0x00000000d5a80000,0x00000000d5b80000)
 ParOldGen       total 247808K, used 165566K [0x0000000080000000, 0x000000008f200000, 0x00000000d5580000)
  object space 247808K, 66% used [0x0000000080000000,0x000000008a1af890,0x000000008f200000)
 Metaspace       used 71352K, committed 73024K, reserved 1179648K
  class space    used 7232K, committed 8000K, reserved 1048576K
}
Event: 2232.343 GC heap after
{Heap after GC invocations=415 (full 4):
 PSYoungGen      total 6144K, used 746K [0x00000000d5580000, 0x00000000d5c80000, 0x0000000100000000)
  eden space 5120K, 0% used [0x00000000d5580000,0x00000000d5580000,0x00000000d5a80000)
  from space 1024K, 72% used [0x00000000d5a80000,0x00000000d5b3a910,0x00000000d5b80000)
  to   space 1024K, 0% used [0x00000000d5b80000,0x00000000d5b80000,0x00000000d5c80000)
 ParOldGen       total 247808K, used 166396K [0x0000000080000000, 0x000000008f200000, 0x00000000d5580000)
  object space 247808K, 67% used [0x0000000080000000,0x000000008a27f1f8,0x000000008f200000)
 Metaspace       used 71352K, committed 73024K, reserved 1179648K
  class space    used 7232K, committed 8000K, reserved 1048576K
}
Event: 2232.366 GC heap before
{Heap before GC invocations=416 (full 4):
 PSYoungGen      total 6144K, used 5866K [0x00000000d5580000, 0x00000000d5c80000, 0x0000000100000000)
  eden space 5120K, 100% used [0x00000000d5580000,0x00000000d5a80000,0x00000000d5a80000)
  from space 1024K, 72% used [0x00000000d5a80000,0x00000000d5b3a910,0x00000000d5b80000)
  to   space 1024K, 0% used [0x00000000d5b80000,0x00000000d5b80000,0x00000000d5c80000)
 ParOldGen       total 247808K, used 166396K [0x0000000080000000, 0x000000008f200000, 0x00000000d5580000)
  object space 247808K, 67% used [0x0000000080000000,0x000000008a27f1f8,0x000000008f200000)
 Metaspace       used 71352K, committed 73024K, reserved 1179648K
  class space    used 7232K, committed 8000K, reserved 1048576K
}
Event: 2232.368 GC heap after
{Heap after GC invocations=416 (full 4):
 PSYoungGen      total 6144K, used 480K [0x00000000d5580000, 0x00000000d5c80000, 0x0000000100000000)
  eden space 5120K, 0% used [0x00000000d5580000,0x00000000d5580000,0x00000000d5a80000)
  from space 1024K, 46% used [0x00000000d5b80000,0x00000000d5bf8000,0x00000000d5c80000)
  to   space 1024K, 0% used [0x00000000d5a80000,0x00000000d5a80000,0x00000000d5b80000)
 ParOldGen       total 247808K, used 167088K [0x0000000080000000, 0x000000008f200000, 0x00000000d5580000)
  object space 247808K, 67% used [0x0000000080000000,0x000000008a32c058,0x000000008f200000)
 Metaspace       used 71352K, committed 73024K, reserved 1179648K
  class space    used 7232K, committed 8000K, reserved 1048576K
}

Dll operation events (10 events):
Event: 0.229 Loaded shared library c:\Users\ZXJ\.trae-cn\extensions\redhat.java-1.54.0-win32-x64\jre\21.0.10-win32-x86_64\bin\java.dll
Event: 0.295 Loaded shared library c:\Users\ZXJ\.trae-cn\extensions\redhat.java-1.54.0-win32-x64\jre\21.0.10-win32-x86_64\bin\zip.dll
Event: 0.631 Loaded shared library C:\Users\ZXJ\.trae-cn\extensions\redhat.java-1.54.0-win32-x64\jre\21.0.10-win32-x86_64\bin\instrument.dll
Event: 0.652 Loaded shared library C:\Users\ZXJ\.trae-cn\extensions\redhat.java-1.54.0-win32-x64\jre\21.0.10-win32-x86_64\bin\net.dll
Event: 0.661 Loaded shared library C:\Users\ZXJ\.trae-cn\extensions\redhat.java-1.54.0-win32-x64\jre\21.0.10-win32-x86_64\bin\nio.dll
Event: 0.702 Loaded shared library C:\Users\ZXJ\.trae-cn\extensions\redhat.java-1.54.0-win32-x64\jre\21.0.10-win32-x86_64\bin\zip.dll
Event: 0.784 Loaded shared library C:\Users\ZXJ\.trae-cn\extensions\redhat.java-1.54.0-win32-x64\jre\21.0.10-win32-x86_64\bin\jimage.dll
Event: 1.443 Loaded shared library c:\Users\ZXJ\.trae-cn\extensions\redhat.java-1.54.0-win32-x64\jre\21.0.10-win32-x86_64\bin\verify.dll
Event: 7.111 Loaded shared library C:\Users\ZXJ\AppData\Roaming\Trae CN\User\globalStorage\redhat.java\1.54.0\config_win\org.eclipse.equinox.launcher\org.eclipse.equinox.launcher.win32.win32.x86_64_1.3.0.v20260203-2149\eclipse_11919.dll
Event: 12.292 Loaded shared library C:\Users\ZXJ\AppData\Local\Temp\jna-89292\jna11274310470837793884.dll

Deoptimization events (20 events):
Event: 2231.444 Thread 0x0000016193dd5220 DEOPT PACKING pc=0x000001613fffc5e4 sp=0x000000559e1fe390
Event: 2231.444 Thread 0x0000016193dd5220 DEOPT UNPACKING pc=0x000001613f7e3aa2 sp=0x000000559e1fe248 mode 2
Event: 2231.688 Thread 0x0000016193dd5220 DEOPT PACKING pc=0x0000016139025ffe sp=0x000000559e1fe270
Event: 2231.688 Thread 0x0000016193dd5220 DEOPT UNPACKING pc=0x000001613f7e4242 sp=0x000000559e1fd750 mode 0
Event: 2232.037 Thread 0x0000016193dd5220 Uncommon trap: trap_request=0xffffffc6 fr.pc=0x00000161405fcb68 relative=0x0000000000000248
Event: 2232.037 Thread 0x0000016193dd5220 Uncommon trap: reason=bimorphic_or_optimized_type_check action=maybe_recompile pc=0x00000161405fcb68 method=org.eclipse.jdt.internal.core.util.Util.isExcluded(Lorg/eclipse/jdt/core/IJavaElement;)Z @ 1 c2
Event: 2232.037 Thread 0x0000016193dd5220 DEOPT PACKING pc=0x00000161405fcb68 sp=0x000000559e1fcd90
Event: 2232.037 Thread 0x0000016193dd5220 DEOPT UNPACKING pc=0x000001613f7e3aa2 sp=0x000000559e1fcd20 mode 2
Event: 2232.037 Thread 0x0000016193dd5220 Uncommon trap: trap_request=0xffffffc6 fr.pc=0x00000161405fcb68 relative=0x0000000000000248
Event: 2232.037 Thread 0x0000016193dd5220 Uncommon trap: reason=bimorphic_or_optimized_type_check action=maybe_recompile pc=0x00000161405fcb68 method=org.eclipse.jdt.internal.core.util.Util.isExcluded(Lorg/eclipse/jdt/core/IJavaElement;)Z @ 1 c2
Event: 2232.037 Thread 0x0000016193dd5220 DEOPT PACKING pc=0x00000161405fcb68 sp=0x000000559e1fcd90
Event: 2232.037 Thread 0x0000016193dd5220 DEOPT UNPACKING pc=0x000001613f7e3aa2 sp=0x000000559e1fcd20 mode 2
Event: 2232.037 Thread 0x0000016193dd5220 Uncommon trap: trap_request=0xffffffc6 fr.pc=0x00000161405fcb68 relative=0x0000000000000248
Event: 2232.037 Thread 0x0000016193dd5220 Uncommon trap: reason=bimorphic_or_optimized_type_check action=maybe_recompile pc=0x00000161405fcb68 method=org.eclipse.jdt.internal.core.util.Util.isExcluded(Lorg/eclipse/jdt/core/IJavaElement;)Z @ 1 c2
Event: 2232.037 Thread 0x0000016193dd5220 DEOPT PACKING pc=0x00000161405fcb68 sp=0x000000559e1fcd90
Event: 2232.037 Thread 0x0000016193dd5220 DEOPT UNPACKING pc=0x000001613f7e3aa2 sp=0x000000559e1fcd20 mode 2
Event: 2232.037 Thread 0x0000016193dd5220 Uncommon trap: trap_request=0xffffffc6 fr.pc=0x00000161405fcb68 relative=0x0000000000000248
Event: 2232.037 Thread 0x0000016193dd5220 Uncommon trap: reason=bimorphic_or_optimized_type_check action=maybe_recompile pc=0x00000161405fcb68 method=org.eclipse.jdt.internal.core.util.Util.isExcluded(Lorg/eclipse/jdt/core/IJavaElement;)Z @ 1 c2
Event: 2232.037 Thread 0x0000016193dd5220 DEOPT PACKING pc=0x00000161405fcb68 sp=0x000000559e1fcd90
Event: 2232.037 Thread 0x0000016193dd5220 DEOPT UNPACKING pc=0x000001613f7e3aa2 sp=0x000000559e1fcd20 mode 2

Classes loaded (20 events):
Event: 326.193 Loading class java/util/stream/Nodes$AbstractConcNode done
Event: 326.193 Loading class java/util/stream/Nodes$ConcNode done
Event: 2226.556 Loading class java/util/stream/DistinctOps
Event: 2226.558 Loading class java/util/stream/DistinctOps done
Event: 2226.558 Loading class java/util/stream/DistinctOps$1
Event: 2226.561 Loading class java/util/stream/DistinctOps$1 done
Event: 2226.585 Loading class java/util/stream/DistinctOps$1$2
Event: 2226.586 Loading class java/util/stream/DistinctOps$1$2 done
Event: 2226.746 Loading class org/xml/sax/SAXNotRecognizedException
Event: 2226.761 Loading class org/xml/sax/SAXNotRecognizedException done
Event: 2226.761 Loading class org/xml/sax/SAXNotSupportedException
Event: 2226.761 Loading class org/xml/sax/SAXNotSupportedException done
Event: 2226.783 Loading class com/sun/org/apache/xerces/internal/util/URI
Event: 2226.788 Loading class com/sun/org/apache/xerces/internal/util/URI done
Event: 2226.809 Loading class com/sun/org/apache/xerces/internal/xni/XNIException
Event: 2226.810 Loading class com/sun/org/apache/xerces/internal/xni/XNIException done
Event: 2226.905 Loading class com/sun/org/apache/xerces/internal/xni/parser/XMLParseException
Event: 2226.905 Loading class com/sun/org/apache/xerces/internal/xni/parser/XMLParseException done
Event: 2227.724 Loading class jdk/internal/module/IllegalAccessLogger
Event: 2227.725 Loading class jdk/internal/module/IllegalAccessLogger done

Classes unloaded (8 events):
Event: 13.581 Thread 0x000001618d1e4360 Unloading class 0x000001614d1a8800 'java/lang/invoke/LambdaForm$MH+0x000001614d1a8800'
Event: 13.581 Thread 0x000001618d1e4360 Unloading class 0x000001614d1a8400 'java/lang/invoke/LambdaForm$MH+0x000001614d1a8400'
Event: 13.581 Thread 0x000001618d1e4360 Unloading class 0x000001614d1a8000 'java/lang/invoke/LambdaForm$MH+0x000001614d1a8000'
Event: 13.581 Thread 0x000001618d1e4360 Unloading class 0x000001614d1a7c00 'java/lang/invoke/LambdaForm$MH+0x000001614d1a7c00'
Event: 13.581 Thread 0x000001618d1e4360 Unloading class 0x000001614d1a7800 'java/lang/invoke/LambdaForm$BMH+0x000001614d1a7800'
Event: 13.581 Thread 0x000001618d1e4360 Unloading class 0x000001614d1a7400 'java/lang/invoke/LambdaForm$DMH+0x000001614d1a7400'
Event: 13.581 Thread 0x000001618d1e4360 Unloading class 0x000001614d1a6400 'java/lang/invoke/LambdaForm$DMH+0x000001614d1a6400'
Event: 53.328 Thread 0x000001618d1e4360 Unloading class 0x000001614d6fc400 'java/lang/invoke/LambdaForm$DMH+0x000001614d6fc400'

Classes redefined (0 events):
No events

Internal exceptions (20 events):
Event: 53.550 Thread 0x0000016193dd5220 Exception <a 'sun/nio/fs/WindowsException'{0x00000000d5693df8}> (0x00000000d5693df8) 
thrown [s\src\hotspot\share\prims\jni.cpp, line 520]
Event: 53.551 Thread 0x0000016193dd5220 Exception <a 'sun/nio/fs/WindowsException'{0x00000000d5694ad8}> (0x00000000d5694ad8) 
thrown [s\src\hotspot\share\prims\jni.cpp, line 520]
Event: 53.551 Thread 0x0000016193dd5220 Exception <a 'sun/nio/fs/WindowsException'{0x00000000d5698608}> (0x00000000d5698608) 
thrown [s\src\hotspot\share\prims\jni.cpp, line 520]
Event: 53.554 Thread 0x0000016193dd5220 Exception <a 'sun/nio/fs/WindowsException'{0x00000000d56d16a8}> (0x00000000d56d16a8) 
thrown [s\src\hotspot\share\prims\jni.cpp, line 520]
Event: 53.554 Thread 0x0000016193dd5220 Exception <a 'sun/nio/fs/WindowsException'{0x00000000d56d1f60}> (0x00000000d56d1f60) 
thrown [s\src\hotspot\share\prims\jni.cpp, line 520]
Event: 53.621 Thread 0x0000016193dd5220 Exception <a 'sun/nio/fs/WindowsException'{0x00000000d55fa000}> (0x00000000d55fa000) 
thrown [s\src\hotspot\share\prims\jni.cpp, line 520]
Event: 53.621 Thread 0x0000016193dd5220 Exception <a 'sun/nio/fs/WindowsException'{0x00000000d55fa630}> (0x00000000d55fa630) 
thrown [s\src\hotspot\share\prims\jni.cpp, line 520]
Event: 54.644 Thread 0x0000016193dd5220 Exception <a 'sun/nio/fs/WindowsException'{0x00000000d56baa90}> (0x00000000d56baa90) 
thrown [s\src\hotspot\share\prims\jni.cpp, line 520]
Event: 54.644 Thread 0x0000016193dd5220 Exception <a 'sun/nio/fs/WindowsException'{0x00000000d56bb0c0}> (0x00000000d56bb0c0) 
thrown [s\src\hotspot\share\prims\jni.cpp, line 520]
Event: 326.187 Thread 0x0000016193dd5220 Exception <a 'sun/nio/fs/WindowsException'{0x00000000d558ac48}> (0x00000000d558ac48) 
thrown [s\src\hotspot\share\prims\jni.cpp, line 520]
Event: 326.187 Thread 0x0000016193dd5220 Exception <a 'sun/nio/fs/WindowsException'{0x00000000d558b528}> (0x00000000d558b528) 
thrown [s\src\hotspot\share\prims\jni.cpp, line 520]
Event: 326.188 Thread 0x0000016193dd5220 Implicit null exception at 0x00000161404b3d86 to 0x00000161404b4018
Event: 326.207 Thread 0x0000016193dd5220 Exception <a 'java/lang/NoSuchMethodError'{0x00000000d5626798}: static [J.<clinit>()V> (0x00000000d5626798) 
thrown [s\src\hotspot\share\prims\jni.cpp, line 1111]
Event: 2226.682 Thread 0x0000016195697d20 Exception <a 'java/lang/NoSuchMethodError'{0x00000000d5596268}: 'java.lang.Object java.lang.invoke.DirectMethodHandle$Holder.invokeStatic(java.lang.Object, java.lang.Object, int, java.lang.Object)'> (0x00000000d5596268) 
thrown [s\src\hotspot\share\interpreter\linkResolver.cpp, line 773]
Event: 2227.241 Thread 0x0000016193dd4b90 Exception <a 'sun/nio/fs/WindowsException'{0x00000000d57dfc20}> (0x00000000d57dfc20) 
thrown [s\src\hotspot\share\prims\jni.cpp, line 520]
Event: 2231.210 Thread 0x0000016193dd5220 Implicit null exception at 0x00000161402f7060 to 0x00000161402f9ff4
Event: 2231.211 Thread 0x0000016193dd5220 Implicit null exception at 0x0000016140882106 to 0x00000161408827f0
Event: 2231.248 Thread 0x0000016193dd5220 Implicit null exception at 0x00000161400fbf06 to 0x00000161400fc031
Event: 2231.269 Thread 0x0000016193dd5220 Implicit null exception at 0x00000161402b8186 to 0x00000161402b8290
Event: 2231.444 Thread 0x0000016193dd5220 Implicit null exception at 0x000001613fff92d0 to 0x000001613fffc5c0

ZGC Phase Switch (0 events):
No events

VM Operations (20 events):
Event: 2232.134 Executing safepoint VM operation: ParallelGCFailedAllocation (Allocation Failure)
Event: 2232.141 Executing safepoint VM operation: ParallelGCFailedAllocation (Allocation Failure) done
Event: 2232.208 Executing safepoint VM operation: ParallelGCFailedAllocation (Allocation Failure)
Event: 2232.210 Executing safepoint VM operation: ParallelGCFailedAllocation (Allocation Failure) done
Event: 2232.232 Executing safepoint VM operation: ParallelGCFailedAllocation (Allocation Failure)
Event: 2232.235 Executing safepoint VM operation: ParallelGCFailedAllocation (Allocation Failure) done
Event: 2232.251 Executing safepoint VM operation: ParallelGCFailedAllocation (Allocation Failure)
Event: 2232.253 Executing safepoint VM operation: ParallelGCFailedAllocation (Allocation Failure) done
Event: 2232.313 Executing safepoint VM operation: ParallelGCFailedAllocation (Allocation Failure)
Event: 2232.316 Executing safepoint VM operation: ParallelGCFailedAllocation (Allocation Failure) done
Event: 2232.335 Executing safepoint VM operation: ParallelGCFailedAllocation (Allocation Failure)
Event: 2232.343 Executing safepoint VM operation: ParallelGCFailedAllocation (Allocation Failure) done
Event: 2232.366 Executing safepoint VM operation: ParallelGCFailedAllocation (Allocation Failure)
Event: 2232.368 Executing safepoint VM operation: ParallelGCFailedAllocation (Allocation Failure) done
Event: 2233.380 Executing safepoint VM operation: Cleanup
Event: 2233.380 Executing safepoint VM operation: Cleanup done
Event: 2285.139 Executing non-safepoint VM operation: HandshakeAllThreads (HandshakeForDeflation)
Event: 2285.139 Executing non-safepoint VM operation: HandshakeAllThreads (HandshakeForDeflation) done
Event: 2285.139 Executing non-safepoint VM operation: RendezvousGCThreads
Event: 2285.139 Executing non-safepoint VM operation: RendezvousGCThreads done

Memory protections (0 events):
No events

Nmethod flushes (20 events):
Event: 53.386 Thread 0x000001618d1e4360 flushing  nmethod 0x000001613921fd90
Event: 53.386 Thread 0x000001618d1e4360 flushing  nmethod 0x0000016139220390
Event: 53.386 Thread 0x000001618d1e4360 flushing  nmethod 0x0000016139232910
Event: 53.386 Thread 0x000001618d1e4360 flushing  nmethod 0x0000016139233b90
Event: 53.386 Thread 0x000001618d1e4360 flushing  nmethod 0x0000016139237390
Event: 53.386 Thread 0x000001618d1e4360 flushing  nmethod 0x0000016139238490
Event: 53.386 Thread 0x000001618d1e4360 flushing  nmethod 0x000001613923b510
Event: 53.386 Thread 0x000001618d1e4360 flushing  nmethod 0x0000016139281610
Event: 53.386 Thread 0x000001618d1e4360 flushing  nmethod 0x000001613928be10
Event: 53.386 Thread 0x000001618d1e4360 flushing  nmethod 0x000001613928c690
Event: 53.386 Thread 0x000001618d1e4360 flushing  nmethod 0x000001613928d210
Event: 53.386 Thread 0x000001618d1e4360 flushing  nmethod 0x000001613928df10
Event: 53.386 Thread 0x000001618d1e4360 flushing  nmethod 0x000001613928e490
Event: 53.386 Thread 0x000001618d1e4360 flushing  nmethod 0x00000161392ab610
Event: 53.386 Thread 0x000001618d1e4360 flushing  nmethod 0x00000161392abf90
Event: 53.386 Thread 0x000001618d1e4360 flushing  nmethod 0x00000161392bb410
Event: 53.386 Thread 0x000001618d1e4360 flushing  nmethod 0x00000161392ce990
Event: 53.386 Thread 0x000001618d1e4360 flushing  nmethod 0x000001613930e410
Event: 53.386 Thread 0x000001618d1e4360 flushing  nmethod 0x000001613934e090
Event: 53.386 Thread 0x000001618d1e4360 flushing  nmethod 0x00000161393cb790

Events (20 events):
Event: 530.411 Thread 0x0000016196e31150 Thread exited: 0x0000016196e31150
Event: 2226.660 Thread 0x0000016193dd5220 Thread added: 0x00000161949d1ea0
Event: 2227.278 Thread 0x000001618ec09a30 Thread added: 0x0000016196d7db80
Event: 2227.437 Thread 0x0000016193dd5220 Thread added: 0x00000161949d2bc0
Event: 2227.507 Thread 0x0000016196d7db80 Thread exited: 0x0000016196d7db80
Event: 2227.726 Thread 0x000001618ec09a30 Thread added: 0x0000016196d7db80
Event: 2227.726 Thread 0x0000016193dd5220 Thread added: 0x00000161949d3250
Event: 2228.002 Thread 0x0000016193dd5220 Thread added: 0x00000161949d2530
Event: 2228.002 Thread 0x0000016193dd5220 Thread added: 0x00000161949cfdd0
Event: 2228.059 Thread 0x000001618ec09a30 Thread added: 0x0000016196543b50
Event: 2228.707 Thread 0x0000016196543b50 Thread exited: 0x0000016196543b50
Event: 2231.339 Thread 0x000001618ec09a30 Thread added: 0x00000161964b2e70
Event: 2231.529 Thread 0x00000161964b2e70 Thread exited: 0x00000161964b2e70
Event: 2231.842 Thread 0x0000016196d7db80 Thread exited: 0x0000016196d7db80
Event: 2232.036 Thread 0x000001618ec09a30 Thread added: 0x0000016195025a70
Event: 2232.061 Thread 0x0000016195025a70 Thread added: 0x0000016195024cd0
Event: 2237.632 Thread 0x0000016195024cd0 Thread exited: 0x0000016195024cd0
Event: 2242.597 Thread 0x0000016195025a70 Thread exited: 0x0000016195025a70
Event: 2288.178 Thread 0x00000161949d3250 Thread exited: 0x00000161949d3250
Event: 2290.958 Thread 0x00000161949d1ea0 Thread exited: 0x00000161949d1ea0


Dynamic libraries:
0x00007ff62a250000 - 0x00007ff62a25e000 	c:\Users\ZXJ\.trae-cn\extensions\redhat.java-1.54.0-win32-x64\jre\21.0.10-win32-x86_64\bin\java.exe
0x00007ff96d180000 - 0x00007ff96d3e8000 	C:\WINDOWS\SYSTEM32\ntdll.dll
0x00007ff96cc80000 - 0x00007ff96cd49000 	C:\WINDOWS\System32\KERNEL32.DLL
0x00007ff96ab50000 - 0x00007ff96af42000 	C:\WINDOWS\System32\KERNELBASE.dll
0x00007ff96a6f0000 - 0x00007ff96a83b000 	C:\WINDOWS\System32\ucrtbase.dll
0x00007ff9600a0000 - 0x00007ff9600b8000 	c:\Users\ZXJ\.trae-cn\extensions\redhat.java-1.54.0-win32-x64\jre\21.0.10-win32-x86_64\bin\jli.dll
0x00007ff8f7210000 - 0x00007ff8f722e000 	c:\Users\ZXJ\.trae-cn\extensions\redhat.java-1.54.0-win32-x64\jre\21.0.10-win32-x86_64\bin\VCRUNTIME140.dll
0x00007ff96c920000 - 0x00007ff96cae5000 	C:\WINDOWS\System32\USER32.dll
0x00007ff96a310000 - 0x00007ff96a337000 	C:\WINDOWS\System32\win32u.dll
0x00007ff96cc20000 - 0x00007ff96cc4b000 	C:\WINDOWS\System32\GDI32.dll
0x00007ff96a990000 - 0x00007ff96aabd000 	C:\WINDOWS\System32\gdi32full.dll
0x00007ff955890000 - 0x00007ff955b23000 	C:\WINDOWS\WinSxS\amd64_microsoft.windows.common-controls_6595b64144ccf1df_6.0.26100.6899_none_3e0efeeae32e88c1\COMCTL32.dll
0x00007ff96a8e0000 - 0x00007ff96a983000 	C:\WINDOWS\System32\msvcp_win.dll
0x00007ff96c430000 - 0x00007ff96c4d9000 	C:\WINDOWS\System32\msvcrt.dll
0x00007ff96c780000 - 0x00007ff96c7af000 	C:\WINDOWS\System32\IMM32.DLL
0x000000005fe70000 - 0x000000005fe7d000 	C:\Program Files (x86)\360\360Safe\safemon\SafeWrapper.dll
0x00007ff96cb50000 - 0x00007ff96cc04000 	C:\WINDOWS\System32\ADVAPI32.dll
0x00007ff96ba00000 - 0x00007ff96baa6000 	C:\WINDOWS\System32\sechost.dll
0x00007ff96c660000 - 0x00007ff96c778000 	C:\WINDOWS\System32\RPCRT4.dll
0x00007ff964e20000 - 0x00007ff964f25000 	C:\Program Files (x86)\360\360Safe\safemon\libzdtp64.dll
0x00007ff96bb70000 - 0x00007ff96c2bd000 	C:\WINDOWS\System32\SHELL32.dll
0x00007ff96a340000 - 0x00007ff96a4ab000 	C:\WINDOWS\System32\wintypes.dll
0x00007ff96b470000 - 0x00007ff96b7eb000 	C:\WINDOWS\System32\combase.dll
0x00007ff96d0d0000 - 0x00007ff96d132000 	C:\WINDOWS\System32\SHLWAPI.dll
0x00007ff969f20000 - 0x00007ff969f2b000 	C:\WINDOWS\SYSTEM32\VERSION.dll
0x00007ff90c0b0000 - 0x00007ff90c0bc000 	c:\Users\ZXJ\.trae-cn\extensions\redhat.java-1.54.0-win32-x64\jre\21.0.10-win32-x86_64\bin\vcruntime140_1.dll
0x00007ff8e2030000 - 0x00007ff8e20bd000 	c:\Users\ZXJ\.trae-cn\extensions\redhat.java-1.54.0-win32-x64\jre\21.0.10-win32-x86_64\bin\msvcp140.dll
0x00007ff8cad00000 - 0x00007ff8cbaa1000 	c:\Users\ZXJ\.trae-cn\extensions\redhat.java-1.54.0-win32-x64\jre\21.0.10-win32-x86_64\bin\server\jvm.dll
0x00007ff96b3e0000 - 0x00007ff96b454000 	C:\WINDOWS\System32\WS2_32.dll
0x00007ff969f70000 - 0x00007ff969fce000 	C:\WINDOWS\SYSTEM32\POWRPROF.dll
0x00007ff963870000 - 0x00007ff9638a5000 	C:\WINDOWS\SYSTEM32\WINMM.dll
0x00007ff969f50000 - 0x00007ff969f64000 	C:\WINDOWS\SYSTEM32\UMPDC.dll
0x00007ff968fe0000 - 0x00007ff968ffb000 	C:\WINDOWS\SYSTEM32\kernel.appcore.dll
0x00007ff906390000 - 0x00007ff90639a000 	c:\Users\ZXJ\.trae-cn\extensions\redhat.java-1.54.0-win32-x64\jre\21.0.10-win32-x86_64\bin\jimage.dll
0x00007ff967690000 - 0x00007ff9678d2000 	C:\WINDOWS\SYSTEM32\DBGHELP.DLL
0x00007ff96c810000 - 0x00007ff96c8e7000 	C:\WINDOWS\System32\OLEAUT32.dll
0x00007ff954ed0000 - 0x00007ff954f0c000 	C:\WINDOWS\SYSTEM32\dbgcore.DLL
0x00007ff96a840000 - 0x00007ff96a8d8000 	C:\WINDOWS\System32\bcryptPrimitives.dll
0x00007ff8f71e0000 - 0x00007ff8f71ef000 	c:\Users\ZXJ\.trae-cn\extensions\redhat.java-1.54.0-win32-x64\jre\21.0.10-win32-x86_64\bin\instrument.dll
0x00007ff8f71f0000 - 0x00007ff8f7210000 	c:\Users\ZXJ\.trae-cn\extensions\redhat.java-1.54.0-win32-x64\jre\21.0.10-win32-x86_64\bin\java.dll
0x00007ff967ea0000 - 0x00007ff9686fd000 	C:\WINDOWS\SYSTEM32\windows.storage.dll
0x00007ff96c4e0000 - 0x00007ff96c5d2000 	C:\WINDOWS\System32\SHCORE.dll
0x00007ff96a230000 - 0x00007ff96a259000 	C:\WINDOWS\SYSTEM32\profapi.dll
0x00007ff8e2010000 - 0x00007ff8e2028000 	c:\Users\ZXJ\.trae-cn\extensions\redhat.java-1.54.0-win32-x64\jre\21.0.10-win32-x86_64\bin\zip.dll
0x00007ff8f71d0000 - 0x00007ff8f71e0000 	C:\Users\ZXJ\.trae-cn\extensions\redhat.java-1.54.0-win32-x64\jre\21.0.10-win32-x86_64\bin\net.dll
0x00007ff963c50000 - 0x00007ff963d6f000 	C:\WINDOWS\SYSTEM32\WINHTTP.dll
0x00007ff969530000 - 0x00007ff96959b000 	C:\WINDOWS\system32\mswsock.dll
0x00007ff8e1f80000 - 0x00007ff8e1f96000 	C:\Users\ZXJ\.trae-cn\extensions\redhat.java-1.54.0-win32-x64\jre\21.0.10-win32-x86_64\bin\nio.dll
0x00007ff8e1f70000 - 0x00007ff8e1f80000 	c:\Users\ZXJ\.trae-cn\extensions\redhat.java-1.54.0-win32-x64\jre\21.0.10-win32-x86_64\bin\verify.dll
0x00007ff8c6f80000 - 0x00007ff8c6fc5000 	C:\Users\ZXJ\AppData\Roaming\Trae CN\User\globalStorage\redhat.java\1.54.0\config_win\org.eclipse.equinox.launcher\org.eclipse.equinox.launcher.win32.win32.x86_64_1.3.0.v20260203-2149\eclipse_11919.dll
0x00007ff96cf30000 - 0x00007ff96d0c8000 	C:\WINDOWS\System32\ole32.dll
0x00007ff969910000 - 0x00007ff96992b000 	C:\WINDOWS\SYSTEM32\CRYPTSP.dll
0x00007ff968f40000 - 0x00007ff968f7b000 	C:\WINDOWS\system32\rsaenh.dll
0x00007ff9695d0000 - 0x00007ff9695fb000 	C:\WINDOWS\SYSTEM32\USERENV.dll
0x00007ff96a200000 - 0x00007ff96a226000 	C:\WINDOWS\SYSTEM32\bcrypt.dll
0x00007ff969770000 - 0x00007ff96977c000 	C:\WINDOWS\SYSTEM32\CRYPTBASE.dll
0x00007ff969e20000 - 0x00007ff969e54000 	C:\WINDOWS\SYSTEM32\IPHLPAPI.DLL
0x00007ff96cc10000 - 0x00007ff96cc1a000 	C:\WINDOWS\System32\NSI.dll
0x00007ff94f4d0000 - 0x00007ff94f519000 	C:\Users\ZXJ\AppData\Local\Temp\jna-89292\jna11274310470837793884.dll
0x00007ff96b460000 - 0x00007ff96b468000 	C:\WINDOWS\System32\PSAPI.DLL
0x00007ff964400000 - 0x00007ff96441e000 	C:\WINDOWS\SYSTEM32\dhcpcsvc6.DLL
0x00007ff9643d0000 - 0x00007ff9643f3000 	C:\WINDOWS\SYSTEM32\dhcpcsvc.DLL
0x00007ff969100000 - 0x00007ff969136000 	C:\WINDOWS\SYSTEM32\ntmarta.dll

JVMTI agents:
c:\Users\ZXJ\.trae-cn\extensions\redhat.java-1.54.0-win32-x64\lombok\lombok-1.18.39-4050.jar path:c:\Users\ZXJ\.trae-cn\extensions\redhat.java-1.54.0-win32-x64\jre\21.0.10-win32-x86_64\bin\instrument.dll, loaded, initialized, instrumentlib options:none

dbghelp: loaded successfully - version: 4.0.5 - missing functions: none
symbol engine: initialized successfully - sym options: 0x614 - pdb path: .;c:\Users\ZXJ\.trae-cn\extensions\redhat.java-1.54.0-win32-x64\jre\21.0.10-win32-x86_64\bin;C:\WINDOWS\SYSTEM32;C:\WINDOWS\WinSxS\amd64_microsoft.windows.common-controls_6595b64144ccf1df_6.0.26100.6899_none_3e0efeeae32e88c1;C:\Program Files (x86)\360\360Safe\safemon;c:\Users\ZXJ\.trae-cn\extensions\redhat.java-1.54.0-win32-x64\jre\21.0.10-win32-x86_64\bin\server;C:\Users\ZXJ\AppData\Roaming\Trae CN\User\globalStorage\redhat.java\1.54.0\config_win\org.eclipse.equinox.launcher\org.eclipse.equinox.launcher.win32.win32.x86_64_1.3.0.v20260203-2149;C:\Users\ZXJ\AppData\Local\Temp\jna-89292

VM Arguments:
jvm_args: --add-modules=ALL-SYSTEM --add-opens=java.base/java.util=ALL-UNNAMED --add-opens=java.base/java.lang=ALL-UNNAMED --add-opens=java.base/sun.nio.fs=ALL-UNNAMED -Declipse.application=org.eclipse.jdt.ls.core.id1 -Dosgi.bundles.defaultStartLevel=4 -Declipse.product=org.eclipse.jdt.ls.core.product -Djava.import.generatesMetadataFilesAtProjectRoot=false -DDetectVMInstallationsJob.disabled=true -Dfile.encoding=utf8 -XX:+UseParallelGC -XX:GCTimeRatio=4 -XX:AdaptiveSizePolicyWeight=90 -Dsun.zip.disableMemoryMapping=true -Xmx2G -Xms100m -Xlog:disable -javaagent:c:\Users\ZXJ\.trae-cn\extensions\redhat.java-1.54.0-win32-x64\lombok\lombok-1.18.39-4050.jar -XX:+HeapDumpOnOutOfMemoryError -XX:HeapDumpPath=c:\Users\ZXJ\AppData\Roaming\Trae CN\User\workspaceStorage\3dfe05e9420bafa605ddcbd53026ed33\redhat.java -Daether.dependencyCollector.impl=bf 
java_command: c:\Users\ZXJ\.trae-cn\extensions\redhat.java-1.54.0-win32-x64\server\plugins\org.eclipse.equinox.launcher_1.7.100.v20251111-0406.jar -configuration c:\Users\ZXJ\AppData\Roaming\Trae CN\User\globalStorage\redhat.java\1.54.0\config_win -data c:\Users\ZXJ\AppData\Roaming\Trae CN\User\workspaceStorage\3dfe05e9420bafa605ddcbd53026ed33\redhat.java\jdt_ws --pipe=\\.\pipe\lsp-b2ec4c781b91597f33a2ef7fc6cbc02a-sock
java_class_path (initial): c:\Users\ZXJ\.trae-cn\extensions\redhat.java-1.54.0-win32-x64\server\plugins\org.eclipse.equinox.launcher_1.7.100.v20251111-0406.jar
Launcher Type: SUN_STANDARD

[Global flags]
    uintx AdaptiveSizePolicyWeight                 = 90                                        {product} {command line}
     intx CICompilerCount                          = 4                                         {product} {ergonomic}
    uintx GCTimeRatio                              = 4                                         {product} {command line}
     bool HeapDumpOnOutOfMemoryError               = true                                   {manageable} {command line}
    ccstr HeapDumpPath                             = c:\Users\ZXJ\AppData\Roaming\Trae CN\User\workspaceStorage\3dfe05e9420bafa605ddcbd53026ed33\redhat.java         {manageable} {command line}
   size_t InitialHeapSize                          = 104857600                                 {product} {command line}
   size_t MaxHeapSize                              = 2147483648                                {product} {command line}
   size_t MaxNewSize                               = 715653120                                 {product} {ergonomic}
   size_t MinHeapDeltaBytes                        = 524288                                    {product} {ergonomic}
   size_t MinHeapSize                              = 104857600                                 {product} {command line}
   size_t NewSize                                  = 34603008                                  {product} {ergonomic}
    uintx NonNMethodCodeHeapSize                   = 5839372                                {pd product} {ergonomic}
    uintx NonProfiledCodeHeapSize                  = 122909434                              {pd product} {ergonomic}
   size_t OldSize                                  = 70254592                                  {product} {ergonomic}
    uintx ProfiledCodeHeapSize                     = 122909434                              {pd product} {ergonomic}
    uintx ReservedCodeCacheSize                    = 251658240                              {pd product} {ergonomic}
     bool SegmentedCodeCache                       = true                                      {product} {ergonomic}
   size_t SoftMaxHeapSize                          = 2147483648                             {manageable} {ergonomic}
     bool UseCompressedOops                        = true                           {product lp64_product} {ergonomic}
     bool UseLargePagesIndividualAllocation        = false                                  {pd product} {ergonomic}
     bool UseParallelGC                            = true                                      {product} {command line}

Logging:
Log output configuration:
 #0: stdout all=off uptime,level,tags foldmultilines=false
 #1: stderr all=off uptime,level,tags foldmultilines=false

Release file:
JAVA_VERSION="21.0.10" 
MODULES="java.base java.compiler java.datatransfer java.xml java.prefs java.desktop java.instrument java.logging java.management java.security.sasl java.naming java.rmi java.management.rmi java.net.http java.scripting java.security.jgss java.transaction.xa java.sql java.sql.rowset java.xml.crypto java.se java.smartcardio jdk.accessibility jdk.internal.jvmstat jdk.attach jdk.charsets jdk.internal.opt jdk.zipfs jdk.compiler jdk.crypto.ec jdk.crypto.cryptoki jdk.crypto.mscapi jdk.dynalink jdk.internal.ed jdk.editpad jdk.hotspot.agent jdk.httpserver jdk.internal.le jdk.internal.vm.ci jdk.internal.vm.compiler jdk.internal.vm.compiler.management jdk.jartool jdk.javadoc jdk.jcmd jdk.management jdk.management.agent jdk.jconsole jdk.jdeps jdk.jdwp.agent jdk.jdi jdk.jfr jdk.jshell jdk.jsobject jdk.jstatd jdk.localedata jdk.management.jfr jdk.naming.dns jdk.naming.rmi jdk.net jdk.nio.mapmode jdk.random jdk.sctp jdk.security.auth jdk.security.jgss jdk.unsupported jdk.unsupported.desktop jdk.xml.dom" 

Environment Variables:
JAVA_HOME=D:\Program Files\Java\jdk-17
PATH=C:\Users\ZXJ\.trae-cn\tools\gradle\latest\bin;c:\Users\ZXJ\.trae-cn\tools\trae-gopls\current;c:\Users\ZXJ\.trae-cn\sdks\workspaces\3dfe05e9\versions\node\current;c:\Users\ZXJ\.trae-cn\sdks\versions\node\current;C:\Program Files\Common Files\Oracle\Java\javapath;C:\Program Files (x86)\VMware\VMware Workstation\bin\;C:\Windows\system32;C:\Windows;C:\Windows\System32\Wbem;C:\Windows\System32\WindowsPowerShell\v1.0\;C:\Windows\System32\OpenSSH\;D:\Program Files (x86)\NetSarang\Xshell 7\;D:\Program Files\nodejs\node_global;C:\apache-tomcat-9.0.78\bin;e:\Program Files\Microsoft VS Code\bin;D:\Program Files\IDM Computer Solutions\UltraEdit;C:\WINDOWS\system32;C:\WINDOWS;C:\WINDOWS\System32\Wbem;C:\WINDOWS\System32\WindowsPowerShell\v1.0\;C:\WINDOWS\System32\OpenSSH\;D:\Program Files\nodejs\;C:\Program Files\Git\cmd;D:\apache-maven-3.9.15\bin;D:\Program Files\Java\jdk-17\bin;;D:\Program Files\Go\bin;C:\Program Files\Docker\Docker\resources\bin;D:\Programs\Python\Python314\Scripts\;D:\Programs\Python\Python314\;C:\Users\ZXJ\AppData\Local\Programs\Python\Launcher\;c:\Users\ZXJ\AppData\Local\Programs\Trae CN\bin;C:\Users\ZXJ\AppData\Local\Microsoft\WindowsApps;d:\Programs\Microsoft VS Code\bin;C:\Users\ZXJ\AppData\Local\Microsoft\WindowsApps;d:\Program Files\JetBrains\IntelliJ IDEA Community Edition 2025.2.6.1\bin;d:\Program Files\JetBrains\PyCharm Community Edition 2025.2.6\bin;C:\Users\ZXJ\AppData\Roaming\npm;C:\Users\ZXJ\go\bin;c:\Users\ZXJ\AppData\Local\Programs\Trae CN\resources\app\bin\lib
USERNAME=ZXJ
OS=Windows_NT
PROCESSOR_IDENTIFIER=AMD64 Family 23 Model 96 Stepping 1, AuthenticAMD
TMP=C:\Users\ZXJ\AppData\Local\Temp
TEMP=C:\Users\ZXJ\AppData\Local\Temp




Periodic native trim disabled

---------------  S Y S T E M  ---------------

OS:
 Windows 11 , 64 bit Build 26100 (10.0.26100.6725)
OS uptime: 0 days 13:03 hours
Hyper-V role detected

CPU: total 8 (initial active 8) (8 cores per cpu, 1 threads per core) family 23 model 96 stepping 1 microcode 0x8600106, cx8, cmov, fxsr, mmx, 3dnowpref, sse, sse2, sse3, ssse3, sse4a, sse4.1, sse4.2, popcnt, lzcnt, tsc, tscinvbit, avx, avx2, aes, clmul, bmi1, bmi2, adx, sha, fma, vzeroupper, clflush, clflushopt, hv, rdtscp, rdpid, f16c
Processor Information for the first 8 processors :
  Max Mhz: 2000, Current Mhz: 2000, Mhz Limit: 2000

Memory: 4k page, system-wide physical 15792M (1894M free)
TotalPageFile size 33621M (AvailPageFile size 2M)
current process WorkingSet (physical memory assigned to process): 268M, peak: 515M
current process commit charge ("private bytes"): 547M, peak: 604M

vm_info: OpenJDK 64-Bit Server VM (21.0.10+7-LTS) for windows-amd64 JRE (21.0.10+7-LTS), built on 2026-01-20T00:00:00Z by "admin" with MS VC++ 17.12 (VS2022)

END.
