2026-05-27 20:42:26,655 INFO PERFORMANCE:|serviceCount|ipCount|subscribeCount|maxPushCost|avgPushCost|totalPushCount|failPushCount

2026-05-27 20:42:26,657 INFO DISTRO:|V1SyncDone|V1SyncFail|V2SyncDone|V2SyncFail|V2VerifyFail|

2026-05-27 20:42:26,657 INFO PERFORMANCE:|0|0|0|-1|-1|0|0

2026-05-27 20:42:26,662 INFO Task worker status: 
naming_0%8, pending tasks: 0
naming_1%8, pending tasks: 0
naming_2%8, pending tasks: 0
naming_3%8, pending tasks: 0
naming_4%8, pending tasks: 0
naming_5%8, pending tasks: 0
naming_6%8, pending tasks: 0
naming_7%8, pending tasks: 0


2026-05-27 20:42:26,664 INFO DISTRO:|0|0|0|

2026-05-27 20:43:26,673 INFO PERFORMANCE:|0|0|0|-1|-1|0|0

2026-05-27 20:43:26,678 INFO Task worker status: 
naming_0%8, pending tasks: 0
naming_1%8, pending tasks: 0
naming_2%8, pending tasks: 0
naming_3%8, pending tasks: 0
naming_4%8, pending tasks: 0
naming_5%8, pending tasks: 0
naming_6%8, pending tasks: 0
naming_7%8, pending tasks: 0


2026-05-27 20:43:26,682 INFO DISTRO:|0|0|0|

2026-05-27 20:44:26,677 INFO PERFORMANCE:|0|0|0|-1|-1|0|0

2026-05-27 20:44:26,678 INFO Task worker status: 
naming_0%8, pending tasks: 0
naming_1%8, pending tasks: 0
naming_2%8, pending tasks: 0
naming_3%8, pending tasks: 0
naming_4%8, pending tasks: 0
naming_5%8, pending tasks: 0
naming_6%8, pending tasks: 0
naming_7%8, pending tasks: 0


2026-05-27 20:44:26,678 INFO DISTRO:|0|0|0|

2026-05-27 20:45:26,672 INFO PERFORMANCE:|0|0|0|-1|-1|0|0

2026-05-27 20:45:26,673 INFO Task worker status: 
naming_0%8, pending tasks: 0
naming_1%8, pending tasks: 0
naming_2%8, pending tasks: 0
naming_3%8, pending tasks: 0
naming_4%8, pending tasks: 0
naming_5%8, pending tasks: 0
naming_6%8, pending tasks: 0
naming_7%8, pending tasks: 0


2026-05-27 20:45:26,673 INFO DISTRO:|0|0|0|

2026-05-27 20:46:26,668 INFO PERFORMANCE:|0|0|0|-1|-1|0|0

2026-05-27 20:46:26,669 INFO Task worker status: 
naming_0%8, pending tasks: 0
naming_1%8, pending tasks: 0
naming_2%8, pending tasks: 0
naming_3%8, pending tasks: 0
naming_4%8, pending tasks: 0
naming_5%8, pending tasks: 0
naming_6%8, pending tasks: 0
naming_7%8, pending tasks: 0


2026-05-27 20:46:26,669 INFO DISTRO:|0|0|0|

2026-05-27 20:47:26,663 INFO PERFORMANCE:|0|0|0|-1|-1|0|0

2026-05-27 20:47:26,665 INFO Task worker status: 
naming_0%8, pending tasks: 0
naming_1%8, pending tasks: 0
naming_2%8, pending tasks: 0
naming_3%8, pending tasks: 0
naming_4%8, pending tasks: 0
naming_5%8, pending tasks: 0
naming_6%8, pending tasks: 0
naming_7%8, pending tasks: 0


2026-05-27 20:47:26,665 INFO DISTRO:|0|0|0|

2026-05-27 20:48:26,659 INFO PERFORMANCE:|0|0|0|-1|-1|0|0

2026-05-27 20:48:26,661 INFO Task worker status: 
naming_0%8, pending tasks: 0
naming_1%8, pending tasks: 0
naming_2%8, pending tasks: 0
naming_3%8, pending tasks: 0
naming_4%8, pending tasks: 0
naming_5%8, pending tasks: 0
naming_6%8, pending tasks: 0
naming_7%8, pending tasks: 0


2026-05-27 20:48:26,662 INFO DISTRO:|0|0|0|

2026-05-27 20:49:26,655 INFO PERFORMANCE:|0|0|0|-1|-1|0|0

2026-05-27 20:49:26,657 INFO Task worker status: 
naming_0%8, pending tasks: 0
naming_1%8, pending tasks: 0
naming_2%8, pending tasks: 0
naming_3%8, pending tasks: 0
naming_4%8, pending tasks: 0
naming_5%8, pending tasks: 0
naming_6%8, pending tasks: 0
naming_7%8, pending tasks: 0


2026-05-27 20:49:26,658 INFO DISTRO:|0|0|0|

2026-05-27 20:50:26,653 INFO PERFORMANCE:|0|0|0|-1|-1|0|0

2026-05-27 20:50:26,662 INFO Task worker status: 
naming_0%8, pending tasks: 0
naming_1%8, pending tasks: 0
naming_2%8, pending tasks: 0
naming_3%8, pending tasks: 0
naming_4%8, pending tasks: 0
naming_5%8, pending tasks: 0
naming_6%8, pending tasks: 0
naming_7%8, pending tasks: 0


2026-05-27 20:50:26,663 INFO DISTRO:|0|0|0|

2026-05-27 20:51:26,657 INFO PERFORMANCE:|0|0|0|-1|-1|0|0

2026-05-27 20:51:26,658 INFO Task worker status: 
naming_0%8, pending tasks: 0
naming_1%8, pending tasks: 0
naming_2%8, pending tasks: 0
naming_3%8, pending tasks: 0
naming_4%8, pending tasks: 0
naming_5%8, pending tasks: 0
naming_6%8, pending tasks: 0
naming_7%8, pending tasks: 0


2026-05-27 20:51:26,659 INFO DISTRO:|0|0|0|

2026-05-27 20:52:26,654 INFO PERFORMANCE:|serviceCount|ipCount|subscribeCount|maxPushCost|avgPushCost|totalPushCount|failPushCount

2026-05-27 20:52:26,655 INFO DISTRO:|V1SyncDone|V1SyncFail|V2SyncDone|V2SyncFail|V2VerifyFail|

2026-05-27 20:52:26,656 INFO PERFORMANCE:|0|0|0|-1|-1|0|0

2026-05-27 20:52:26,656 INFO Task worker status: 
naming_0%8, pending tasks: 0
naming_1%8, pending tasks: 0
naming_2%8, pending tasks: 0
naming_3%8, pending tasks: 0
naming_4%8, pending tasks: 0
naming_5%8, pending tasks: 0
naming_6%8, pending tasks: 0
naming_7%8, pending tasks: 0


2026-05-27 20:52:26,657 INFO DISTRO:|0|0|0|

2026-05-27 20:53:26,652 INFO PERFORMANCE:|0|0|0|-1|-1|0|0

2026-05-27 20:53:26,653 INFO Task worker status: 
naming_0%8, pending tasks: 0
naming_1%8, pending tasks: 0
naming_2%8, pending tasks: 0
naming_3%8, pending tasks: 0
naming_4%8, pending tasks: 0
naming_5%8, pending tasks: 0
naming_6%8, pending tasks: 0
naming_7%8, pending tasks: 0


2026-05-27 20:53:26,654 INFO DISTRO:|0|0|0|

2026-05-27 20:54:26,649 INFO PERFORMANCE:|0|0|0|-1|-1|0|0

2026-05-27 20:54:26,651 INFO Task worker status: 
naming_0%8, pending tasks: 0
naming_1%8, pending tasks: 0
naming_2%8, pending tasks: 0
naming_3%8, pending tasks: 0
naming_4%8, pending tasks: 0
naming_5%8, pending tasks: 0
naming_6%8, pending tasks: 0
naming_7%8, pending tasks: 0


2026-05-27 20:54:26,652 INFO DISTRO:|0|0|0|

2026-05-27 20:55:26,644 INFO PERFORMANCE:|0|0|0|-1|-1|0|0

2026-05-27 20:55:26,646 INFO Task worker status: 
naming_0%8, pending tasks: 0
naming_1%8, pending tasks: 0
naming_2%8, pending tasks: 0
naming_3%8, pending tasks: 0
naming_4%8, pending tasks: 0
naming_5%8, pending tasks: 0
naming_6%8, pending tasks: 0
naming_7%8, pending tasks: 0


2026-05-27 20:55:26,647 INFO DISTRO:|0|0|0|

2026-05-27 20:56:26,643 INFO PERFORMANCE:|0|0|0|-1|-1|0|0

2026-05-27 20:56:26,645 INFO Task worker status: 
naming_0%8, pending tasks: 0
naming_1%8, pending tasks: 0
naming_2%8, pending tasks: 0
naming_3%8, pending tasks: 0
naming_4%8, pending tasks: 0
naming_5%8, pending tasks: 0
naming_6%8, pending tasks: 0
naming_7%8, pending tasks: 0


2026-05-27 20:56:26,646 INFO DISTRO:|0|0|0|

2026-05-27 20:57:26,641 INFO PERFORMANCE:|0|0|0|-1|-1|0|0

2026-05-27 20:57:26,642 INFO Task worker status: 
naming_0%8, pending tasks: 0
naming_1%8, pending tasks: 0
naming_2%8, pending tasks: 0
naming_3%8, pending tasks: 0
naming_4%8, pending tasks: 0
naming_5%8, pending tasks: 0
naming_6%8, pending tasks: 0
naming_7%8, pending tasks: 0


2026-05-27 20:57:26,643 INFO DISTRO:|0|0|0|

2026-05-27 20:58:26,639 INFO PERFORMANCE:|0|0|0|-1|-1|0|0

2026-05-27 20:58:26,640 INFO Task worker status: 
naming_0%8, pending tasks: 0
naming_1%8, pending tasks: 0
naming_2%8, pending tasks: 0
naming_3%8, pending tasks: 0
naming_4%8, pending tasks: 0
naming_5%8, pending tasks: 0
naming_6%8, pending tasks: 0
naming_7%8, pending tasks: 0


2026-05-27 20:58:26,641 INFO DISTRO:|0|0|0|

2026-05-27 20:59:26,637 INFO PERFORMANCE:|0|0|0|-1|-1|0|0

2026-05-27 20:59:26,639 INFO Task worker status: 
naming_0%8, pending tasks: 0
naming_1%8, pending tasks: 0
naming_2%8, pending tasks: 0
naming_3%8, pending tasks: 0
naming_4%8, pending tasks: 0
naming_5%8, pending tasks: 0
naming_6%8, pending tasks: 0
naming_7%8, pending tasks: 0


2026-05-27 20:59:26,639 INFO DISTRO:|0|0|0|

2026-05-27 21:00:26,635 INFO PERFORMANCE:|0|0|0|-1|-1|0|0

2026-05-27 21:00:26,637 INFO Task worker status: 
naming_0%8, pending tasks: 0
naming_1%8, pending tasks: 0
naming_2%8, pending tasks: 0
naming_3%8, pending tasks: 0
naming_4%8, pending tasks: 0
naming_5%8, pending tasks: 0
naming_6%8, pending tasks: 0
naming_7%8, pending tasks: 0


2026-05-27 21:00:26,638 INFO DISTRO:|0|0|0|

2026-05-27 21:01:26,632 INFO PERFORMANCE:|0|0|0|-1|-1|0|0

2026-05-27 21:01:26,634 INFO Task worker status: 
naming_0%8, pending tasks: 0
naming_1%8, pending tasks: 0
naming_2%8, pending tasks: 0
naming_3%8, pending tasks: 0
naming_4%8, pending tasks: 0
naming_5%8, pending tasks: 0
naming_6%8, pending tasks: 0
naming_7%8, pending tasks: 0


2026-05-27 21:01:26,634 INFO DISTRO:|0|0|0|

2026-05-27 21:02:26,632 INFO PERFORMANCE:|serviceCount|ipCount|subscribeCount|maxPushCost|avgPushCost|totalPushCount|failPushCount

2026-05-27 21:02:26,633 INFO DISTRO:|V1SyncDone|V1SyncFail|V2SyncDone|V2SyncFail|V2VerifyFail|

2026-05-27 21:02:26,633 INFO PERFORMANCE:|0|0|0|-1|-1|0|0

2026-05-27 21:02:26,634 INFO Task worker status: 
naming_0%8, pending tasks: 0
naming_1%8, pending tasks: 0
naming_2%8, pending tasks: 0
naming_3%8, pending tasks: 0
naming_4%8, pending tasks: 0
naming_5%8, pending tasks: 0
naming_6%8, pending tasks: 0
naming_7%8, pending tasks: 0


2026-05-27 21:02:26,634 INFO DISTRO:|0|0|0|

2026-05-27 21:03:26,628 INFO PERFORMANCE:|0|0|0|-1|-1|0|0

2026-05-27 21:03:26,629 INFO Task worker status: 
naming_0%8, pending tasks: 0
naming_1%8, pending tasks: 0
naming_2%8, pending tasks: 0
naming_3%8, pending tasks: 0
naming_4%8, pending tasks: 0
naming_5%8, pending tasks: 0
naming_6%8, pending tasks: 0
naming_7%8, pending tasks: 0


2026-05-27 21:03:26,630 INFO DISTRO:|0|0|0|

2026-05-27 21:04:26,628 INFO PERFORMANCE:|0|0|0|-1|-1|0|0

2026-05-27 21:04:26,629 INFO Task worker status: 
naming_0%8, pending tasks: 0
naming_1%8, pending tasks: 0
naming_2%8, pending tasks: 0
naming_3%8, pending tasks: 0
naming_4%8, pending tasks: 0
naming_5%8, pending tasks: 0
naming_6%8, pending tasks: 0
naming_7%8, pending tasks: 0


2026-05-27 21:04:26,630 INFO DISTRO:|0|0|0|

2026-05-27 21:05:26,626 INFO PERFORMANCE:|0|0|0|-1|-1|0|0

2026-05-27 21:05:26,627 INFO Task worker status: 
naming_0%8, pending tasks: 0
naming_1%8, pending tasks: 0
naming_2%8, pending tasks: 0
naming_3%8, pending tasks: 0
naming_4%8, pending tasks: 0
naming_5%8, pending tasks: 0
naming_6%8, pending tasks: 0
naming_7%8, pending tasks: 0


2026-05-27 21:05:26,628 INFO DISTRO:|0|0|0|

2026-05-27 21:06:26,624 INFO PERFORMANCE:|0|0|0|-1|-1|0|0

2026-05-27 21:06:26,636 INFO Task worker status: 
naming_0%8, pending tasks: 0
naming_1%8, pending tasks: 0
naming_2%8, pending tasks: 0
naming_3%8, pending tasks: 0
naming_4%8, pending tasks: 0
naming_5%8, pending tasks: 0
naming_6%8, pending tasks: 0
naming_7%8, pending tasks: 0


2026-05-27 21:06:26,644 INFO DISTRO:|0|0|0|

2026-05-27 21:07:26,647 INFO PERFORMANCE:|0|0|0|-1|-1|0|0

2026-05-27 21:07:26,650 INFO Task worker status: 
naming_0%8, pending tasks: 0
naming_1%8, pending tasks: 0
naming_2%8, pending tasks: 0
naming_3%8, pending tasks: 0
naming_4%8, pending tasks: 0
naming_5%8, pending tasks: 0
naming_6%8, pending tasks: 0
naming_7%8, pending tasks: 0


2026-05-27 21:07:26,653 INFO DISTRO:|0|0|0|

2026-05-27 21:08:26,651 INFO PERFORMANCE:|0|0|0|-1|-1|0|0

2026-05-27 21:08:26,653 INFO Task worker status: 
naming_0%8, pending tasks: 0
naming_1%8, pending tasks: 0
naming_2%8, pending tasks: 0
naming_3%8, pending tasks: 0
naming_4%8, pending tasks: 0
naming_5%8, pending tasks: 0
naming_6%8, pending tasks: 0
naming_7%8, pending tasks: 0


2026-05-27 21:08:26,654 INFO DISTRO:|0|0|0|

2026-05-27 21:09:26,649 INFO PERFORMANCE:|0|0|0|-1|-1|0|0

2026-05-27 21:09:26,662 INFO Task worker status: 
naming_0%8, pending tasks: 0
naming_1%8, pending tasks: 0
naming_2%8, pending tasks: 0
naming_3%8, pending tasks: 0
naming_4%8, pending tasks: 0
naming_5%8, pending tasks: 0
naming_6%8, pending tasks: 0
naming_7%8, pending tasks: 0


2026-05-27 21:09:26,662 INFO DISTRO:|0|0|0|

2026-05-27 21:10:26,659 INFO PERFORMANCE:|0|0|0|-1|-1|0|0

2026-05-27 21:10:26,664 INFO Task worker status: 
naming_0%8, pending tasks: 0
naming_1%8, pending tasks: 0
naming_2%8, pending tasks: 0
naming_3%8, pending tasks: 0
naming_4%8, pending tasks: 0
naming_5%8, pending tasks: 0
naming_6%8, pending tasks: 0
naming_7%8, pending tasks: 0


2026-05-27 21:10:26,666 INFO DISTRO:|0|0|0|

2026-05-27 21:11:26,661 INFO PERFORMANCE:|0|0|0|-1|-1|0|0

2026-05-27 21:11:26,662 INFO Task worker status: 
naming_0%8, pending tasks: 0
naming_1%8, pending tasks: 0
naming_2%8, pending tasks: 0
naming_3%8, pending tasks: 0
naming_4%8, pending tasks: 0
naming_5%8, pending tasks: 0
naming_6%8, pending tasks: 0
naming_7%8, pending tasks: 0


2026-05-27 21:11:26,663 INFO DISTRO:|0|0|0|

2026-05-27 21:12:26,660 INFO PERFORMANCE:|serviceCount|ipCount|subscribeCount|maxPushCost|avgPushCost|totalPushCount|failPushCount

2026-05-27 21:12:26,662 INFO DISTRO:|V1SyncDone|V1SyncFail|V2SyncDone|V2SyncFail|V2VerifyFail|

2026-05-27 21:12:26,665 INFO PERFORMANCE:|0|0|0|-1|-1|0|0

2026-05-27 21:12:26,666 INFO Task worker status: 
naming_0%8, pending tasks: 0
naming_1%8, pending tasks: 0
naming_2%8, pending tasks: 0
naming_3%8, pending tasks: 0
naming_4%8, pending tasks: 0
naming_5%8, pending tasks: 0
naming_6%8, pending tasks: 0
naming_7%8, pending tasks: 0


2026-05-27 21:12:26,668 INFO DISTRO:|0|0|0|

2026-05-27 21:13:26,665 INFO PERFORMANCE:|0|0|0|-1|-1|0|0

2026-05-27 21:13:26,668 INFO Task worker status: 
naming_0%8, pending tasks: 0
naming_1%8, pending tasks: 0
naming_2%8, pending tasks: 0
naming_3%8, pending tasks: 0
naming_4%8, pending tasks: 0
naming_5%8, pending tasks: 0
naming_6%8, pending tasks: 0
naming_7%8, pending tasks: 0


2026-05-27 21:13:26,670 INFO DISTRO:|0|0|0|

2026-05-27 21:14:26,667 INFO PERFORMANCE:|0|0|0|-1|-1|0|0

2026-05-27 21:14:26,669 INFO Task worker status: 
naming_0%8, pending tasks: 0
naming_1%8, pending tasks: 0
naming_2%8, pending tasks: 0
naming_3%8, pending tasks: 0
naming_4%8, pending tasks: 0
naming_5%8, pending tasks: 0
naming_6%8, pending tasks: 0
naming_7%8, pending tasks: 0


2026-05-27 21:14:26,669 INFO DISTRO:|0|0|0|

2026-05-27 21:15:26,665 INFO PERFORMANCE:|0|0|0|-1|-1|0|0

2026-05-27 21:15:26,666 INFO Task worker status: 
naming_0%8, pending tasks: 0
naming_1%8, pending tasks: 0
naming_2%8, pending tasks: 0
naming_3%8, pending tasks: 0
naming_4%8, pending tasks: 0
naming_5%8, pending tasks: 0
naming_6%8, pending tasks: 0
naming_7%8, pending tasks: 0


2026-05-27 21:15:26,666 INFO DISTRO:|0|0|0|

2026-05-27 21:16:26,661 INFO PERFORMANCE:|0|0|0|-1|-1|0|0

2026-05-27 21:16:26,663 INFO Task worker status: 
naming_0%8, pending tasks: 0
naming_1%8, pending tasks: 0
naming_2%8, pending tasks: 0
naming_3%8, pending tasks: 0
naming_4%8, pending tasks: 0
naming_5%8, pending tasks: 0
naming_6%8, pending tasks: 0
naming_7%8, pending tasks: 0


2026-05-27 21:16:26,664 INFO DISTRO:|0|0|0|

2026-05-27 21:17:26,661 INFO PERFORMANCE:|0|0|0|-1|-1|0|0

2026-05-27 21:17:26,685 INFO Task worker status: 
naming_0%8, pending tasks: 0
naming_1%8, pending tasks: 0
naming_2%8, pending tasks: 0
naming_3%8, pending tasks: 0
naming_4%8, pending tasks: 0
naming_5%8, pending tasks: 0
naming_6%8, pending tasks: 0
naming_7%8, pending tasks: 0


2026-05-27 21:17:26,687 INFO DISTRO:|0|0|0|

2026-05-27 21:18:26,683 INFO PERFORMANCE:|0|0|0|-1|-1|0|0

2026-05-27 21:18:26,684 INFO Task worker status: 
naming_0%8, pending tasks: 0
naming_1%8, pending tasks: 0
naming_2%8, pending tasks: 0
naming_3%8, pending tasks: 0
naming_4%8, pending tasks: 0
naming_5%8, pending tasks: 0
naming_6%8, pending tasks: 0
naming_7%8, pending tasks: 0


2026-05-27 21:18:26,685 INFO DISTRO:|0|0|0|

2026-05-27 21:19:26,681 INFO PERFORMANCE:|0|0|0|-1|-1|0|0

2026-05-27 21:19:26,683 INFO Task worker status: 
naming_0%8, pending tasks: 0
naming_1%8, pending tasks: 0
naming_2%8, pending tasks: 0
naming_3%8, pending tasks: 0
naming_4%8, pending tasks: 0
naming_5%8, pending tasks: 0
naming_6%8, pending tasks: 0
naming_7%8, pending tasks: 0


2026-05-27 21:19:26,683 INFO DISTRO:|0|0|0|

2026-05-27 21:20:26,679 INFO PERFORMANCE:|0|0|0|-1|-1|0|0

2026-05-27 21:20:26,681 INFO Task worker status: 
naming_0%8, pending tasks: 0
naming_1%8, pending tasks: 0
naming_2%8, pending tasks: 0
naming_3%8, pending tasks: 0
naming_4%8, pending tasks: 0
naming_5%8, pending tasks: 0
naming_6%8, pending tasks: 0
naming_7%8, pending tasks: 0


2026-05-27 21:20:26,682 INFO DISTRO:|0|0|0|

2026-05-27 21:21:26,678 INFO PERFORMANCE:|0|0|0|-1|-1|0|0

2026-05-27 21:21:26,680 INFO Task worker status: 
naming_0%8, pending tasks: 0
naming_1%8, pending tasks: 0
naming_2%8, pending tasks: 0
naming_3%8, pending tasks: 0
naming_4%8, pending tasks: 0
naming_5%8, pending tasks: 0
naming_6%8, pending tasks: 0
naming_7%8, pending tasks: 0


2026-05-27 21:21:26,680 INFO DISTRO:|0|0|0|

2026-05-27 21:22:26,677 INFO PERFORMANCE:|serviceCount|ipCount|subscribeCount|maxPushCost|avgPushCost|totalPushCount|failPushCount

2026-05-27 21:22:26,678 INFO DISTRO:|V1SyncDone|V1SyncFail|V2SyncDone|V2SyncFail|V2VerifyFail|

2026-05-27 21:22:26,679 INFO PERFORMANCE:|0|0|0|-1|-1|0|0

2026-05-27 21:22:26,679 INFO Task worker status: 
naming_0%8, pending tasks: 0
naming_1%8, pending tasks: 0
naming_2%8, pending tasks: 0
naming_3%8, pending tasks: 0
naming_4%8, pending tasks: 0
naming_5%8, pending tasks: 0
naming_6%8, pending tasks: 0
naming_7%8, pending tasks: 0


2026-05-27 21:22:26,680 INFO DISTRO:|0|0|0|

2026-05-27 21:23:26,676 INFO PERFORMANCE:|0|0|0|-1|-1|0|0

2026-05-27 21:23:26,678 INFO Task worker status: 
naming_0%8, pending tasks: 0
naming_1%8, pending tasks: 0
naming_2%8, pending tasks: 0
naming_3%8, pending tasks: 0
naming_4%8, pending tasks: 0
naming_5%8, pending tasks: 0
naming_6%8, pending tasks: 0
naming_7%8, pending tasks: 0


2026-05-27 21:23:26,679 INFO DISTRO:|0|0|0|

2026-05-27 21:24:26,677 INFO PERFORMANCE:|0|0|0|-1|-1|0|0

2026-05-27 21:24:26,679 INFO Task worker status: 
naming_0%8, pending tasks: 0
naming_1%8, pending tasks: 0
naming_2%8, pending tasks: 0
naming_3%8, pending tasks: 0
naming_4%8, pending tasks: 0
naming_5%8, pending tasks: 0
naming_6%8, pending tasks: 0
naming_7%8, pending tasks: 0


2026-05-27 21:24:26,680 INFO DISTRO:|0|0|0|

2026-05-27 21:25:26,676 INFO PERFORMANCE:|0|0|0|-1|-1|0|0

2026-05-27 21:25:26,678 INFO Task worker status: 
naming_0%8, pending tasks: 0
naming_1%8, pending tasks: 0
naming_2%8, pending tasks: 0
naming_3%8, pending tasks: 0
naming_4%8, pending tasks: 0
naming_5%8, pending tasks: 0
naming_6%8, pending tasks: 0
naming_7%8, pending tasks: 0


2026-05-27 21:25:26,678 INFO DISTRO:|0|0|0|

2026-05-27 21:26:26,675 INFO PERFORMANCE:|0|0|0|-1|-1|0|0

2026-05-27 21:26:26,677 INFO Task worker status: 
naming_0%8, pending tasks: 0
naming_1%8, pending tasks: 0
naming_2%8, pending tasks: 0
naming_3%8, pending tasks: 0
naming_4%8, pending tasks: 0
naming_5%8, pending tasks: 0
naming_6%8, pending tasks: 0
naming_7%8, pending tasks: 0


2026-05-27 21:26:26,678 INFO DISTRO:|0|0|0|

2026-05-27 21:27:26,672 INFO PERFORMANCE:|0|0|0|-1|-1|0|0

2026-05-27 21:27:26,674 INFO Task worker status: 
naming_0%8, pending tasks: 0
naming_1%8, pending tasks: 0
naming_2%8, pending tasks: 0
naming_3%8, pending tasks: 0
naming_4%8, pending tasks: 0
naming_5%8, pending tasks: 0
naming_6%8, pending tasks: 0
naming_7%8, pending tasks: 0


2026-05-27 21:27:26,674 INFO DISTRO:|0|0|0|

2026-05-27 21:28:26,673 INFO PERFORMANCE:|0|0|0|-1|-1|0|0

2026-05-27 21:28:26,674 INFO Task worker status: 
naming_0%8, pending tasks: 0
naming_1%8, pending tasks: 0
naming_2%8, pending tasks: 0
naming_3%8, pending tasks: 0
naming_4%8, pending tasks: 0
naming_5%8, pending tasks: 0
naming_6%8, pending tasks: 0
naming_7%8, pending tasks: 0


2026-05-27 21:28:26,675 INFO DISTRO:|0|0|0|

2026-05-27 21:29:26,670 INFO PERFORMANCE:|0|0|0|-1|-1|0|0

2026-05-27 21:29:26,672 INFO Task worker status: 
naming_0%8, pending tasks: 0
naming_1%8, pending tasks: 0
naming_2%8, pending tasks: 0
naming_3%8, pending tasks: 0
naming_4%8, pending tasks: 0
naming_5%8, pending tasks: 0
naming_6%8, pending tasks: 0
naming_7%8, pending tasks: 0


2026-05-27 21:29:26,672 INFO DISTRO:|0|0|0|

2026-05-27 21:30:26,669 INFO PERFORMANCE:|0|0|0|-1|-1|0|0

2026-05-27 21:30:26,671 INFO Task worker status: 
naming_0%8, pending tasks: 0
naming_1%8, pending tasks: 0
naming_2%8, pending tasks: 0
naming_3%8, pending tasks: 0
naming_4%8, pending tasks: 0
naming_5%8, pending tasks: 0
naming_6%8, pending tasks: 0
naming_7%8, pending tasks: 0


2026-05-27 21:30:26,672 INFO DISTRO:|0|0|0|

2026-05-27 21:31:26,668 INFO PERFORMANCE:|0|0|0|-1|-1|0|0

2026-05-27 21:31:26,669 INFO Task worker status: 
naming_0%8, pending tasks: 0
naming_1%8, pending tasks: 0
naming_2%8, pending tasks: 0
naming_3%8, pending tasks: 0
naming_4%8, pending tasks: 0
naming_5%8, pending tasks: 0
naming_6%8, pending tasks: 0
naming_7%8, pending tasks: 0


2026-05-27 21:31:26,669 INFO DISTRO:|0|0|0|

2026-05-27 21:32:26,666 INFO PERFORMANCE:|serviceCount|ipCount|subscribeCount|maxPushCost|avgPushCost|totalPushCount|failPushCount

2026-05-27 21:32:26,667 INFO DISTRO:|V1SyncDone|V1SyncFail|V2SyncDone|V2SyncFail|V2VerifyFail|

2026-05-27 21:32:26,668 INFO PERFORMANCE:|0|0|0|-1|-1|0|0

2026-05-27 21:32:26,668 INFO Task worker status: 
naming_0%8, pending tasks: 0
naming_1%8, pending tasks: 0
naming_2%8, pending tasks: 0
naming_3%8, pending tasks: 0
naming_4%8, pending tasks: 0
naming_5%8, pending tasks: 0
naming_6%8, pending tasks: 0
naming_7%8, pending tasks: 0


2026-05-27 21:32:26,678 INFO DISTRO:|0|0|0|

2026-05-27 21:33:26,673 INFO PERFORMANCE:|0|0|0|-1|-1|0|0

2026-05-27 21:33:26,674 INFO Task worker status: 
naming_0%8, pending tasks: 0
naming_1%8, pending tasks: 0
naming_2%8, pending tasks: 0
naming_3%8, pending tasks: 0
naming_4%8, pending tasks: 0
naming_5%8, pending tasks: 0
naming_6%8, pending tasks: 0
naming_7%8, pending tasks: 0


2026-05-27 21:33:26,675 INFO DISTRO:|0|0|0|

2026-05-27 21:34:26,672 INFO PERFORMANCE:|0|0|0|-1|-1|0|0

2026-05-27 21:34:26,673 INFO Task worker status: 
naming_0%8, pending tasks: 0
naming_1%8, pending tasks: 0
naming_2%8, pending tasks: 0
naming_3%8, pending tasks: 0
naming_4%8, pending tasks: 0
naming_5%8, pending tasks: 0
naming_6%8, pending tasks: 0
naming_7%8, pending tasks: 0


2026-05-27 21:34:26,674 INFO DISTRO:|0|0|0|

2026-05-27 21:35:26,669 INFO PERFORMANCE:|0|0|0|-1|-1|0|0

2026-05-27 21:35:26,670 INFO Task worker status: 
naming_0%8, pending tasks: 0
naming_1%8, pending tasks: 0
naming_2%8, pending tasks: 0
naming_3%8, pending tasks: 0
naming_4%8, pending tasks: 0
naming_5%8, pending tasks: 0
naming_6%8, pending tasks: 0
naming_7%8, pending tasks: 0


2026-05-27 21:35:26,670 INFO DISTRO:|0|0|0|

2026-05-27 21:36:26,668 INFO PERFORMANCE:|0|0|0|-1|-1|0|0

2026-05-27 21:36:26,669 INFO Task worker status: 
naming_0%8, pending tasks: 0
naming_1%8, pending tasks: 0
naming_2%8, pending tasks: 0
naming_3%8, pending tasks: 0
naming_4%8, pending tasks: 0
naming_5%8, pending tasks: 0
naming_6%8, pending tasks: 0
naming_7%8, pending tasks: 0


2026-05-27 21:36:26,670 INFO DISTRO:|0|0|0|

2026-05-27 21:37:26,666 INFO PERFORMANCE:|0|0|0|-1|-1|0|0

2026-05-27 21:37:26,667 INFO Task worker status: 
naming_0%8, pending tasks: 0
naming_1%8, pending tasks: 0
naming_2%8, pending tasks: 0
naming_3%8, pending tasks: 0
naming_4%8, pending tasks: 0
naming_5%8, pending tasks: 0
naming_6%8, pending tasks: 0
naming_7%8, pending tasks: 0


2026-05-27 21:37:26,668 INFO DISTRO:|0|0|0|

2026-05-27 21:38:26,664 INFO PERFORMANCE:|0|0|0|-1|-1|0|0

2026-05-27 21:38:26,666 INFO Task worker status: 
naming_0%8, pending tasks: 0
naming_1%8, pending tasks: 0
naming_2%8, pending tasks: 0
naming_3%8, pending tasks: 0
naming_4%8, pending tasks: 0
naming_5%8, pending tasks: 0
naming_6%8, pending tasks: 0
naming_7%8, pending tasks: 0


2026-05-27 21:38:26,666 INFO DISTRO:|0|0|0|

2026-05-27 21:39:26,662 INFO PERFORMANCE:|0|0|0|-1|-1|0|0

2026-05-27 21:39:26,663 INFO Task worker status: 
naming_0%8, pending tasks: 0
naming_1%8, pending tasks: 0
naming_2%8, pending tasks: 0
naming_3%8, pending tasks: 0
naming_4%8, pending tasks: 0
naming_5%8, pending tasks: 0
naming_6%8, pending tasks: 0
naming_7%8, pending tasks: 0


2026-05-27 21:39:26,664 INFO DISTRO:|0|0|0|

2026-05-27 21:40:26,661 INFO PERFORMANCE:|0|0|0|-1|-1|0|0

2026-05-27 21:40:26,663 INFO Task worker status: 
naming_0%8, pending tasks: 0
naming_1%8, pending tasks: 0
naming_2%8, pending tasks: 0
naming_3%8, pending tasks: 0
naming_4%8, pending tasks: 0
naming_5%8, pending tasks: 0
naming_6%8, pending tasks: 0
naming_7%8, pending tasks: 0


2026-05-27 21:40:26,665 INFO DISTRO:|0|0|0|

2026-05-27 21:41:26,661 INFO PERFORMANCE:|0|0|0|-1|-1|0|0

2026-05-27 21:41:26,662 INFO Task worker status: 
naming_0%8, pending tasks: 0
naming_1%8, pending tasks: 0
naming_2%8, pending tasks: 0
naming_3%8, pending tasks: 0
naming_4%8, pending tasks: 0
naming_5%8, pending tasks: 0
naming_6%8, pending tasks: 0
naming_7%8, pending tasks: 0


2026-05-27 21:41:26,662 INFO DISTRO:|0|0|0|

2026-05-27 21:42:26,660 INFO PERFORMANCE:|serviceCount|ipCount|subscribeCount|maxPushCost|avgPushCost|totalPushCount|failPushCount

2026-05-27 21:42:26,661 INFO DISTRO:|V1SyncDone|V1SyncFail|V2SyncDone|V2SyncFail|V2VerifyFail|

2026-05-27 21:42:26,662 INFO PERFORMANCE:|0|0|0|-1|-1|0|0

2026-05-27 21:42:26,662 INFO Task worker status: 
naming_0%8, pending tasks: 0
naming_1%8, pending tasks: 0
naming_2%8, pending tasks: 0
naming_3%8, pending tasks: 0
naming_4%8, pending tasks: 0
naming_5%8, pending tasks: 0
naming_6%8, pending tasks: 0
naming_7%8, pending tasks: 0


2026-05-27 21:42:26,663 INFO DISTRO:|0|0|0|

2026-05-27 21:43:26,658 INFO PERFORMANCE:|0|0|0|-1|-1|0|0

2026-05-27 21:43:26,659 INFO Task worker status: 
naming_0%8, pending tasks: 0
naming_1%8, pending tasks: 0
naming_2%8, pending tasks: 0
naming_3%8, pending tasks: 0
naming_4%8, pending tasks: 0
naming_5%8, pending tasks: 0
naming_6%8, pending tasks: 0
naming_7%8, pending tasks: 0


2026-05-27 21:43:26,660 INFO DISTRO:|0|0|0|

2026-05-27 21:44:26,656 INFO PERFORMANCE:|0|0|0|-1|-1|0|0

2026-05-27 21:44:26,658 INFO Task worker status: 
naming_0%8, pending tasks: 0
naming_1%8, pending tasks: 0
naming_2%8, pending tasks: 0
naming_3%8, pending tasks: 0
naming_4%8, pending tasks: 0
naming_5%8, pending tasks: 0
naming_6%8, pending tasks: 0
naming_7%8, pending tasks: 0


2026-05-27 21:44:26,658 INFO DISTRO:|0|0|0|

2026-05-27 21:45:26,654 INFO PERFORMANCE:|0|0|0|-1|-1|0|0

2026-05-27 21:45:26,657 INFO Task worker status: 
naming_0%8, pending tasks: 0
naming_1%8, pending tasks: 0
naming_2%8, pending tasks: 0
naming_3%8, pending tasks: 0
naming_4%8, pending tasks: 0
naming_5%8, pending tasks: 0
naming_6%8, pending tasks: 0
naming_7%8, pending tasks: 0


2026-05-27 21:45:26,658 INFO DISTRO:|0|0|0|

2026-05-27 21:46:26,654 INFO PERFORMANCE:|0|0|0|-1|-1|0|0

2026-05-27 21:46:26,656 INFO Task worker status: 
naming_0%8, pending tasks: 0
naming_1%8, pending tasks: 0
naming_2%8, pending tasks: 0
naming_3%8, pending tasks: 0
naming_4%8, pending tasks: 0
naming_5%8, pending tasks: 0
naming_6%8, pending tasks: 0
naming_7%8, pending tasks: 0


2026-05-27 21:46:26,657 INFO DISTRO:|0|0|0|

2026-05-27 21:47:26,653 INFO PERFORMANCE:|0|0|0|-1|-1|0|0

2026-05-27 21:47:26,654 INFO Task worker status: 
naming_0%8, pending tasks: 0
naming_1%8, pending tasks: 0
naming_2%8, pending tasks: 0
naming_3%8, pending tasks: 0
naming_4%8, pending tasks: 0
naming_5%8, pending tasks: 0
naming_6%8, pending tasks: 0
naming_7%8, pending tasks: 0


2026-05-27 21:47:26,654 INFO DISTRO:|0|0|0|

2026-05-27 21:48:26,650 INFO PERFORMANCE:|0|0|0|-1|-1|0|0

2026-05-27 21:48:26,651 INFO Task worker status: 
naming_0%8, pending tasks: 0
naming_1%8, pending tasks: 0
naming_2%8, pending tasks: 0
naming_3%8, pending tasks: 0
naming_4%8, pending tasks: 0
naming_5%8, pending tasks: 0
naming_6%8, pending tasks: 0
naming_7%8, pending tasks: 0


2026-05-27 21:48:26,652 INFO DISTRO:|0|0|0|

2026-05-27 21:49:26,648 INFO PERFORMANCE:|0|0|0|-1|-1|0|0

2026-05-27 21:49:26,649 INFO Task worker status: 
naming_0%8, pending tasks: 0
naming_1%8, pending tasks: 0
naming_2%8, pending tasks: 0
naming_3%8, pending tasks: 0
naming_4%8, pending tasks: 0
naming_5%8, pending tasks: 0
naming_6%8, pending tasks: 0
naming_7%8, pending tasks: 0


2026-05-27 21:49:26,650 INFO DISTRO:|0|0|0|

2026-05-27 21:50:26,647 INFO PERFORMANCE:|0|0|0|-1|-1|0|0

2026-05-27 21:50:26,649 INFO Task worker status: 
naming_0%8, pending tasks: 0
naming_1%8, pending tasks: 0
naming_2%8, pending tasks: 0
naming_3%8, pending tasks: 0
naming_4%8, pending tasks: 0
naming_5%8, pending tasks: 0
naming_6%8, pending tasks: 0
naming_7%8, pending tasks: 0


2026-05-27 21:50:26,650 INFO DISTRO:|0|0|0|

2026-05-27 21:51:26,647 INFO PERFORMANCE:|0|0|0|-1|-1|0|0

2026-05-27 21:51:26,649 INFO Task worker status: 
naming_0%8, pending tasks: 0
naming_1%8, pending tasks: 0
naming_2%8, pending tasks: 0
naming_3%8, pending tasks: 0
naming_4%8, pending tasks: 0
naming_5%8, pending tasks: 0
naming_6%8, pending tasks: 0
naming_7%8, pending tasks: 0


2026-05-27 21:51:26,649 INFO DISTRO:|0|0|0|

2026-05-27 21:52:26,646 INFO PERFORMANCE:|serviceCount|ipCount|subscribeCount|maxPushCost|avgPushCost|totalPushCount|failPushCount

2026-05-27 21:52:26,647 INFO DISTRO:|V1SyncDone|V1SyncFail|V2SyncDone|V2SyncFail|V2VerifyFail|

2026-05-27 21:52:26,647 INFO PERFORMANCE:|0|0|0|-1|-1|0|0

2026-05-27 21:52:26,648 INFO Task worker status: 
naming_0%8, pending tasks: 0
naming_1%8, pending tasks: 0
naming_2%8, pending tasks: 0
naming_3%8, pending tasks: 0
naming_4%8, pending tasks: 0
naming_5%8, pending tasks: 0
naming_6%8, pending tasks: 0
naming_7%8, pending tasks: 0


2026-05-27 21:52:26,648 INFO DISTRO:|0|0|0|

2026-05-27 21:53:26,644 INFO PERFORMANCE:|1|1|0|-1|-1|0|0

2026-05-27 21:53:26,657 INFO Task worker status: 
naming_0%8, pending tasks: 0
naming_1%8, pending tasks: 0
naming_2%8, pending tasks: 0
naming_3%8, pending tasks: 0
naming_4%8, pending tasks: 0
naming_5%8, pending tasks: 0
naming_6%8, pending tasks: 0
naming_7%8, pending tasks: 0


2026-05-27 21:53:26,686 INFO DISTRO:|0|0|0|

2026-05-27 21:54:26,719 INFO PERFORMANCE:|4|4|0|-1|-1|0|0

2026-05-27 21:54:26,721 INFO Task worker status: 
naming_0%8, pending tasks: 0
naming_1%8, pending tasks: 0
naming_2%8, pending tasks: 0
naming_3%8, pending tasks: 0
naming_4%8, pending tasks: 0
naming_5%8, pending tasks: 0
naming_6%8, pending tasks: 0
naming_7%8, pending tasks: 0


2026-05-27 21:54:26,721 INFO DISTRO:|0|0|0|

2026-05-27 21:55:26,719 INFO PERFORMANCE:|4|4|0|-1|-1|0|0

2026-05-27 21:55:26,736 INFO Task worker status: 
naming_0%8, pending tasks: 0
naming_1%8, pending tasks: 0
naming_2%8, pending tasks: 0
naming_3%8, pending tasks: 0
naming_4%8, pending tasks: 0
naming_5%8, pending tasks: 0
naming_6%8, pending tasks: 0
naming_7%8, pending tasks: 0


2026-05-27 21:55:26,747 INFO DISTRO:|0|0|0|

2026-05-27 21:56:26,746 INFO PERFORMANCE:|4|4|0|-1|-1|0|0

2026-05-27 21:56:26,748 INFO Task worker status: 
naming_0%8, pending tasks: 0
naming_1%8, pending tasks: 0
naming_2%8, pending tasks: 0
naming_3%8, pending tasks: 0
naming_4%8, pending tasks: 0
naming_5%8, pending tasks: 0
naming_6%8, pending tasks: 0
naming_7%8, pending tasks: 0


2026-05-27 21:56:26,748 INFO DISTRO:|0|0|0|

2026-05-27 21:57:26,744 INFO PERFORMANCE:|4|4|0|-1|-1|0|0

2026-05-27 21:57:26,745 INFO Task worker status: 
naming_0%8, pending tasks: 0
naming_1%8, pending tasks: 0
naming_2%8, pending tasks: 0
naming_3%8, pending tasks: 0
naming_4%8, pending tasks: 0
naming_5%8, pending tasks: 0
naming_6%8, pending tasks: 0
naming_7%8, pending tasks: 0


2026-05-27 21:57:26,745 INFO DISTRO:|0|0|0|

2026-05-27 21:58:26,742 INFO PERFORMANCE:|4|4|0|-1|-1|0|0

2026-05-27 21:58:26,744 INFO Task worker status: 
naming_0%8, pending tasks: 0
naming_1%8, pending tasks: 0
naming_2%8, pending tasks: 0
naming_3%8, pending tasks: 0
naming_4%8, pending tasks: 0
naming_5%8, pending tasks: 0
naming_6%8, pending tasks: 0
naming_7%8, pending tasks: 0


2026-05-27 21:58:26,745 INFO DISTRO:|0|0|0|

2026-05-27 21:59:26,741 INFO PERFORMANCE:|4|4|0|-1|-1|0|0

2026-05-27 21:59:26,742 INFO Task worker status: 
naming_0%8, pending tasks: 0
naming_1%8, pending tasks: 0
naming_2%8, pending tasks: 0
naming_3%8, pending tasks: 0
naming_4%8, pending tasks: 0
naming_5%8, pending tasks: 0
naming_6%8, pending tasks: 0
naming_7%8, pending tasks: 0


2026-05-27 21:59:26,742 INFO DISTRO:|0|0|0|

2026-05-27 22:00:26,738 INFO PERFORMANCE:|4|4|0|-1|-1|0|0

2026-05-27 22:00:26,740 INFO Task worker status: 
naming_0%8, pending tasks: 0
naming_1%8, pending tasks: 0
naming_2%8, pending tasks: 0
naming_3%8, pending tasks: 0
naming_4%8, pending tasks: 0
naming_5%8, pending tasks: 0
naming_6%8, pending tasks: 0
naming_7%8, pending tasks: 0


2026-05-27 22:00:26,740 INFO DISTRO:|0|0|0|

2026-05-27 22:01:26,736 INFO PERFORMANCE:|4|4|0|-1|-1|0|0

2026-05-27 22:01:26,737 INFO Task worker status: 
naming_0%8, pending tasks: 0
naming_1%8, pending tasks: 0
naming_2%8, pending tasks: 0
naming_3%8, pending tasks: 0
naming_4%8, pending tasks: 0
naming_5%8, pending tasks: 0
naming_6%8, pending tasks: 0
naming_7%8, pending tasks: 0


2026-05-27 22:01:26,738 INFO DISTRO:|0|0|0|

2026-05-27 22:02:26,735 INFO PERFORMANCE:|serviceCount|ipCount|subscribeCount|maxPushCost|avgPushCost|totalPushCount|failPushCount

2026-05-27 22:02:26,736 INFO DISTRO:|V1SyncDone|V1SyncFail|V2SyncDone|V2SyncFail|V2VerifyFail|

2026-05-27 22:02:26,736 INFO PERFORMANCE:|4|4|0|-1|-1|0|0

2026-05-27 22:02:26,737 INFO Task worker status: 
naming_0%8, pending tasks: 0
naming_1%8, pending tasks: 0
naming_2%8, pending tasks: 0
naming_3%8, pending tasks: 0
naming_4%8, pending tasks: 0
naming_5%8, pending tasks: 0
naming_6%8, pending tasks: 0
naming_7%8, pending tasks: 0


2026-05-27 22:02:26,737 INFO DISTRO:|0|0|0|

2026-05-27 22:03:26,733 INFO PERFORMANCE:|4|4|0|-1|-1|0|0

2026-05-27 22:03:26,735 INFO Task worker status: 
naming_0%8, pending tasks: 0
naming_1%8, pending tasks: 0
naming_2%8, pending tasks: 0
naming_3%8, pending tasks: 0
naming_4%8, pending tasks: 0
naming_5%8, pending tasks: 0
naming_6%8, pending tasks: 0
naming_7%8, pending tasks: 0


2026-05-27 22:03:26,736 INFO DISTRO:|0|0|0|

2026-05-27 22:04:26,732 INFO PERFORMANCE:|4|4|0|-1|-1|0|0

2026-05-27 22:04:26,733 INFO Task worker status: 
naming_0%8, pending tasks: 0
naming_1%8, pending tasks: 0
naming_2%8, pending tasks: 0
naming_3%8, pending tasks: 0
naming_4%8, pending tasks: 0
naming_5%8, pending tasks: 0
naming_6%8, pending tasks: 0
naming_7%8, pending tasks: 0


2026-05-27 22:04:26,734 INFO DISTRO:|0|0|0|

2026-05-27 22:05:26,730 INFO PERFORMANCE:|4|4|0|-1|-1|0|0

2026-05-27 22:05:26,732 INFO Task worker status: 
naming_0%8, pending tasks: 0
naming_1%8, pending tasks: 0
naming_2%8, pending tasks: 0
naming_3%8, pending tasks: 0
naming_4%8, pending tasks: 0
naming_5%8, pending tasks: 0
naming_6%8, pending tasks: 0
naming_7%8, pending tasks: 0


2026-05-27 22:05:26,732 INFO DISTRO:|0|0|0|

2026-05-27 22:06:26,729 INFO PERFORMANCE:|4|4|0|-1|-1|0|0

2026-05-27 22:06:26,730 INFO Task worker status: 
naming_0%8, pending tasks: 0
naming_1%8, pending tasks: 0
naming_2%8, pending tasks: 0
naming_3%8, pending tasks: 0
naming_4%8, pending tasks: 0
naming_5%8, pending tasks: 0
naming_6%8, pending tasks: 0
naming_7%8, pending tasks: 0


2026-05-27 22:06:26,731 INFO DISTRO:|0|0|0|

2026-05-27 22:07:26,727 INFO PERFORMANCE:|4|4|0|-1|-1|0|0

2026-05-27 22:07:26,728 INFO Task worker status: 
naming_0%8, pending tasks: 0
naming_1%8, pending tasks: 0
naming_2%8, pending tasks: 0
naming_3%8, pending tasks: 0
naming_4%8, pending tasks: 0
naming_5%8, pending tasks: 0
naming_6%8, pending tasks: 0
naming_7%8, pending tasks: 0


2026-05-27 22:07:26,728 INFO DISTRO:|0|0|0|

2026-05-27 22:08:26,724 INFO PERFORMANCE:|4|4|0|-1|-1|0|0

2026-05-27 22:08:26,725 INFO Task worker status: 
naming_0%8, pending tasks: 0
naming_1%8, pending tasks: 0
naming_2%8, pending tasks: 0
naming_3%8, pending tasks: 0
naming_4%8, pending tasks: 0
naming_5%8, pending tasks: 0
naming_6%8, pending tasks: 0
naming_7%8, pending tasks: 0


2026-05-27 22:08:26,726 INFO DISTRO:|0|0|0|

2026-05-27 22:09:26,721 INFO PERFORMANCE:|4|4|0|-1|-1|0|0

2026-05-27 22:09:26,729 INFO Task worker status: 
naming_0%8, pending tasks: 0
naming_1%8, pending tasks: 0
naming_2%8, pending tasks: 0
naming_3%8, pending tasks: 0
naming_4%8, pending tasks: 0
naming_5%8, pending tasks: 0
naming_6%8, pending tasks: 0
naming_7%8, pending tasks: 0


2026-05-27 22:09:26,735 INFO DISTRO:|0|0|0|

2026-05-27 22:10:26,743 INFO PERFORMANCE:|4|4|0|-1|-1|0|0

2026-05-27 22:10:26,744 INFO Task worker status: 
naming_0%8, pending tasks: 0
naming_1%8, pending tasks: 0
naming_2%8, pending tasks: 0
naming_3%8, pending tasks: 0
naming_4%8, pending tasks: 0
naming_5%8, pending tasks: 0
naming_6%8, pending tasks: 0
naming_7%8, pending tasks: 0


2026-05-27 22:10:26,745 INFO DISTRO:|0|0|0|

2026-05-27 22:11:26,742 INFO PERFORMANCE:|4|4|0|-1|-1|0|0

2026-05-27 22:11:26,744 INFO Task worker status: 
naming_0%8, pending tasks: 0
naming_1%8, pending tasks: 0
naming_2%8, pending tasks: 0
naming_3%8, pending tasks: 0
naming_4%8, pending tasks: 0
naming_5%8, pending tasks: 0
naming_6%8, pending tasks: 0
naming_7%8, pending tasks: 0


2026-05-27 22:11:26,746 INFO DISTRO:|0|0|0|

2026-05-27 22:12:26,743 INFO PERFORMANCE:|serviceCount|ipCount|subscribeCount|maxPushCost|avgPushCost|totalPushCount|failPushCount

2026-05-27 22:12:26,744 INFO DISTRO:|V1SyncDone|V1SyncFail|V2SyncDone|V2SyncFail|V2VerifyFail|

2026-05-27 22:12:26,745 INFO PERFORMANCE:|4|4|0|-1|-1|0|0

2026-05-27 22:12:26,745 INFO Task worker status: 
naming_0%8, pending tasks: 0
naming_1%8, pending tasks: 0
naming_2%8, pending tasks: 0
naming_3%8, pending tasks: 0
naming_4%8, pending tasks: 0
naming_5%8, pending tasks: 0
naming_6%8, pending tasks: 0
naming_7%8, pending tasks: 0


2026-05-27 22:12:26,745 INFO DISTRO:|0|0|0|

2026-05-27 22:13:26,742 INFO PERFORMANCE:|4|4|0|-1|-1|0|0

2026-05-27 22:13:26,747 INFO Task worker status: 
naming_0%8, pending tasks: 0
naming_1%8, pending tasks: 0
naming_2%8, pending tasks: 0
naming_3%8, pending tasks: 0
naming_4%8, pending tasks: 0
naming_5%8, pending tasks: 0
naming_6%8, pending tasks: 0
naming_7%8, pending tasks: 0


2026-05-27 22:13:26,748 INFO DISTRO:|0|0|0|

2026-05-27 22:14:26,744 INFO PERFORMANCE:|4|4|0|-1|-1|0|0

2026-05-27 22:14:26,747 INFO Task worker status: 
naming_0%8, pending tasks: 0
naming_1%8, pending tasks: 0
naming_2%8, pending tasks: 0
naming_3%8, pending tasks: 0
naming_4%8, pending tasks: 0
naming_5%8, pending tasks: 0
naming_6%8, pending tasks: 0
naming_7%8, pending tasks: 0


2026-05-27 22:14:26,747 INFO DISTRO:|0|0|0|

2026-05-27 22:15:26,744 INFO PERFORMANCE:|4|4|0|-1|-1|0|0

2026-05-27 22:15:26,745 INFO Task worker status: 
naming_0%8, pending tasks: 0
naming_1%8, pending tasks: 0
naming_2%8, pending tasks: 0
naming_3%8, pending tasks: 0
naming_4%8, pending tasks: 0
naming_5%8, pending tasks: 0
naming_6%8, pending tasks: 0
naming_7%8, pending tasks: 0


2026-05-27 22:15:26,746 INFO DISTRO:|0|0|0|

2026-05-27 22:16:26,743 INFO PERFORMANCE:|4|4|0|-1|-1|0|0

2026-05-27 22:16:26,745 INFO Task worker status: 
naming_0%8, pending tasks: 0
naming_1%8, pending tasks: 0
naming_2%8, pending tasks: 0
naming_3%8, pending tasks: 0
naming_4%8, pending tasks: 0
naming_5%8, pending tasks: 0
naming_6%8, pending tasks: 0
naming_7%8, pending tasks: 0


2026-05-27 22:16:26,746 INFO DISTRO:|0|0|0|

2026-05-27 22:17:26,742 INFO PERFORMANCE:|4|3|0|-1|-1|0|0

2026-05-27 22:17:26,743 INFO Task worker status: 
naming_0%8, pending tasks: 0
naming_1%8, pending tasks: 0
naming_2%8, pending tasks: 0
naming_3%8, pending tasks: 0
naming_4%8, pending tasks: 0
naming_5%8, pending tasks: 0
naming_6%8, pending tasks: 0
naming_7%8, pending tasks: 0


2026-05-27 22:17:26,744 INFO DISTRO:|0|0|0|

2026-05-27 22:18:26,740 INFO PERFORMANCE:|4|3|0|-1|-1|0|0

2026-05-27 22:18:26,741 INFO Task worker status: 
naming_0%8, pending tasks: 0
naming_1%8, pending tasks: 0
naming_2%8, pending tasks: 0
naming_3%8, pending tasks: 0
naming_4%8, pending tasks: 0
naming_5%8, pending tasks: 0
naming_6%8, pending tasks: 0
naming_7%8, pending tasks: 0


2026-05-27 22:18:26,742 INFO DISTRO:|0|0|0|

2026-05-27 22:19:26,737 INFO PERFORMANCE:|3|3|0|-1|-1|0|0

2026-05-27 22:19:26,739 INFO Task worker status: 
naming_0%8, pending tasks: 0
naming_1%8, pending tasks: 0
naming_2%8, pending tasks: 0
naming_3%8, pending tasks: 0
naming_4%8, pending tasks: 0
naming_5%8, pending tasks: 0
naming_6%8, pending tasks: 0
naming_7%8, pending tasks: 0


2026-05-27 22:19:26,739 INFO DISTRO:|0|0|0|

2026-05-27 22:20:26,736 INFO PERFORMANCE:|3|3|0|-1|-1|0|0

2026-05-27 22:20:26,737 INFO Task worker status: 
naming_0%8, pending tasks: 0
naming_1%8, pending tasks: 0
naming_2%8, pending tasks: 0
naming_3%8, pending tasks: 0
naming_4%8, pending tasks: 0
naming_5%8, pending tasks: 0
naming_6%8, pending tasks: 0
naming_7%8, pending tasks: 0


2026-05-27 22:20:26,738 INFO DISTRO:|0|0|0|

2026-05-27 22:21:26,734 INFO PERFORMANCE:|3|3|0|-1|-1|0|0

2026-05-27 22:21:26,735 INFO Task worker status: 
naming_0%8, pending tasks: 0
naming_1%8, pending tasks: 0
naming_2%8, pending tasks: 0
naming_3%8, pending tasks: 0
naming_4%8, pending tasks: 0
naming_5%8, pending tasks: 0
naming_6%8, pending tasks: 0
naming_7%8, pending tasks: 0


2026-05-27 22:21:26,735 INFO DISTRO:|0|0|0|

2026-05-27 22:22:26,733 INFO PERFORMANCE:|serviceCount|ipCount|subscribeCount|maxPushCost|avgPushCost|totalPushCount|failPushCount

2026-05-27 22:22:26,733 INFO DISTRO:|V1SyncDone|V1SyncFail|V2SyncDone|V2SyncFail|V2VerifyFail|

2026-05-27 22:22:26,734 INFO PERFORMANCE:|3|3|0|-1|-1|0|0

2026-05-27 22:22:26,734 INFO Task worker status: 
naming_0%8, pending tasks: 0
naming_1%8, pending tasks: 0
naming_2%8, pending tasks: 0
naming_3%8, pending tasks: 0
naming_4%8, pending tasks: 0
naming_5%8, pending tasks: 0
naming_6%8, pending tasks: 0
naming_7%8, pending tasks: 0


2026-05-27 22:22:26,735 INFO DISTRO:|0|0|0|

2026-05-27 22:23:26,731 INFO PERFORMANCE:|3|3|0|-1|-1|0|0

2026-05-27 22:23:26,733 INFO Task worker status: 
naming_0%8, pending tasks: 0
naming_1%8, pending tasks: 0
naming_2%8, pending tasks: 0
naming_3%8, pending tasks: 0
naming_4%8, pending tasks: 0
naming_5%8, pending tasks: 0
naming_6%8, pending tasks: 0
naming_7%8, pending tasks: 0


2026-05-27 22:23:26,733 INFO DISTRO:|0|0|0|

2026-05-27 22:24:26,730 INFO PERFORMANCE:|3|3|0|-1|-1|0|0

2026-05-27 22:24:26,731 INFO Task worker status: 
naming_0%8, pending tasks: 0
naming_1%8, pending tasks: 0
naming_2%8, pending tasks: 0
naming_3%8, pending tasks: 0
naming_4%8, pending tasks: 0
naming_5%8, pending tasks: 0
naming_6%8, pending tasks: 0
naming_7%8, pending tasks: 0


2026-05-27 22:24:26,732 INFO DISTRO:|0|0|0|

2026-05-27 22:25:26,728 INFO PERFORMANCE:|3|3|0|-1|-1|0|0

2026-05-27 22:25:26,729 INFO Task worker status: 
naming_0%8, pending tasks: 0
naming_1%8, pending tasks: 0
naming_2%8, pending tasks: 0
naming_3%8, pending tasks: 0
naming_4%8, pending tasks: 0
naming_5%8, pending tasks: 0
naming_6%8, pending tasks: 0
naming_7%8, pending tasks: 0


2026-05-27 22:25:26,729 INFO DISTRO:|0|0|0|

2026-05-27 22:26:26,726 INFO PERFORMANCE:|3|3|0|-1|-1|0|0

2026-05-27 22:26:26,727 INFO Task worker status: 
naming_0%8, pending tasks: 0
naming_1%8, pending tasks: 0
naming_2%8, pending tasks: 0
naming_3%8, pending tasks: 0
naming_4%8, pending tasks: 0
naming_5%8, pending tasks: 0
naming_6%8, pending tasks: 0
naming_7%8, pending tasks: 0


2026-05-27 22:26:26,728 INFO DISTRO:|0|0|0|

2026-05-27 22:27:26,724 INFO PERFORMANCE:|3|3|0|-1|-1|0|0

2026-05-27 22:27:26,725 INFO Task worker status: 
naming_0%8, pending tasks: 0
naming_1%8, pending tasks: 0
naming_2%8, pending tasks: 0
naming_3%8, pending tasks: 0
naming_4%8, pending tasks: 0
naming_5%8, pending tasks: 0
naming_6%8, pending tasks: 0
naming_7%8, pending tasks: 0


2026-05-27 22:27:26,726 INFO DISTRO:|0|0|0|

2026-05-27 22:28:26,722 INFO PERFORMANCE:|3|3|0|-1|-1|0|0

2026-05-27 22:28:26,723 INFO Task worker status: 
naming_0%8, pending tasks: 0
naming_1%8, pending tasks: 0
naming_2%8, pending tasks: 0
naming_3%8, pending tasks: 0
naming_4%8, pending tasks: 0
naming_5%8, pending tasks: 0
naming_6%8, pending tasks: 0
naming_7%8, pending tasks: 0


2026-05-27 22:28:26,724 INFO DISTRO:|0|0|0|

2026-05-27 22:29:26,721 INFO PERFORMANCE:|3|3|0|-1|-1|0|0

2026-05-27 22:29:26,722 INFO Task worker status: 
naming_0%8, pending tasks: 0
naming_1%8, pending tasks: 0
naming_2%8, pending tasks: 0
naming_3%8, pending tasks: 0
naming_4%8, pending tasks: 0
naming_5%8, pending tasks: 0
naming_6%8, pending tasks: 0
naming_7%8, pending tasks: 0


2026-05-27 22:29:26,723 INFO DISTRO:|0|0|0|

2026-05-27 22:30:26,718 INFO PERFORMANCE:|3|3|0|-1|-1|0|0

2026-05-27 22:30:26,719 INFO Task worker status: 
naming_0%8, pending tasks: 0
naming_1%8, pending tasks: 0
naming_2%8, pending tasks: 0
naming_3%8, pending tasks: 0
naming_4%8, pending tasks: 0
naming_5%8, pending tasks: 0
naming_6%8, pending tasks: 0
naming_7%8, pending tasks: 0


2026-05-27 22:30:26,720 INFO DISTRO:|0|0|0|

2026-05-27 22:31:26,716 INFO PERFORMANCE:|3|3|0|-1|-1|0|0

2026-05-27 22:31:26,717 INFO Task worker status: 
naming_0%8, pending tasks: 0
naming_1%8, pending tasks: 0
naming_2%8, pending tasks: 0
naming_3%8, pending tasks: 0
naming_4%8, pending tasks: 0
naming_5%8, pending tasks: 0
naming_6%8, pending tasks: 0
naming_7%8, pending tasks: 0


2026-05-27 22:31:26,718 INFO DISTRO:|0|0|0|

2026-05-27 22:32:26,714 INFO PERFORMANCE:|serviceCount|ipCount|subscribeCount|maxPushCost|avgPushCost|totalPushCount|failPushCount

2026-05-27 22:32:26,715 INFO DISTRO:|V1SyncDone|V1SyncFail|V2SyncDone|V2SyncFail|V2VerifyFail|

2026-05-27 22:32:26,716 INFO PERFORMANCE:|3|3|0|-1|-1|0|0

2026-05-27 22:32:26,716 INFO Task worker status: 
naming_0%8, pending tasks: 0
naming_1%8, pending tasks: 0
naming_2%8, pending tasks: 0
naming_3%8, pending tasks: 0
naming_4%8, pending tasks: 0
naming_5%8, pending tasks: 0
naming_6%8, pending tasks: 0
naming_7%8, pending tasks: 0


2026-05-27 22:32:26,717 INFO DISTRO:|0|0|0|

2026-05-27 22:33:26,713 INFO PERFORMANCE:|3|3|0|-1|-1|0|0

2026-05-27 22:33:26,713 INFO Task worker status: 
naming_0%8, pending tasks: 0
naming_1%8, pending tasks: 0
naming_2%8, pending tasks: 0
naming_3%8, pending tasks: 0
naming_4%8, pending tasks: 0
naming_5%8, pending tasks: 0
naming_6%8, pending tasks: 0
naming_7%8, pending tasks: 0


2026-05-27 22:33:26,714 INFO DISTRO:|0|0|0|

2026-05-27 22:34:26,710 INFO PERFORMANCE:|3|3|0|-1|-1|0|0

2026-05-27 22:34:26,711 INFO Task worker status: 
naming_0%8, pending tasks: 0
naming_1%8, pending tasks: 0
naming_2%8, pending tasks: 0
naming_3%8, pending tasks: 0
naming_4%8, pending tasks: 0
naming_5%8, pending tasks: 0
naming_6%8, pending tasks: 0
naming_7%8, pending tasks: 0


2026-05-27 22:34:26,712 INFO DISTRO:|0|0|0|

2026-05-27 22:35:26,707 INFO PERFORMANCE:|3|3|0|-1|-1|0|0

2026-05-27 22:35:26,708 INFO Task worker status: 
naming_0%8, pending tasks: 0
naming_1%8, pending tasks: 0
naming_2%8, pending tasks: 0
naming_3%8, pending tasks: 0
naming_4%8, pending tasks: 0
naming_5%8, pending tasks: 0
naming_6%8, pending tasks: 0
naming_7%8, pending tasks: 0


2026-05-27 22:35:26,709 INFO DISTRO:|0|0|0|

2026-05-27 22:36:26,705 INFO PERFORMANCE:|3|3|0|-1|-1|0|0

2026-05-27 22:36:26,706 INFO Task worker status: 
naming_0%8, pending tasks: 0
naming_1%8, pending tasks: 0
naming_2%8, pending tasks: 0
naming_3%8, pending tasks: 0
naming_4%8, pending tasks: 0
naming_5%8, pending tasks: 0
naming_6%8, pending tasks: 0
naming_7%8, pending tasks: 0


2026-05-27 22:36:26,707 INFO DISTRO:|0|0|0|

2026-05-27 22:37:26,703 INFO PERFORMANCE:|3|0|0|-1|-1|0|0

2026-05-27 22:37:26,704 INFO Task worker status: 
naming_0%8, pending tasks: 0
naming_1%8, pending tasks: 0
naming_2%8, pending tasks: 0
naming_3%8, pending tasks: 0
naming_4%8, pending tasks: 0
naming_5%8, pending tasks: 0
naming_6%8, pending tasks: 0
naming_7%8, pending tasks: 0


2026-05-27 22:37:26,704 INFO DISTRO:|0|0|0|

2026-05-27 22:38:26,704 INFO PERFORMANCE:|3|0|0|-1|-1|0|0

2026-05-27 22:38:26,708 INFO Task worker status: 
naming_0%8, pending tasks: 0
naming_1%8, pending tasks: 0
naming_2%8, pending tasks: 0
naming_3%8, pending tasks: 0
naming_4%8, pending tasks: 0
naming_5%8, pending tasks: 0
naming_6%8, pending tasks: 0
naming_7%8, pending tasks: 0


2026-05-27 22:38:26,709 INFO DISTRO:|0|0|0|

