#
# There is insufficient memory for the Java Runtime Environment to continue.
# Native memory allocation (mmap) failed to map 260046848 bytes for G1 virtual space
# Possible reasons:
#   The system is out of physical RAM or swap space
#   The process is running with CompressedOops enabled, and the Java Heap may be blocking the growth of the native heap
# Possible solutions:
#   Reduce memory load on the system
#   Increase physical memory or swap space
#   Check if swap backing store is full
#   Decrease Java heap size (-Xmx/-Xms)
#   Decrease number of Java threads
#   Decrease Java thread stack sizes (-Xss)
#   Set larger code cache with -XX:ReservedCodeCacheSize=
#   JVM is running with Zero Based Compressed Oops mode in which the Java heap is
#     placed in the first 32GB address space. The Java Heap base address is the
#     maximum limit for the native heap growth. Please use -XX:HeapBaseMinAddress
#     to set the Java Heap base and to place the Java Heap above 32GB virtual address.
# This output file may be truncated or incomplete.
#
#  Out of Memory Error (os_windows.cpp:3548), pid=19360, tid=28112
#
# JRE version:  (17.0.12+8) (build )
# Java VM: Java HotSpot(TM) 64-Bit Server VM (17.0.12+8-LTS-286, mixed mode, sharing, tiered, compressed oops, compressed class ptrs, g1 gc, windows-amd64)
# No core dump will be written. Minidumps are not enabled by default on client versions of Windows
#

---------------  S U M M A R Y ------------

Command Line: -Dclassworlds.conf=C:\Users\ZXJ\.trae-cn\tools\maven\latest\bin\m2.conf -Dmaven.home=C:\Users\ZXJ\.trae-cn\tools\maven\latest -Dlibrary.jansi.path=C:\Users\ZXJ\.trae-cn\tools\maven\latest\lib\jansi-native -Dmaven.multiModuleProjectDirectory=F:\TraeProject\dogFood6\Project11\backend org.codehaus.plexus.classworlds.launcher.Launcher clean package -DskipTests

Host: AMD Ryzen 7 4700U with Radeon Graphics         , 8 cores, 15G,  Windows 11 , 64 bit Build 26100 (10.0.26100.6725)
Time: Wed May 27 21:08:54 2026  Windows 11 , 64 bit Build 26100 (10.0.26100.6725) elapsed time: 2.398414 seconds (0d 0h 0m 2s)

---------------  T H R E A D  ---------------

Current thread (0x000002a4f23a4b80):  JavaThread "Unknown thread" [_thread_in_vm, id=28112, stack(0x000000f292100000,0x000000f292200000)]

Stack: [0x000000f292100000,0x000000f292200000]
Native frames: (J=compiled Java code, j=interpreted, Vv=VM code, C=native code)
V  [jvm.dll+0x67a04a]
V  [jvm.dll+0x7da4ed]
V  [jvm.dll+0x7dbe33]
V  [jvm.dll+0x7dc4a3]
V  [jvm.dll+0x24508f]
V  [jvm.dll+0x677089]
V  [jvm.dll+0x66bd32]
V  [jvm.dll+0x301fa6]
V  [jvm.dll+0x309546]
V  [jvm.dll+0x359d2e]
V  [jvm.dll+0x359f5f]
V  [jvm.dll+0x2d9078]
V  [jvm.dll+0x2d9fe4]
V  [jvm.dll+0x7aca21]
V  [jvm.dll+0x367591]
V  [jvm.dll+0x78b999]
V  [jvm.dll+0x3ec83f]
V  [jvm.dll+0x3ee471]
C  [jli.dll+0x5297]
C  [ucrtbase.dll+0x37b0]
C  [KERNEL32.DLL+0x2e8d7]
C  [ntdll.dll+0x8c53c]


---------------  P R O C E S S  ---------------

Threads class SMR info:
_java_thread_list=0x00007ffbf5817a18, length=0, elements={
}

Java Threads: ( => current thread )

Other Threads:
  0x000002a4f23a8960 GCTaskThread "GC Thread#0" [stack: 0x000000f292700000,0x000000f292800000] [id=10052]
  0x000002a4f24381d0 ConcurrentGCThread "G1 Main Marker" [stack: 0x000000f292800000,0x000000f292900000] [id=11288]
  0x000002a4f23a86a0 ConcurrentGCThread "G1 Conc#0" [stack: 0x000000f292900000,0x000000f292a00000] [id=8768]

[error occurred during error reporting (printing all threads), id 0xc0000005, EXCEPTION_ACCESS_VIOLATION (0xc0000005) at pc=0x00007ffbf5049b67]

VM state: not at safepoint (not fully initialized)

VM Mutex/Monitor currently owned by a thread:  ([mutex/lock_event])
[0x000002a4ea77cd90] Heap_lock - owner thread: 0x000002a4f23a4b80

Heap address: 0x0000000709200000, size: 3950 MB, Compressed Oops mode: Zero based, Oop shift amount: 3

CDS archive(s) mapped at: [0x0000000000000000-0x0000000000000000-0x0000000000000000), size 0, SharedBaseAddress: 0x0000000800000000, ArchiveRelocationMode: 1.
Narrow klass base: 0x0000000000000000, Narrow klass shift: 0, Narrow klass range: 0x0

GC Precious Log:
<Empty>

Heap:
 garbage-first heap   total 0K, used 0K [0x0000000709200000, 0x0000000800000000)
  region size 2048K, 0 young (0K), 0 survivors (0K)

[error occurred during error reporting (printing heap information), id 0xc0000005, EXCEPTION_ACCESS_VIOLATION (0xc0000005) at pc=0x00007ffbf5433859]

GC Heap History (0 events):
No events

Deoptimization events (0 events):
No events

Classes unloaded (0 events):
No events

Classes redefined (0 events):
No events

Internal exceptions (0 events):
No events

VM Operations (0 events):
No events

Events (1 events):
Event: 0.334 Loaded shared library D:\Program Files\Java\jdk-17\bin\java.dll


Dynamic libraries:
0x00007ff6bd720000 - 0x00007ff6bd730000 	D:\Program Files\Java\jdk-17\bin\java.exe
0x00007ffcdd2a0000 - 0x00007ffcdd508000 	C:\WINDOWS\SYSTEM32\ntdll.dll
0x00007ffcdb910000 - 0x00007ffcdb9d9000 	C:\WINDOWS\System32\KERNEL32.DLL
0x00007ffcda430000 - 0x00007ffcda822000 	C:\WINDOWS\System32\KERNELBASE.dll
0x00007ffc0b9a0000 - 0x00007ffc0ba4f000 	c:\Users\ZXJ\AppData\Local\Programs\Trae CN\resources\app\modules\sandbox\x64\trae_sbox.dll
0x00007ffcdb070000 - 0x00007ffcdb124000 	C:\WINDOWS\System32\ADVAPI32.dll
0x00007ffcdb860000 - 0x00007ffcdb909000 	C:\WINDOWS\System32\msvcrt.dll
0x00007ffcdba40000 - 0x00007ffcdbae6000 	C:\WINDOWS\System32\sechost.dll
0x00007ffcdcca0000 - 0x00007ffcdcdb8000 	C:\WINDOWS\System32\RPCRT4.dll
0x00007ffcdac70000 - 0x00007ffcdadbb000 	C:\WINDOWS\System32\ucrtbase.dll
0x00007ffcd0340000 - 0x00007ffcd035b000 	D:\Program Files\Java\jdk-17\bin\VCRUNTIME140.dll
0x00007ffccf550000 - 0x00007ffccf569000 	D:\Program Files\Java\jdk-17\bin\jli.dll
0x00007ffcdcde0000 - 0x00007ffcdcfa5000 	C:\WINDOWS\System32\USER32.dll
0x00007ffcc8ec0000 - 0x00007ffcc9153000 	C:\WINDOWS\WinSxS\amd64_microsoft.windows.common-controls_6595b64144ccf1df_6.0.26100.6899_none_3e0efeeae32e88c1\COMCTL32.dll
0x00007ffcda9a0000 - 0x00007ffcda9c7000 	C:\WINDOWS\System32\win32u.dll
0x00007ffcdc330000 - 0x00007ffcdc35b000 	C:\WINDOWS\System32\GDI32.dll
0x00007ffcdab40000 - 0x00007ffcdac6d000 	C:\WINDOWS\System32\gdi32full.dll
0x00007ffcd9f40000 - 0x00007ffcd9f4b000 	C:\WINDOWS\SYSTEM32\VERSION.dll
0x00007ffcda830000 - 0x00007ffcda8d3000 	C:\WINDOWS\System32\msvcp_win.dll
0x00007ffc729c0000 - 0x00007ffc72a50000 	c:\Users\ZXJ\AppData\Local\Programs\Trae CN\resources\app\modules\sandbox\x64\sbox_ipc.dll
0x00007ffcdd030000 - 0x00007ffcdd05f000 	C:\WINDOWS\System32\IMM32.DLL
0x00000000631d0000 - 0x00000000631dd000 	C:\Program Files (x86)\360\360Safe\safemon\SafeWrapper.dll
0x00007ffcd77f0000 - 0x00007ffcd7a32000 	C:\WINDOWS\SYSTEM32\dbghelp.dll
0x00007ffcdb320000 - 0x00007ffcdb69b000 	C:\WINDOWS\System32\combase.dll
0x00007ffcdc460000 - 0x00007ffcdc537000 	C:\WINDOWS\System32\OLEAUT32.dll
0x00007ffcc3990000 - 0x00007ffcc39cc000 	C:\WINDOWS\SYSTEM32\dbgcore.DLL
0x00007ffcd4f50000 - 0x00007ffcd5055000 	C:\Program Files (x86)\360\360Safe\safemon\libzdtp64.dll
0x00007ffcdc540000 - 0x00007ffcdcc8d000 	C:\WINDOWS\System32\SHELL32.dll
0x00007ffcda9d0000 - 0x00007ffcdab3b000 	C:\WINDOWS\System32\wintypes.dll
0x00007ffcdd0f0000 - 0x00007ffcdd152000 	C:\WINDOWS\System32\SHLWAPI.dll
0x00007ffcd04a0000 - 0x00007ffcd04ac000 	D:\Program Files\Java\jdk-17\bin\vcruntime140_1.dll
0x00007ffc56230000 - 0x00007ffc562be000 	D:\Program Files\Java\jdk-17\bin\msvcp140.dll
0x00007ffbf4d60000 - 0x00007ffbf5940000 	D:\Program Files\Java\jdk-17\bin\server\jvm.dll
0x00007ffcdb850000 - 0x00007ffcdb858000 	C:\WINDOWS\System32\PSAPI.DLL
0x00007ffccf540000 - 0x00007ffccf54a000 	C:\WINDOWS\SYSTEM32\WSOCK32.dll
0x00007ffcdd070000 - 0x00007ffcdd0e4000 	C:\WINDOWS\System32\WS2_32.dll
0x00007ffcd3910000 - 0x00007ffcd3945000 	C:\WINDOWS\SYSTEM32\WINMM.dll
0x00007ffcd9100000 - 0x00007ffcd911b000 	C:\WINDOWS\SYSTEM32\kernel.appcore.dll
0x00007ffcd0330000 - 0x00007ffcd033a000 	D:\Program Files\Java\jdk-17\bin\jimage.dll
0x00007ffcdaf40000 - 0x00007ffcdafd8000 	C:\WINDOWS\System32\bcryptPrimitives.dll
0x00007ffcd8bf0000 - 0x00007ffcd8d16000 	C:\WINDOWS\SYSTEM32\dnsapi.dll
0x00007ffcd9f50000 - 0x00007ffcd9f84000 	C:\WINDOWS\SYSTEM32\IPHLPAPI.DLL
0x00007ffcdb840000 - 0x00007ffcdb84a000 	C:\WINDOWS\System32\NSI.dll
0x00007ffcd7fc0000 - 0x00007ffcd881d000 	C:\WINDOWS\SYSTEM32\windows.storage.dll
0x00007ffcdc360000 - 0x00007ffcdc452000 	C:\WINDOWS\System32\shcore.dll
0x00007ffcd6780000 - 0x00007ffcd682a000 	C:\WINDOWS\system32\uxtheme.dll
0x00007ffcdb780000 - 0x00007ffcdb831000 	C:\WINDOWS\System32\clbcatq.dll
0x00007ffccf690000 - 0x00007ffccfcde000 	C:\Windows\System32\OneCoreUAPCommonProxyStub.dll
0x00007ffcdbfb0000 - 0x00007ffcdc148000 	C:\WINDOWS\System32\ole32.dll
0x00007ffcd9fc0000 - 0x00007ffcda017000 	C:\WINDOWS\SYSTEM32\CFGMGR32.dll
0x00007ffcd5080000 - 0x00007ffcd5184000 	C:\WINDOWS\system32\propsys.dll
0x00007ffcbf3b0000 - 0x00007ffcbf52b000 	C:\Windows\System32\Windows.System.Launcher.dll
0x00007ffcc8ea0000 - 0x00007ffcc8eba000 	C:\WINDOWS\SYSTEM32\windows.staterepositorycore.dll
0x00007ffcbf530000 - 0x00007ffcbf5f4000 	C:\Windows\System32\Windows.StateRepositoryPS.dll
0x00007ffcd9220000 - 0x00007ffcd9256000 	C:\WINDOWS\SYSTEM32\ntmarta.dll
0x00007ffccbcf0000 - 0x00007ffccbed0000 	C:\Windows\System32\urlmon.dll
0x00007ffccb300000 - 0x00007ffccb5c5000 	C:\Windows\System32\iertutil.dll
0x00007ffcce3f0000 - 0x00007ffcce419000 	C:\Windows\System32\srvcli.dll
0x00007ffcd8ae0000 - 0x00007ffcd8aed000 	C:\Windows\System32\netutils.dll
0x00007ffcd93a0000 - 0x00007ffcd93e9000 	C:\Windows\System32\SspiCli.dll
0x00007ffcb0750000 - 0x00007ffcb080e000 	C:\Windows\System32\Windows.FileExplorer.Common.dll
0x00007ffcda320000 - 0x00007ffcda346000 	C:\WINDOWS\SYSTEM32\bcrypt.dll
0x00007ffcb2fb0000 - 0x00007ffcb2fe0000 	C:\WINDOWS\system32\mssprxy.dll
0x00007ffcda350000 - 0x00007ffcda379000 	C:\WINDOWS\SYSTEM32\profapi.dll
0x00007ffcb30d0000 - 0x00007ffcb30f5000 	D:\Program Files\Java\jdk-17\bin\java.dll

dbghelp: loaded successfully - version: 4.0.5 - missing functions: none
symbol engine: initialized successfully - sym options: 0x614 - pdb path: .;D:\Program Files\Java\jdk-17\bin;C:\WINDOWS\SYSTEM32;c:\Users\ZXJ\AppData\Local\Programs\Trae CN\resources\app\modules\sandbox\x64;C:\WINDOWS\WinSxS\amd64_microsoft.windows.common-controls_6595b64144ccf1df_6.0.26100.6899_none_3e0efeeae32e88c1;C:\Program Files (x86)\360\360Safe\safemon;D:\Program Files\Java\jdk-17\bin\server

VM Arguments:
jvm_args: -Dclassworlds.conf=C:\Users\ZXJ\.trae-cn\tools\maven\latest\bin\m2.conf -Dmaven.home=C:\Users\ZXJ\.trae-cn\tools\maven\latest -Dlibrary.jansi.path=C:\Users\ZXJ\.trae-cn\tools\maven\latest\lib\jansi-native -Dmaven.multiModuleProjectDirectory=F:\TraeProject\dogFood6\Project11\backend 
java_command: org.codehaus.plexus.classworlds.launcher.Launcher clean package -DskipTests
java_class_path (initial): C:\Users\ZXJ\.trae-cn\tools\maven\latest\boot\plexus-classworlds-2.9.0.jar
Launcher Type: SUN_STANDARD

[Global flags]
     intx CICompilerCount                          = 4                                         {product} {ergonomic}
     uint ConcGCThreads                            = 2                                         {product} {ergonomic}
     uint G1ConcRefinementThreads                  = 8                                         {product} {ergonomic}
   size_t G1HeapRegionSize                         = 2097152                                   {product} {ergonomic}
    uintx GCDrainStackTargetSize                   = 64                                        {product} {ergonomic}
   size_t InitialHeapSize                          = 260046848                                 {product} {ergonomic}
   size_t MarkStackSize                            = 4194304                                   {product} {ergonomic}
   size_t MaxHeapSize                              = 4141875200                                {product} {ergonomic}
   size_t MinHeapDeltaBytes                        = 2097152                                   {product} {ergonomic}
   size_t MinHeapSize                              = 8388608                                   {product} {ergonomic}
    uintx NonNMethodCodeHeapSize                   = 5839372                                {pd product} {ergonomic}
    uintx NonProfiledCodeHeapSize                  = 122909434                              {pd product} {ergonomic}
    uintx ProfiledCodeHeapSize                     = 122909434                              {pd product} {ergonomic}
    uintx ReservedCodeCacheSize                    = 251658240                              {pd product} {ergonomic}
     bool SegmentedCodeCache                       = true                                      {product} {ergonomic}
   size_t SoftMaxHeapSize                          = 4141875200                             {manageable} {ergonomic}
     bool UseCompressedClassPointers               = true                           {product lp64_product} {ergonomic}
     bool UseCompressedOops                        = true                           {product lp64_product} {ergonomic}
     bool UseG1GC                                  = true                                      {product} {ergonomic}
     bool UseLargePagesIndividualAllocation        = false                                  {pd product} {ergonomic}

Logging:
Log output configuration:
 #0: stdout all=warning uptime,level,tags
 #1: stderr all=off uptime,level,tags

Environment Variables:
JAVA_HOME=D:\\Program Files\\Java\\jdk-17
PATH=D:\\Program Files\\Java\\jdk-17\\bin;C:\\Users\\ZXJ\\.trae-cn\\tools\\maven\\latest\\bin;C:\\Users\\ZXJ\\.trae-cn\\tools\\gradle\\latest\\bin;c:\\Users\\ZXJ\\.trae-cn\\tools\\trae-gopls\\current;c:\\Users\\ZXJ\\.trae-cn\\sdks\\workspaces\\58055537\\versions\\node\\current;c:\\Users\\ZXJ\\.trae-cn\\sdks\\versions\\node\\current;D:\Program Files\Java\jdk-17\bin;C:\Users\ZXJ\.trae-cn\tools\maven\latest\bin;C:\Users\ZXJ\.trae-cn\tools\gradle\latest\bin;c:\Users\ZXJ\.trae-cn\tools\trae-gopls\current;c:\Users\ZXJ\.trae-cn\sdks\workspaces\58055537\versions\node\current;c:\Users\ZXJ\.trae-cn\sdks\versions\node\current;C:\Program Files\Common Files\Oracle\Java\javapath;C:\Program Files (x86)\VMware\VMware Workstation\bin\;C:\Windows\system32;C:\Windows;C:\Windows\System32\Wbem;C:\Windows\System32\WindowsPowerShell\v1.0\;C:\Windows\System32\OpenSSH\;D:\Program Files (x86)\NetSarang\Xshell 7\;D:\Program Files\nodejs\node_global;C:\apache-tomcat-9.0.78\bin;e:\Program Files\Microsoft VS Code\bin;D:\Program Files\IDM Computer Solutions\UltraEdit;C:\WINDOWS\system32;C:\WINDOWS;C:\WINDOWS\System32\Wbem;C:\WINDOWS\System32\WindowsPowerShell\v1.0\;C:\WINDOWS\System32\OpenSSH\;D:\Program Files\nodejs\;C:\Program Files\Git\cmd;D:\apache-maven-3.9.15\bin;D:\Program Files\Java\jdk-17\bin;;D:\Program Files\Go\bin;C:\Program Files\Docker\Docker\resources\bin;D:\Programs\Python\Python314\Scripts\;D:\Programs\Python\Python314\;C:\Users\ZXJ\AppData\Local\Programs\Python\Launcher\;c:\Users\ZXJ\AppData\Local\Programs\Trae CN\bin;C:\Users\ZXJ\AppData\Local\Microsoft\WindowsApps;d:\Programs\Microsoft VS Code\bin;C:\Users\ZXJ\AppData\Local\Microsoft\WindowsApps;d:\Program Files\JetBrains\IntelliJ IDEA Community Edition 2025.2.6.1\bin;d:\Program Files\JetBrains\PyCharm Community Edition 2025.2.6\bin;C:\Users\ZXJ\AppData\Roaming\npm;C:\Users\ZXJ\go\bin;c:\Users\ZXJ\.trae-cn\extensions\vscjava.vscode-java-debug-0.59.0-universal\bundled\scripts\noConfigScripts
USERNAME=ZXJ
LANG=zh_CN.UTF-8
OS=Windows_NT
PROCESSOR_IDENTIFIER=AMD64 Family 23 Model 96 Stepping 1, AuthenticAMD



---------------  S Y S T E M  ---------------

OS:
 Windows 11 , 64 bit Build 26100 (10.0.26100.6725)
OS uptime: 0 days 4:46 hours
Hyper-V role detected

CPU: total 8 (initial active 8) (8 cores per cpu, 1 threads per core) family 23 model 96 stepping 1 microcode 0x8600106, cx8, cmov, fxsr, mmx, 3dnowpref, sse, sse2, sse3, ssse3, sse4a, sse4.1, sse4.2, popcnt, lzcnt, tsc, tscinvbit, avx, avx2, aes, clmul, bmi1, bmi2, adx, sha, fma, vzeroupper, clflush, clflushopt, hv

Memory: 4k page, system-wide physical 15792M (1011M free)
TotalPageFile size 38280M (AvailPageFile size 3M)
current process WorkingSet (physical memory assigned to process): 32M, peak: 32M
current process commit charge ("private bytes"): 63M, peak: 311M

vm_info: Java HotSpot(TM) 64-Bit Server VM (17.0.12+8-LTS-286) for windows-amd64 JRE (17.0.12+8-LTS-286), built on Jun  5 2024 06:46:59 by "mach5one" with MS VC++ 17.6 (VS2022)

END.
