#
# There is insufficient memory for the Java Runtime Environment to continue.
# Native memory allocation (malloc) failed to allocate 1479696 bytes for Chunk::new
# Possible reasons:
#   The system is out of physical RAM or swap space
#   The process is running with CompressedOops enabled, and the Java Heap may be blocking the growth of the native heap
# Possible solutions:
#   Reduce memory load on the system
#   Increase physical memory or swap space
#   Check if swap backing store is full
#   Decrease Java heap size (-Xmx/-Xms)
#   Decrease number of Java threads
#   Decrease Java thread stack sizes (-Xss)
#   Set larger code cache with -XX:ReservedCodeCacheSize=
#   JVM is running with Zero Based Compressed Oops mode in which the Java heap is
#     placed in the first 32GB address space. The Java Heap base address is the
#     maximum limit for the native heap growth. Please use -XX:HeapBaseMinAddress
#     to set the Java Heap base and to place the Java Heap above 32GB virtual address.
# This output file may be truncated or incomplete.
#
#  Out of Memory Error (arena.cpp:189), pid=32612, tid=11020
#
# JRE version: Java(TM) SE Runtime Environment (17.0.12+8) (build 17.0.12+8-LTS-286)
# Java VM: Java HotSpot(TM) 64-Bit Server VM (17.0.12+8-LTS-286, mixed mode, sharing, tiered, compressed oops, compressed class ptrs, g1 gc, windows-amd64)
# No core dump will be written. Minidumps are not enabled by default on client versions of Windows
#

---------------  S U M M A R Y ------------

Command Line: --enable-native-access=ALL-UNNAMED -Dclassworlds.conf=C:\Users\ZXJ\.trae-cn\tools\maven\latest\bin\m2.conf -Dmaven.home=C:\Users\ZXJ\.trae-cn\tools\maven\latest -Dlibrary.jansi.path=C:\Users\ZXJ\.trae-cn\tools\maven\latest\lib\jansi-native -Dmaven.multiModuleProjectDirectory=F:\TraeProject\dogFood6\Project27 org.codehaus.plexus.classworlds.launcher.Launcher spring-boot:run

Host: AMD Ryzen 7 4700U with Radeon Graphics         , 8 cores, 15G,  Windows 11 , 64 bit Build 26100 (10.0.26100.6725)
Time: Wed May 27 14:44:46 2026  Windows 11 , 64 bit Build 26100 (10.0.26100.6725) elapsed time: 9.388102 seconds (0d 0h 0m 9s)

---------------  T H R E A D  ---------------

Current thread (0x00000200a04f4730):  JavaThread "C2 CompilerThread0" daemon [_thread_in_native, id=11020, stack(0x0000009de3000000,0x0000009de3100000)]


Current CompileTask:
C2:   9388 3657   !   4       org.codehaus.plexus.interpolation.StringSearchInterpolator::interpolate (692 bytes)

Stack: [0x0000009de3000000,0x0000009de3100000]
Native frames: (J=compiled Java code, j=interpreted, Vv=VM code, C=native code)
V  [jvm.dll+0x67a04a]
V  [jvm.dll+0x7da4ed]
V  [jvm.dll+0x7dbe33]
V  [jvm.dll+0x7dc4a3]
V  [jvm.dll+0x24508f]
V  [jvm.dll+0xab773]
V  [jvm.dll+0xabd3c]
V  [jvm.dll+0x361b9f]
V  [jvm.dll+0x32c431]
V  [jvm.dll+0x32b8ca]
V  [jvm.dll+0x21683f]
V  [jvm.dll+0x215c6f]
V  [jvm.dll+0x1a2960]
V  [jvm.dll+0x22610b]
V  [jvm.dll+0x2242ab]
V  [jvm.dll+0x79075c]
V  [jvm.dll+0x78abea]
V  [jvm.dll+0x678f35]
C  [ucrtbase.dll+0x37b0]
C  [KERNEL32.DLL+0x2e8d7]
C  [ntdll.dll+0x8c53c]


---------------  P R O C E S S  ---------------

Threads class SMR info:
_java_thread_list=0x00000200e7097040, length=14, elements={
0x00000200fcad8160, 0x00000200a04d0ad0, 0x00000200a04d1bc0, 0x00000200a04e7be0,
0x00000200a04e84b0, 0x00000200a04ed1a0, 0x00000200a04eda70, 0x00000200a04f4730,
0x00000200a04f9080, 0x00000200a04f95a0, 0x00000200a063deb0, 0x00000200a063f170,
0x00000200e7142980, 0x00000200e6168ae0
}

Java Threads: ( => current thread )
  0x00000200fcad8160 JavaThread "main" [_thread_in_native, id=37716, stack(0x0000009de1d00000,0x0000009de1e00000)]
  0x00000200a04d0ad0 JavaThread "Reference Handler" daemon [_thread_blocked, id=15036, stack(0x0000009de2a00000,0x0000009de2b00000)]
  0x00000200a04d1bc0 JavaThread "Finalizer" daemon [_thread_blocked, id=23908, stack(0x0000009de2b00000,0x0000009de2c00000)]
  0x00000200a04e7be0 JavaThread "Signal Dispatcher" daemon [_thread_blocked, id=2328, stack(0x0000009de2c00000,0x0000009de2d00000)]
  0x00000200a04e84b0 JavaThread "Attach Listener" daemon [_thread_blocked, id=14664, stack(0x0000009de2d00000,0x0000009de2e00000)]
  0x00000200a04ed1a0 JavaThread "Service Thread" daemon [_thread_blocked, id=32772, stack(0x0000009de2e00000,0x0000009de2f00000)]
  0x00000200a04eda70 JavaThread "Monitor Deflation Thread" daemon [_thread_blocked, id=38476, stack(0x0000009de2f00000,0x0000009de3000000)]
=>0x00000200a04f4730 JavaThread "C2 CompilerThread0" daemon [_thread_in_native, id=11020, stack(0x0000009de3000000,0x0000009de3100000)]
  0x00000200a04f9080 JavaThread "C1 CompilerThread0" daemon [_thread_blocked, id=236, stack(0x0000009de3100000,0x0000009de3200000)]
  0x00000200a04f95a0 JavaThread "Sweeper thread" daemon [_thread_blocked, id=33044, stack(0x0000009de3200000,0x0000009de3300000)]
  0x00000200a063deb0 JavaThread "Notification Thread" daemon [_thread_blocked, id=13040, stack(0x0000009de3300000,0x0000009de3400000)]
  0x00000200a063f170 JavaThread "Common-Cleaner" daemon [_thread_blocked, id=28452, stack(0x0000009de3500000,0x0000009de3600000)]
  0x00000200e7142980 JavaThread "Thread-1" daemon [_thread_blocked, id=38896, stack(0x0000009de3700000,0x0000009de3800000)]
  0x00000200e6168ae0 JavaThread "C2 CompilerThread1" daemon [_thread_blocked, id=35816, stack(0x0000009de3600000,0x0000009de3700000)]

Other Threads:
  0x00000200a04c2d90 VMThread "VM Thread" [stack: 0x0000009de2900000,0x0000009de2a00000] [id=22752]
  0x00000200fd172070 WatcherThread [stack: 0x0000009de3400000,0x0000009de3500000] [id=18300]
  0x00000200fd1090e0 GCTaskThread "GC Thread#0" [stack: 0x0000009de2400000,0x0000009de2500000] [id=21260]
  0x00000200e6958510 GCTaskThread "GC Thread#1" [stack: 0x0000009de3800000,0x0000009de3900000] [id=32744]
  0x00000200a076df60 GCTaskThread "GC Thread#2" [stack: 0x0000009de3900000,0x0000009de3a00000] [id=33828]
  0x00000200e6756e00 GCTaskThread "GC Thread#3" [stack: 0x0000009de3a00000,0x0000009de3b00000] [id=26184]
  0x00000200e67574d0 GCTaskThread "GC Thread#4" [stack: 0x0000009de3b00000,0x0000009de3c00000] [id=36952]
  0x00000200e6757790 GCTaskThread "GC Thread#5" [stack: 0x0000009de3c00000,0x0000009de3d00000] [id=25740]
  0x00000200e6938a60 GCTaskThread "GC Thread#6" [stack: 0x0000009de3d00000,0x0000009de3e00000] [id=9296]
  0x00000200e6bc75b0 GCTaskThread "GC Thread#7" [stack: 0x0000009de3e00000,0x0000009de3f00000] [id=27548]
  0x00000200fd109a70 ConcurrentGCThread "G1 Main Marker" [stack: 0x0000009de2500000,0x0000009de2600000] [id=25032]
  0x00000200fd16d520 ConcurrentGCThread "G1 Conc#0" [stack: 0x0000009de2600000,0x0000009de2700000] [id=10108]
  0x00000200fd20fca0 ConcurrentGCThread "G1 Refine#0" [stack: 0x0000009de2700000,0x0000009de2800000] [id=35328]
  0x00000200fd210380 ConcurrentGCThread "G1 Service" [stack: 0x0000009de2800000,0x0000009de2900000] [id=20972]

Threads with active compile tasks:
C2 CompilerThread0    10596 3657   !   4       org.codehaus.plexus.interpolation.StringSearchInterpolator::interpolate (692 bytes)

VM state: not at safepoint (normal execution)

VM Mutex/Monitor currently owned by a thread: None

Heap address: 0x0000000709200000, size: 3950 MB, Compressed Oops mode: Zero based, Oop shift amount: 3

CDS archive(s) mapped at: [0x00000200a1000000-0x00000200a1bd0000-0x00000200a1bd0000), size 12386304, SharedBaseAddress: 0x00000200a1000000, ArchiveRelocationMode: 1.
Compressed class space mapped at: 0x00000200a2000000-0x00000200e2000000, reserved size: 1073741824
Narrow klass base: 0x00000200a1000000, Narrow klass shift: 0, Narrow klass range: 0x100000000

GC Precious Log:
 CPUs: 8 total, 8 available
 Memory: 15792M
 Large Page Support: Disabled
 NUMA Support: Disabled
 Compressed Oops: Enabled (Zero based)
 Heap Region Size: 2M
 Heap Min Capacity: 8M
 Heap Initial Capacity: 248M
 Heap Max Capacity: 3950M
 Pre-touch: Disabled
 Parallel Workers: 8
 Concurrent Workers: 2
 Concurrent Refinement Workers: 8
 Periodic GC: Disabled

Heap:
 garbage-first heap   total 253952K, used 80910K [0x0000000709200000, 0x0000000800000000)
  region size 2048K, 39 young (79872K), 1 survivors (2048K)
 Metaspace       used 15601K, committed 15808K, reserved 1114112K
  class space    used 1860K, committed 1920K, reserved 1048576K

Heap Regions: E=young(eden), S=young(survivor), O=old, HS=humongous(starts), HC=humongous(continues), CS=collection set, F=free, OA=open archive, CA=closed archive, TAMS=top-at-mark-start (previous, next)
|   0|0x0000000709200000, 0x0000000709400000, 0x0000000709400000|100%| O|  |TAMS 0x0000000709200000, 0x0000000709200000| Untracked 
|   1|0x0000000709400000, 0x00000007095aea00, 0x0000000709600000| 84%| O|  |TAMS 0x0000000709400000, 0x0000000709400000| Untracked 
|   2|0x0000000709600000, 0x0000000709600000, 0x0000000709800000|  0%| F|  |TAMS 0x0000000709600000, 0x0000000709600000| Untracked 
|   3|0x0000000709800000, 0x0000000709800000, 0x0000000709a00000|  0%| F|  |TAMS 0x0000000709800000, 0x0000000709800000| Untracked 
|   4|0x0000000709a00000, 0x0000000709a00000, 0x0000000709c00000|  0%| F|  |TAMS 0x0000000709a00000, 0x0000000709a00000| Untracked 
|   5|0x0000000709c00000, 0x0000000709c00000, 0x0000000709e00000|  0%| F|  |TAMS 0x0000000709c00000, 0x0000000709c00000| Untracked 
|   6|0x0000000709e00000, 0x0000000709e00000, 0x000000070a000000|  0%| F|  |TAMS 0x0000000709e00000, 0x0000000709e00000| Untracked 
|   7|0x000000070a000000, 0x000000070a000000, 0x000000070a200000|  0%| F|  |TAMS 0x000000070a000000, 0x000000070a000000| Untracked 
|   8|0x000000070a200000, 0x000000070a200000, 0x000000070a400000|  0%| F|  |TAMS 0x000000070a200000, 0x000000070a200000| Untracked 
|   9|0x000000070a400000, 0x000000070a400000, 0x000000070a600000|  0%| F|  |TAMS 0x000000070a400000, 0x000000070a400000| Untracked 
|  10|0x000000070a600000, 0x000000070a600000, 0x000000070a800000|  0%| F|  |TAMS 0x000000070a600000, 0x000000070a600000| Untracked 
|  11|0x000000070a800000, 0x000000070a800000, 0x000000070aa00000|  0%| F|  |TAMS 0x000000070a800000, 0x000000070a800000| Untracked 
|  12|0x000000070aa00000, 0x000000070aa00000, 0x000000070ac00000|  0%| F|  |TAMS 0x000000070aa00000, 0x000000070aa00000| Untracked 
|  13|0x000000070ac00000, 0x000000070ac00000, 0x000000070ae00000|  0%| F|  |TAMS 0x000000070ac00000, 0x000000070ac00000| Untracked 
|  14|0x000000070ae00000, 0x000000070ae00000, 0x000000070b000000|  0%| F|  |TAMS 0x000000070ae00000, 0x000000070ae00000| Untracked 
|  15|0x000000070b000000, 0x000000070b000000, 0x000000070b200000|  0%| F|  |TAMS 0x000000070b000000, 0x000000070b000000| Untracked 
|  16|0x000000070b200000, 0x000000070b200000, 0x000000070b400000|  0%| F|  |TAMS 0x000000070b200000, 0x000000070b200000| Untracked 
|  17|0x000000070b400000, 0x000000070b400000, 0x000000070b600000|  0%| F|  |TAMS 0x000000070b400000, 0x000000070b400000| Untracked 
|  18|0x000000070b600000, 0x000000070b600000, 0x000000070b800000|  0%| F|  |TAMS 0x000000070b600000, 0x000000070b600000| Untracked 
|  19|0x000000070b800000, 0x000000070b800000, 0x000000070ba00000|  0%| F|  |TAMS 0x000000070b800000, 0x000000070b800000| Untracked 
|  20|0x000000070ba00000, 0x000000070ba00000, 0x000000070bc00000|  0%| F|  |TAMS 0x000000070ba00000, 0x000000070ba00000| Untracked 
|  21|0x000000070bc00000, 0x000000070bc00000, 0x000000070be00000|  0%| F|  |TAMS 0x000000070bc00000, 0x000000070bc00000| Untracked 
|  22|0x000000070be00000, 0x000000070be00000, 0x000000070c000000|  0%| F|  |TAMS 0x000000070be00000, 0x000000070be00000| Untracked 
|  23|0x000000070c000000, 0x000000070c000000, 0x000000070c200000|  0%| F|  |TAMS 0x000000070c000000, 0x000000070c000000| Untracked 
|  24|0x000000070c200000, 0x000000070c200000, 0x000000070c400000|  0%| F|  |TAMS 0x000000070c200000, 0x000000070c200000| Untracked 
|  25|0x000000070c400000, 0x000000070c400000, 0x000000070c600000|  0%| F|  |TAMS 0x000000070c400000, 0x000000070c400000| Untracked 
|  26|0x000000070c600000, 0x000000070c600000, 0x000000070c800000|  0%| F|  |TAMS 0x000000070c600000, 0x000000070c600000| Untracked 
|  27|0x000000070c800000, 0x000000070c800000, 0x000000070ca00000|  0%| F|  |TAMS 0x000000070c800000, 0x000000070c800000| Untracked 
|  28|0x000000070ca00000, 0x000000070ca00000, 0x000000070cc00000|  0%| F|  |TAMS 0x000000070ca00000, 0x000000070ca00000| Untracked 
|  29|0x000000070cc00000, 0x000000070cc00000, 0x000000070ce00000|  0%| F|  |TAMS 0x000000070cc00000, 0x000000070cc00000| Untracked 
|  30|0x000000070ce00000, 0x000000070ce00000, 0x000000070d000000|  0%| F|  |TAMS 0x000000070ce00000, 0x000000070ce00000| Untracked 
|  31|0x000000070d000000, 0x000000070d000000, 0x000000070d200000|  0%| F|  |TAMS 0x000000070d000000, 0x000000070d000000| Untracked 
|  32|0x000000070d200000, 0x000000070d200000, 0x000000070d400000|  0%| F|  |TAMS 0x000000070d200000, 0x000000070d200000| Untracked 
|  33|0x000000070d400000, 0x000000070d400000, 0x000000070d600000|  0%| F|  |TAMS 0x000000070d400000, 0x000000070d400000| Untracked 
|  34|0x000000070d600000, 0x000000070d600000, 0x000000070d800000|  0%| F|  |TAMS 0x000000070d600000, 0x000000070d600000| Untracked 
|  35|0x000000070d800000, 0x000000070d800000, 0x000000070da00000|  0%| F|  |TAMS 0x000000070d800000, 0x000000070d800000| Untracked 
|  36|0x000000070da00000, 0x000000070da00000, 0x000000070dc00000|  0%| F|  |TAMS 0x000000070da00000, 0x000000070da00000| Untracked 
|  37|0x000000070dc00000, 0x000000070dc00000, 0x000000070de00000|  0%| F|  |TAMS 0x000000070dc00000, 0x000000070dc00000| Untracked 
|  38|0x000000070de00000, 0x000000070de00000, 0x000000070e000000|  0%| F|  |TAMS 0x000000070de00000, 0x000000070de00000| Untracked 
|  39|0x000000070e000000, 0x000000070e000000, 0x000000070e200000|  0%| F|  |TAMS 0x000000070e000000, 0x000000070e000000| Untracked 
|  40|0x000000070e200000, 0x000000070e200000, 0x000000070e400000|  0%| F|  |TAMS 0x000000070e200000, 0x000000070e200000| Untracked 
|  41|0x000000070e400000, 0x000000070e400000, 0x000000070e600000|  0%| F|  |TAMS 0x000000070e400000, 0x000000070e400000| Untracked 
|  42|0x000000070e600000, 0x000000070e600000, 0x000000070e800000|  0%| F|  |TAMS 0x000000070e600000, 0x000000070e600000| Untracked 
|  43|0x000000070e800000, 0x000000070e800000, 0x000000070ea00000|  0%| F|  |TAMS 0x000000070e800000, 0x000000070e800000| Untracked 
|  44|0x000000070ea00000, 0x000000070ea00000, 0x000000070ec00000|  0%| F|  |TAMS 0x000000070ea00000, 0x000000070ea00000| Untracked 
|  45|0x000000070ec00000, 0x000000070ec00000, 0x000000070ee00000|  0%| F|  |TAMS 0x000000070ec00000, 0x000000070ec00000| Untracked 
|  46|0x000000070ee00000, 0x000000070ee00000, 0x000000070f000000|  0%| F|  |TAMS 0x000000070ee00000, 0x000000070ee00000| Untracked 
|  47|0x000000070f000000, 0x000000070f000000, 0x000000070f200000|  0%| F|  |TAMS 0x000000070f000000, 0x000000070f000000| Untracked 
|  48|0x000000070f200000, 0x000000070f200000, 0x000000070f400000|  0%| F|  |TAMS 0x000000070f200000, 0x000000070f200000| Untracked 
|  49|0x000000070f400000, 0x000000070f400000, 0x000000070f600000|  0%| F|  |TAMS 0x000000070f400000, 0x000000070f400000| Untracked 
|  50|0x000000070f600000, 0x000000070f600000, 0x000000070f800000|  0%| F|  |TAMS 0x000000070f600000, 0x000000070f600000| Untracked 
|  51|0x000000070f800000, 0x000000070f800000, 0x000000070fa00000|  0%| F|  |TAMS 0x000000070f800000, 0x000000070f800000| Untracked 
|  52|0x000000070fa00000, 0x000000070fa00000, 0x000000070fc00000|  0%| F|  |TAMS 0x000000070fa00000, 0x000000070fa00000| Untracked 
|  53|0x000000070fc00000, 0x000000070fc00000, 0x000000070fe00000|  0%| F|  |TAMS 0x000000070fc00000, 0x000000070fc00000| Untracked 
|  54|0x000000070fe00000, 0x000000070fe00000, 0x0000000710000000|  0%| F|  |TAMS 0x000000070fe00000, 0x000000070fe00000| Untracked 
|  55|0x0000000710000000, 0x0000000710000000, 0x0000000710200000|  0%| F|  |TAMS 0x0000000710000000, 0x0000000710000000| Untracked 
|  56|0x0000000710200000, 0x0000000710200000, 0x0000000710400000|  0%| F|  |TAMS 0x0000000710200000, 0x0000000710200000| Untracked 
|  57|0x0000000710400000, 0x0000000710400000, 0x0000000710600000|  0%| F|  |TAMS 0x0000000710400000, 0x0000000710400000| Untracked 
|  58|0x0000000710600000, 0x0000000710600000, 0x0000000710800000|  0%| F|  |TAMS 0x0000000710600000, 0x0000000710600000| Untracked 
|  59|0x0000000710800000, 0x0000000710800000, 0x0000000710a00000|  0%| F|  |TAMS 0x0000000710800000, 0x0000000710800000| Untracked 
|  60|0x0000000710a00000, 0x0000000710a00000, 0x0000000710c00000|  0%| F|  |TAMS 0x0000000710a00000, 0x0000000710a00000| Untracked 
|  61|0x0000000710c00000, 0x0000000710c00000, 0x0000000710e00000|  0%| F|  |TAMS 0x0000000710c00000, 0x0000000710c00000| Untracked 
|  62|0x0000000710e00000, 0x0000000710e00000, 0x0000000711000000|  0%| F|  |TAMS 0x0000000710e00000, 0x0000000710e00000| Untracked 
|  63|0x0000000711000000, 0x0000000711000000, 0x0000000711200000|  0%| F|  |TAMS 0x0000000711000000, 0x0000000711000000| Untracked 
|  64|0x0000000711200000, 0x0000000711200000, 0x0000000711400000|  0%| F|  |TAMS 0x0000000711200000, 0x0000000711200000| Untracked 
|  65|0x0000000711400000, 0x0000000711400000, 0x0000000711600000|  0%| F|  |TAMS 0x0000000711400000, 0x0000000711400000| Untracked 
|  66|0x0000000711600000, 0x0000000711600000, 0x0000000711800000|  0%| F|  |TAMS 0x0000000711600000, 0x0000000711600000| Untracked 
|  67|0x0000000711800000, 0x0000000711800000, 0x0000000711a00000|  0%| F|  |TAMS 0x0000000711800000, 0x0000000711800000| Untracked 
|  68|0x0000000711a00000, 0x0000000711a00000, 0x0000000711c00000|  0%| F|  |TAMS 0x0000000711a00000, 0x0000000711a00000| Untracked 
|  69|0x0000000711c00000, 0x0000000711c00000, 0x0000000711e00000|  0%| F|  |TAMS 0x0000000711c00000, 0x0000000711c00000| Untracked 
|  70|0x0000000711e00000, 0x0000000711e00000, 0x0000000712000000|  0%| F|  |TAMS 0x0000000711e00000, 0x0000000711e00000| Untracked 
|  71|0x0000000712000000, 0x0000000712000000, 0x0000000712200000|  0%| F|  |TAMS 0x0000000712000000, 0x0000000712000000| Untracked 
|  72|0x0000000712200000, 0x0000000712200000, 0x0000000712400000|  0%| F|  |TAMS 0x0000000712200000, 0x0000000712200000| Untracked 
|  73|0x0000000712400000, 0x0000000712400000, 0x0000000712600000|  0%| F|  |TAMS 0x0000000712400000, 0x0000000712400000| Untracked 
|  74|0x0000000712600000, 0x0000000712600000, 0x0000000712800000|  0%| F|  |TAMS 0x0000000712600000, 0x0000000712600000| Untracked 
|  75|0x0000000712800000, 0x0000000712800000, 0x0000000712a00000|  0%| F|  |TAMS 0x0000000712800000, 0x0000000712800000| Untracked 
|  76|0x0000000712a00000, 0x0000000712a00000, 0x0000000712c00000|  0%| F|  |TAMS 0x0000000712a00000, 0x0000000712a00000| Untracked 
|  77|0x0000000712c00000, 0x0000000712c00000, 0x0000000712e00000|  0%| F|  |TAMS 0x0000000712c00000, 0x0000000712c00000| Untracked 
|  78|0x0000000712e00000, 0x0000000712e00000, 0x0000000713000000|  0%| F|  |TAMS 0x0000000712e00000, 0x0000000712e00000| Untracked 
|  79|0x0000000713000000, 0x0000000713000000, 0x0000000713200000|  0%| F|  |TAMS 0x0000000713000000, 0x0000000713000000| Untracked 
|  80|0x0000000713200000, 0x0000000713200000, 0x0000000713400000|  0%| F|  |TAMS 0x0000000713200000, 0x0000000713200000| Untracked 
|  81|0x0000000713400000, 0x0000000713400000, 0x0000000713600000|  0%| F|  |TAMS 0x0000000713400000, 0x0000000713400000| Untracked 
|  82|0x0000000713600000, 0x0000000713600000, 0x0000000713800000|  0%| F|  |TAMS 0x0000000713600000, 0x0000000713600000| Untracked 
|  83|0x0000000713800000, 0x0000000713800000, 0x0000000713a00000|  0%| F|  |TAMS 0x0000000713800000, 0x0000000713800000| Untracked 
|  84|0x0000000713a00000, 0x0000000713a00000, 0x0000000713c00000|  0%| F|  |TAMS 0x0000000713a00000, 0x0000000713a00000| Untracked 
|  85|0x0000000713c00000, 0x0000000713e00000, 0x0000000713e00000|100%| E|  |TAMS 0x0000000713c00000, 0x0000000713c00000| Complete 
|  86|0x0000000713e00000, 0x0000000714000000, 0x0000000714000000|100%| E|CS|TAMS 0x0000000713e00000, 0x0000000713e00000| Complete 
|  87|0x0000000714000000, 0x0000000714200000, 0x0000000714200000|100%| E|CS|TAMS 0x0000000714000000, 0x0000000714000000| Complete 
|  88|0x0000000714200000, 0x0000000714400000, 0x0000000714400000|100%| E|CS|TAMS 0x0000000714200000, 0x0000000714200000| Complete 
|  89|0x0000000714400000, 0x0000000714600000, 0x0000000714600000|100%| E|CS|TAMS 0x0000000714400000, 0x0000000714400000| Complete 
|  90|0x0000000714600000, 0x0000000714800000, 0x0000000714800000|100%| E|CS|TAMS 0x0000000714600000, 0x0000000714600000| Complete 
|  91|0x0000000714800000, 0x0000000714a00000, 0x0000000714a00000|100%| E|CS|TAMS 0x0000000714800000, 0x0000000714800000| Complete 
|  92|0x0000000714a00000, 0x0000000714c00000, 0x0000000714c00000|100%| E|CS|TAMS 0x0000000714a00000, 0x0000000714a00000| Complete 
|  93|0x0000000714c00000, 0x0000000714e00000, 0x0000000714e00000|100%| E|CS|TAMS 0x0000000714c00000, 0x0000000714c00000| Complete 
|  94|0x0000000714e00000, 0x0000000715000000, 0x0000000715000000|100%| E|CS|TAMS 0x0000000714e00000, 0x0000000714e00000| Complete 
|  95|0x0000000715000000, 0x0000000715200000, 0x0000000715200000|100%| E|CS|TAMS 0x0000000715000000, 0x0000000715000000| Complete 
|  96|0x0000000715200000, 0x0000000715400000, 0x0000000715400000|100%| E|CS|TAMS 0x0000000715200000, 0x0000000715200000| Complete 
|  97|0x0000000715400000, 0x0000000715600000, 0x0000000715600000|100%| E|CS|TAMS 0x0000000715400000, 0x0000000715400000| Complete 
|  98|0x0000000715600000, 0x0000000715800000, 0x0000000715800000|100%| E|CS|TAMS 0x0000000715600000, 0x0000000715600000| Complete 
|  99|0x0000000715800000, 0x0000000715a00000, 0x0000000715a00000|100%| E|CS|TAMS 0x0000000715800000, 0x0000000715800000| Complete 
| 100|0x0000000715a00000, 0x0000000715c00000, 0x0000000715c00000|100%| E|CS|TAMS 0x0000000715a00000, 0x0000000715a00000| Complete 
| 101|0x0000000715c00000, 0x0000000715e00000, 0x0000000715e00000|100%| E|CS|TAMS 0x0000000715c00000, 0x0000000715c00000| Complete 
| 102|0x0000000715e00000, 0x0000000716000000, 0x0000000716000000|100%| E|CS|TAMS 0x0000000715e00000, 0x0000000715e00000| Complete 
| 103|0x0000000716000000, 0x0000000716200000, 0x0000000716200000|100%| E|CS|TAMS 0x0000000716000000, 0x0000000716000000| Complete 
| 104|0x0000000716200000, 0x0000000716400000, 0x0000000716400000|100%| E|CS|TAMS 0x0000000716200000, 0x0000000716200000| Complete 
| 105|0x0000000716400000, 0x0000000716600000, 0x0000000716600000|100%| E|CS|TAMS 0x0000000716400000, 0x0000000716400000| Complete 
| 106|0x0000000716600000, 0x0000000716800000, 0x0000000716800000|100%| E|CS|TAMS 0x0000000716600000, 0x0000000716600000| Complete 
| 107|0x0000000716800000, 0x0000000716a00000, 0x0000000716a00000|100%| E|CS|TAMS 0x0000000716800000, 0x0000000716800000| Complete 
| 108|0x0000000716a00000, 0x0000000716b54fa8, 0x0000000716c00000| 66%| S|CS|TAMS 0x0000000716a00000, 0x0000000716a00000| Complete 
| 109|0x0000000716c00000, 0x0000000716e00000, 0x0000000716e00000|100%| E|CS|TAMS 0x0000000716c00000, 0x0000000716c00000| Complete 
| 110|0x0000000716e00000, 0x0000000717000000, 0x0000000717000000|100%| E|CS|TAMS 0x0000000716e00000, 0x0000000716e00000| Complete 
| 111|0x0000000717000000, 0x0000000717200000, 0x0000000717200000|100%| E|CS|TAMS 0x0000000717000000, 0x0000000717000000| Complete 
| 112|0x0000000717200000, 0x0000000717400000, 0x0000000717400000|100%| E|CS|TAMS 0x0000000717200000, 0x0000000717200000| Complete 
| 113|0x0000000717400000, 0x0000000717600000, 0x0000000717600000|100%| E|CS|TAMS 0x0000000717400000, 0x0000000717400000| Complete 
| 114|0x0000000717600000, 0x0000000717800000, 0x0000000717800000|100%| E|CS|TAMS 0x0000000717600000, 0x0000000717600000| Complete 
| 115|0x0000000717800000, 0x0000000717a00000, 0x0000000717a00000|100%| E|CS|TAMS 0x0000000717800000, 0x0000000717800000| Complete 
| 116|0x0000000717a00000, 0x0000000717c00000, 0x0000000717c00000|100%| E|CS|TAMS 0x0000000717a00000, 0x0000000717a00000| Complete 
| 117|0x0000000717c00000, 0x0000000717e00000, 0x0000000717e00000|100%| E|CS|TAMS 0x0000000717c00000, 0x0000000717c00000| Complete 
| 118|0x0000000717e00000, 0x0000000718000000, 0x0000000718000000|100%| E|CS|TAMS 0x0000000717e00000, 0x0000000717e00000| Complete 
| 119|0x0000000718000000, 0x0000000718200000, 0x0000000718200000|100%| E|CS|TAMS 0x0000000718000000, 0x0000000718000000| Complete 
| 120|0x0000000718200000, 0x0000000718400000, 0x0000000718400000|100%| E|CS|TAMS 0x0000000718200000, 0x0000000718200000| Complete 
| 121|0x0000000718400000, 0x0000000718600000, 0x0000000718600000|100%| E|CS|TAMS 0x0000000718400000, 0x0000000718400000| Complete 
| 122|0x0000000718600000, 0x0000000718800000, 0x0000000718800000|100%| E|CS|TAMS 0x0000000718600000, 0x0000000718600000| Complete 
| 123|0x0000000718800000, 0x0000000718a00000, 0x0000000718a00000|100%| E|CS|TAMS 0x0000000718800000, 0x0000000718800000| Complete 

Card table byte_map: [0x00000200fe460000,0x00000200fec20000] _byte_map_base: 0x00000200fac17000

Marking Bits (Prev, Next): (CMBitMap*) 0x00000200fd1093b0, (CMBitMap*) 0x00000200fd1093f0
 Prev Bits: [0x00000200967f0000, 0x000002009a5a8000)
 Next Bits: [0x000002009a5b0000, 0x000002009e368000)

Polling page: 0x00000200fb150000

Metaspace:

Usage:
  Non-class:     13.42 MB used.
      Class:      1.82 MB used.
       Both:     15.24 MB used.

Virtual space:
  Non-class space:       64.00 MB reserved,      13.56 MB ( 21%) committed,  1 nodes.
      Class space:        1.00 GB reserved,       1.88 MB ( <1%) committed,  1 nodes.
             Both:        1.06 GB reserved,      15.44 MB (  1%) committed. 

Chunk freelists:
   Non-Class:  1.89 MB
       Class:  13.94 MB
        Both:  15.83 MB

MaxMetaspaceSize: unlimited
CompressedClassSpaceSize: 1.00 GB
Initial GC threshold: 21.00 MB
Current GC threshold: 21.00 MB
CDS: on
MetaspaceReclaimPolicy: balanced
 - commit_granule_bytes: 65536.
 - commit_granule_words: 8192.
 - virtual_space_node_default_size: 8388608.
 - enlarge_chunks_in_place: 1.
 - new_chunks_are_fully_committed: 0.
 - uncommit_free_chunks: 1.
 - use_allocation_guard: 0.
 - handle_deallocations: 1.


Internal statistics:

num_allocs_failed_limit: 0.
num_arena_births: 104.
num_arena_deaths: 0.
num_vsnodes_births: 2.
num_vsnodes_deaths: 0.
num_space_committed: 247.
num_space_uncommitted: 0.
num_chunks_returned_to_freelist: 0.
num_chunks_taken_from_freelist: 672.
num_chunk_merges: 0.
num_chunk_splits: 446.
num_chunks_enlarged: 342.
num_inconsistent_stats: 0.

CodeHeap 'non-profiled nmethods': size=120000Kb used=1718Kb max_used=1718Kb free=118281Kb
 bounds [0x000002008f2c0000, 0x000002008f530000, 0x00000200967f0000]
CodeHeap 'profiled nmethods': size=120000Kb used=7776Kb max_used=7776Kb free=112223Kb
 bounds [0x00000200877f0000, 0x0000020087f90000, 0x000002008ed20000]
CodeHeap 'non-nmethods': size=5760Kb used=1179Kb max_used=1236Kb free=4580Kb
 bounds [0x000002008ed20000, 0x000002008ef90000, 0x000002008f2c0000]
 total_blobs=4267 nmethods=3797 adapters=382
 compilation: enabled
              stopped_count=0, restarted_count=0
 full_count=0

Compilation events (20 events):
Event: 8.353 Thread 0x00000200a04f9080 nmethod 3709 0x000002008f45fb90 code [0x000002008f45fd20, 0x000002008f45fdf8]
Event: 8.353 Thread 0x00000200a04f9080 3710       1       java.nio.ByteBuffer::base (5 bytes)
Event: 8.353 Thread 0x00000200a04f9080 nmethod 3710 0x000002008f45fe90 code [0x000002008f460020, 0x000002008f4600f8]
Event: 8.368 Thread 0x00000200a04f9080 3712   !   3       java.nio.channels.spi.AbstractInterruptibleChannel::close (37 bytes)
Event: 8.369 Thread 0x00000200a04f9080 nmethod 3712 0x0000020087f5a210 code [0x0000020087f5a3c0, 0x0000020087f5a6a8]
Event: 8.371 Thread 0x00000200a04f9080 3713       3       java.nio.HeapCharBuffer::<init> (31 bytes)
Event: 8.371 Thread 0x00000200a04f9080 nmethod 3713 0x0000020087f5a810 code [0x0000020087f5a9a0, 0x0000020087f5ab48]
Event: 8.371 Thread 0x00000200a04f9080 3714       3       java.nio.HeapCharBuffer::slice (49 bytes)
Event: 8.371 Thread 0x00000200a04f9080 nmethod 3714 0x0000020087f5ac10 code [0x0000020087f5adc0, 0x0000020087f5b048]
Event: 8.372 Thread 0x00000200a04f9080 3715   !   3       org.apache.maven.model.ReportPlugin::clone (115 bytes)
Event: 8.373 Thread 0x00000200a04f9080 nmethod 3715 0x0000020087f5b110 code [0x0000020087f5b420, 0x0000020087f5c538]
Event: 8.373 Thread 0x00000200a04f9080 3716       1       org.apache.maven.model.License::getName (5 bytes)
Event: 8.373 Thread 0x00000200a04f9080 nmethod 3716 0x000002008f460590 code [0x000002008f460720, 0x000002008f4607f8]
Event: 8.373 Thread 0x00000200a04f9080 3717       1       org.apache.maven.model.License::getUrl (5 bytes)
Event: 8.373 Thread 0x00000200a04f9080 nmethod 3717 0x000002008f460890 code [0x000002008f460a20, 0x000002008f460af8]
Event: 8.373 Thread 0x00000200a04f9080 3718       1       org.apache.maven.model.License::getDistribution (5 bytes)
Event: 8.373 Thread 0x00000200a04f9080 nmethod 3718 0x000002008f460b90 code [0x000002008f460d20, 0x000002008f460df8]
Event: 8.373 Thread 0x00000200a04f9080 3719       1       org.apache.maven.model.License::getComments (5 bytes)
Event: 8.373 Thread 0x00000200a04f9080 nmethod 3719 0x000002008f460e90 code [0x000002008f461020, 0x000002008f4610f8]
Event: 8.374 Thread 0x00000200a04f9080 3721       3       org.eclipse.aether.util.ConfigUtils::getString (54 bytes)

GC Heap History (4 events):
Event: 1.408 GC heap before
{Heap before GC invocations=0 (full 0):
 garbage-first heap   total 253952K, used 22528K [0x0000000709200000, 0x0000000800000000)
  region size 2048K, 11 young (22528K), 0 survivors (0K)
 Metaspace       used 5420K, committed 5632K, reserved 1114112K
  class space    used 649K, committed 768K, reserved 1048576K
}
Event: 1.414 GC heap after
{Heap after GC invocations=1 (full 0):
 garbage-first heap   total 253952K, used 3952K [0x0000000709200000, 0x0000000800000000)
  region size 2048K, 2 young (4096K), 2 survivors (4096K)
 Metaspace       used 5420K, committed 5632K, reserved 1114112K
  class space    used 649K, committed 768K, reserved 1048576K
}
Event: 2.228 GC heap before
{Heap before GC invocations=1 (full 0):
 garbage-first heap   total 253952K, used 30576K [0x0000000709200000, 0x0000000800000000)
  region size 2048K, 15 young (30720K), 2 survivors (4096K)
 Metaspace       used 8362K, committed 8512K, reserved 1114112K
  class space    used 1003K, committed 1088K, reserved 1048576K
}
Event: 2.233 GC heap after
{Heap after GC invocations=2 (full 0):
 garbage-first heap   total 253952K, used 5134K [0x0000000709200000, 0x0000000800000000)
  region size 2048K, 1 young (2048K), 1 survivors (2048K)
 Metaspace       used 8362K, committed 8512K, reserved 1114112K
  class space    used 1003K, committed 1088K, reserved 1048576K
}

Deoptimization events (20 events):
Event: 5.972 Thread 0x00000200fcad8160 Uncommon trap: trap_request=0xffffffbe fr.pc=0x000002008f430dcc relative=0x0000000000000aac
Event: 5.972 Thread 0x00000200fcad8160 Uncommon trap: reason=profile_predicate action=maybe_recompile pc=0x000002008f430dcc method=java.util.regex.Pattern$CharPropertyGreedy.match(Ljava/util/regex/Matcher;ILjava/lang/CharSequence;)Z @ 15 c2
Event: 5.972 Thread 0x00000200fcad8160 DEOPT PACKING pc=0x000002008f430dcc sp=0x0000009de1dfc150
Event: 5.972 Thread 0x00000200fcad8160 DEOPT UNPACKING pc=0x000002008ed723a3 sp=0x0000009de1dfc0e0 mode 2
Event: 6.513 Thread 0x00000200fcad8160 Uncommon trap: trap_request=0xffffff45 fr.pc=0x000002008f303a14 relative=0x0000000000000274
Event: 6.513 Thread 0x00000200fcad8160 Uncommon trap: reason=unstable_if action=reinterpret pc=0x000002008f303a14 method=java.util.concurrent.ConcurrentHashMap.get(Ljava/lang/Object;)Ljava/lang/Object; @ 76 c2
Event: 6.513 Thread 0x00000200fcad8160 DEOPT PACKING pc=0x000002008f303a14 sp=0x0000009de1dfc110
Event: 6.513 Thread 0x00000200fcad8160 DEOPT UNPACKING pc=0x000002008ed723a3 sp=0x0000009de1dfc088 mode 2
Event: 6.513 Thread 0x00000200fcad8160 Uncommon trap: trap_request=0xffffffde fr.pc=0x000002008f306228 relative=0x0000000000001008
Event: 6.513 Thread 0x00000200fcad8160 Uncommon trap: reason=class_check action=maybe_recompile pc=0x000002008f306228 method=java.util.concurrent.ConcurrentHashMap.putVal(Ljava/lang/Object;Ljava/lang/Object;Z)Ljava/lang/Object; @ 242 c2
Event: 6.513 Thread 0x00000200fcad8160 DEOPT PACKING pc=0x000002008f306228 sp=0x0000009de1dfc060
Event: 6.513 Thread 0x00000200fcad8160 DEOPT UNPACKING pc=0x000002008ed723a3 sp=0x0000009de1dfbfd0 mode 2
Event: 6.670 Thread 0x00000200fcad8160 Uncommon trap: trap_request=0xffffffcc fr.pc=0x000002008f445604 relative=0x00000000000001e4
Event: 6.670 Thread 0x00000200fcad8160 Uncommon trap: reason=intrinsic_or_type_checked_inlining action=make_not_entrant pc=0x000002008f445604 method=java.util.Arrays.copyOf([Ljava/lang/Object;ILjava/lang/Class;)[Ljava/lang/Object; @ 35 c2
Event: 6.670 Thread 0x00000200fcad8160 DEOPT PACKING pc=0x000002008f445604 sp=0x0000009de1dfc0f0
Event: 6.670 Thread 0x00000200fcad8160 DEOPT UNPACKING pc=0x000002008ed723a3 sp=0x0000009de1dfc080 mode 2
Event: 6.908 Thread 0x00000200fcad8160 Uncommon trap: trap_request=0xffffffde fr.pc=0x000002008f306228 relative=0x0000000000001008
Event: 6.908 Thread 0x00000200fcad8160 Uncommon trap: reason=class_check action=maybe_recompile pc=0x000002008f306228 method=java.util.concurrent.ConcurrentHashMap.putVal(Ljava/lang/Object;Ljava/lang/Object;Z)Ljava/lang/Object; @ 242 c2
Event: 6.908 Thread 0x00000200fcad8160 DEOPT PACKING pc=0x000002008f306228 sp=0x0000009de1dfc400
Event: 6.908 Thread 0x00000200fcad8160 DEOPT UNPACKING pc=0x000002008ed723a3 sp=0x0000009de1dfc370 mode 2

Classes unloaded (0 events):
No events

Classes redefined (0 events):
No events

Internal exceptions (20 events):
Event: 1.185 Thread 0x00000200fcad8160 Exception <a 'java/lang/NoSuchMethodError'{0x00000007178632c0}: 'java.lang.Object java.lang.invoke.Invokers$Holder.invokeExact_MT(java.lang.Object, java.lang.Object, java.lang.Object, java.lang.Object, java.lang.Object, java.lang.Object)'> (0x00000007178632c0) 
thrown [s\open\src\hotspot\share\interpreter\linkResolver.cpp, line 759]
Event: 1.187 Thread 0x00000200fcad8160 Exception <a 'java/lang/NoSuchMethodError'{0x0000000717874b28}: 'int java.lang.invoke.DirectMethodHandle$Holder.invokeSpecialIFC(java.lang.Object, java.lang.Object, java.lang.Object, java.lang.Object, java.lang.Object)'> (0x0000000717874b28) 
thrown [s\open\src\hotspot\share\interpreter\linkResolver.cpp, line 759]
Event: 1.278 Thread 0x00000200fcad8160 Exception <a 'java/lang/NoSuchMethodError'{0x000000071761dcc0}: 'java.lang.Object java.lang.invoke.DirectMethodHandle$Holder.newInvokeSpecial(java.lang.Object, java.lang.Object, java.lang.Object, java.lang.Object, java.lang.Object)'> (0x000000071761dcc0) 
thrown [s\open\src\hotspot\share\interpreter\linkResolver.cpp, line 759]
Event: 1.329 Thread 0x00000200fcad8160 Exception <a 'java/lang/NoSuchMethodError'{0x000000071773e310}: 'int java.lang.invoke.DirectMethodHandle$Holder.invokeStaticInit(java.lang.Object, java.lang.Object)'> (0x000000071773e310) 
thrown [s\open\src\hotspot\share\interpreter\linkResolver.cpp, line 759]
Event: 1.340 Thread 0x00000200fcad8160 Exception <a 'java/lang/NoClassDefFoundError'{0x0000000717777488}: javax/enterprise/inject/Typed> (0x0000000717777488) 
thrown [s\open\src\hotspot\share\classfile\systemDictionary.cpp, line 245]
Event: 2.693 Thread 0x00000200fcad8160 Exception <a 'java/lang/NoSuchMethodError'{0x0000000717ee1b40}: 'void java.lang.invoke.DirectMethodHandle$Holder.invokeStaticInit(java.lang.Object, java.lang.Object, java.lang.Object)'> (0x0000000717ee1b40) 
thrown [s\open\src\hotspot\share\interpreter\linkResolver.cpp, line 759]
Event: 2.722 Thread 0x00000200fcad8160 Implicit null exception at 0x000002008f341daf to 0x000002008f341f10
Event: 2.733 Thread 0x00000200fcad8160 Exception <a 'java/lang/NoSuchMethodError'{0x0000000717f572b0}: 'java.lang.Object java.lang.invoke.Invokers$Holder.invokeExact_MT(java.lang.Object, int, java.lang.Object)'> (0x0000000717f572b0) 
thrown [s\open\src\hotspot\share\interpreter\linkResolver.cpp, line 759]
Event: 2.751 Thread 0x00000200fcad8160 Exception <a 'java/lang/NoSuchMethodError'{0x0000000717fbf750}: 'int java.lang.invoke.DirectMethodHandle$Holder.invokeSpecial(java.lang.Object, java.lang.Object, java.lang.Object, java.lang.Object)'> (0x0000000717fbf750) 
thrown [s\open\src\hotspot\share\interpreter\linkResolver.cpp, line 759]
Event: 3.150 Thread 0x00000200fcad8160 Exception <a 'java/lang/NoClassDefFoundError'{0x00000007174223f0}: com/google/inject/servlet/ServletModuleTargetVisitor> (0x00000007174223f0) 
thrown [s\open\src\hotspot\share\classfile\systemDictionary.cpp, line 245]
Event: 3.279 Thread 0x00000200fcad8160 Exception <a 'java/lang/NoSuchMethodError'{0x000000071724e5e8}: 'java.lang.Object java.lang.invoke.DirectMethodHandle$Holder.invokeStaticInit(java.lang.Object, int, int, int, int)'> (0x000000071724e5e8) 
thrown [s\open\src\hotspot\share\interpreter\linkResolver.cpp, line 759]
Event: 3.447 Thread 0x00000200fcad8160 Implicit null exception at 0x000002008f2e8672 to 0x000002008f2e8c4c
Event: 3.448 Thread 0x00000200fcad8160 Implicit null exception at 0x000002008f2e30f2 to 0x000002008f2e36e0
Event: 3.550 Thread 0x00000200fcad8160 Exception <a 'java/lang/NoSuchMethodError'{0x0000000716cc7c38}: 'void java.lang.invoke.DirectMethodHandle$Holder.invokeSpecial(java.lang.Object, java.lang.Object, java.lang.Object, java.lang.Object, java.lang.Object)'> (0x0000000716cc7c38) 
thrown [s\open\src\hotspot\share\interpreter\linkResolver.cpp, line 759]
Event: 3.554 Thread 0x00000200fcad8160 Exception <a 'java/lang/NoSuchMethodError'{0x0000000716ce5540}: 'java.lang.Object java.lang.invoke.DirectMethodHandle$Holder.invokeVirtual(java.lang.Object, java.lang.Object, java.lang.Object)'> (0x0000000716ce5540) 
thrown [s\open\src\hotspot\share\interpreter\linkResolver.cpp, line 759]
Event: 3.561 Thread 0x00000200fcad8160 Exception <a 'java/lang/NoSuchMethodError'{0x0000000716cf8d08}: 'void java.lang.invoke.DirectMethodHandle$Holder.invokeSpecial(java.lang.Object, java.lang.Object, java.lang.Object, java.lang.Object, java.lang.Object, java.lang.Object)'> (0x0000000716cf8d08) 
thrown [s\open\src\hotspot\share\interpreter\linkResolver.cpp, line 759]
Event: 5.723 Thread 0x00000200fcad8160 Implicit null exception at 0x000002008f3d60c7 to 0x000002008f3d8440
Event: 5.723 Thread 0x00000200fcad8160 Implicit null exception at 0x000002008f379def to 0x000002008f379fdc
Event: 5.723 Thread 0x00000200fcad8160 Implicit null exception at 0x000002008f3c25d8 to 0x000002008f3c266e
Event: 5.730 Thread 0x00000200fcad8160 Exception <a 'java/lang/NoSuchMethodError'{0x00000007155632b0}: 'void java.lang.invoke.DirectMethodHandle$Holder.invokeStatic(java.lang.Object, java.lang.Object, java.lang.Object, java.lang.Object)'> (0x00000007155632b0) 
thrown [s\open\src\hotspot\share\interpreter\linkResolver.cpp, line 759]

VM Operations (20 events):
Event: 3.118 Executing VM operation: HandshakeAllThreads done
Event: 3.230 Executing VM operation: HandshakeAllThreads
Event: 3.230 Executing VM operation: HandshakeAllThreads done
Event: 3.263 Executing VM operation: HandshakeAllThreads
Event: 3.263 Executing VM operation: HandshakeAllThreads done
Event: 3.589 Executing VM operation: ICBufferFull
Event: 3.589 Executing VM operation: ICBufferFull done
Event: 4.595 Executing VM operation: Cleanup
Event: 4.595 Executing VM operation: Cleanup done
Event: 5.600 Executing VM operation: Cleanup
Event: 5.600 Executing VM operation: Cleanup done
Event: 5.723 Executing VM operation: HandshakeAllThreads
Event: 5.723 Executing VM operation: HandshakeAllThreads done
Event: 6.267 Executing VM operation: ICBufferFull
Event: 6.267 Executing VM operation: ICBufferFull done
Event: 7.281 Executing VM operation: Cleanup
Event: 7.281 Executing VM operation: Cleanup done
Event: 8.284 Executing VM operation: Cleanup
Event: 8.284 Executing VM operation: Cleanup done
Event: 9.299 Executing VM operation: Cleanup

Events (20 events):
Event: 3.598 loading class java/util/spi/ResourceBundleProvider done
Event: 3.598 loading class sun/util/resources/LocaleData$LocaleDataResourceBundleProvider done
Event: 3.598 loading class sun/util/resources/LocaleData$CommonResourceBundleProvider done
Event: 3.599 loading class sun/util/resources/Bundles$2
Event: 3.599 loading class sun/util/resources/Bundles$2 done
Event: 3.824 loading class java/util/stream/Streams$RangeIntSpliterator
Event: 3.825 loading class java/util/stream/Streams$RangeIntSpliterator done
Event: 4.291 Thread 0x00000200e6168040 Thread exited: 0x00000200e6168040
Event: 4.701 Thread 0x00000200e61665b0 Thread added: 0x00000200e61665b0
Event: 4.862 Thread 0x00000200e61665b0 Thread exited: 0x00000200e61665b0
Event: 4.958 loading class java/util/stream/MatchOps$MatchKind
Event: 4.958 loading class java/util/stream/MatchOps$MatchKind done
Event: 4.959 loading class java/util/stream/MatchOps
Event: 4.959 loading class java/util/stream/MatchOps done
Event: 4.959 loading class java/util/stream/MatchOps$MatchOp
Event: 4.959 loading class java/util/stream/MatchOps$MatchOp done
Event: 4.960 loading class java/util/stream/MatchOps$BooleanTerminalSink
Event: 4.963 loading class java/util/stream/MatchOps$BooleanTerminalSink done
Event: 4.967 loading class java/util/stream/MatchOps$1MatchSink
Event: 4.968 loading class java/util/stream/MatchOps$1MatchSink done


Dynamic libraries:
0x00007ff7ed850000 - 0x00007ff7ed860000 	D:\Program Files\Java\jdk-17\bin\java.exe
0x00007ffd42ca0000 - 0x00007ffd42f08000 	C:\WINDOWS\SYSTEM32\ntdll.dll
0x00007ffd41df0000 - 0x00007ffd41eb9000 	C:\WINDOWS\System32\KERNEL32.DLL
0x00007ffd40500000 - 0x00007ffd408f2000 	C:\WINDOWS\System32\KERNELBASE.dll
0x00007ffcf87d0000 - 0x00007ffcf887f000 	c:\Users\ZXJ\AppData\Local\Programs\Trae CN\resources\app\modules\sandbox\x64\trae_sbox.dll
0x00007ffd40a70000 - 0x00007ffd40b24000 	C:\WINDOWS\System32\ADVAPI32.dll
0x00007ffd40c40000 - 0x00007ffd40ce9000 	C:\WINDOWS\System32\msvcrt.dll
0x00007ffd41b60000 - 0x00007ffd41c06000 	C:\WINDOWS\System32\sechost.dll
0x00007ffd416c0000 - 0x00007ffd417d8000 	C:\WINDOWS\System32\RPCRT4.dll
0x00007ffd40310000 - 0x00007ffd4045b000 	C:\WINDOWS\System32\ucrtbase.dll
0x00007ffd29b50000 - 0x00007ffd29b6b000 	D:\Program Files\Java\jdk-17\bin\VCRUNTIME140.dll
0x00007ffd29b30000 - 0x00007ffd29b49000 	D:\Program Files\Java\jdk-17\bin\jli.dll
0x00007ffd429d0000 - 0x00007ffd42b95000 	C:\WINDOWS\System32\USER32.dll
0x00007ffd3fe30000 - 0x00007ffd3fe57000 	C:\WINDOWS\System32\win32u.dll
0x00007ffd42890000 - 0x00007ffd428bb000 	C:\WINDOWS\System32\GDI32.dll
0x00007ffd2de80000 - 0x00007ffd2e113000 	C:\WINDOWS\WinSxS\amd64_microsoft.windows.common-controls_6595b64144ccf1df_6.0.26100.6899_none_3e0efeeae32e88c1\COMCTL32.dll
0x00007ffd40150000 - 0x00007ffd4027d000 	C:\WINDOWS\System32\gdi32full.dll
0x00007ffd3fe60000 - 0x00007ffd3ff03000 	C:\WINDOWS\System32\msvcp_win.dll
0x00007ffd3f940000 - 0x00007ffd3f94b000 	C:\WINDOWS\SYSTEM32\VERSION.dll
0x00007ffcfcc70000 - 0x00007ffcfcd00000 	c:\Users\ZXJ\AppData\Local\Programs\Trae CN\resources\app\modules\sandbox\x64\sbox_ipc.dll
0x00007ffd41290000 - 0x00007ffd412bf000 	C:\WINDOWS\System32\IMM32.DLL
0x0000000052630000 - 0x000000005263d000 	C:\Program Files (x86)\360\360Safe\safemon\SafeWrapper.dll
0x00007ffd3d1b0000 - 0x00007ffd3d3f2000 	C:\WINDOWS\SYSTEM32\dbghelp.dll
0x00007ffd417e0000 - 0x00007ffd41b5b000 	C:\WINDOWS\System32\combase.dll
0x00007ffd41530000 - 0x00007ffd41607000 	C:\WINDOWS\System32\OLEAUT32.dll
0x00007ffd2c6f0000 - 0x00007ffd2c72c000 	C:\WINDOWS\SYSTEM32\dbgcore.DLL
0x00007ffd3a950000 - 0x00007ffd3aa55000 	C:\Program Files (x86)\360\360Safe\safemon\libzdtp64.dll
0x00007ffd41ed0000 - 0x00007ffd4261d000 	C:\WINDOWS\System32\SHELL32.dll
0x00007ffd40900000 - 0x00007ffd40a6b000 	C:\WINDOWS\System32\wintypes.dll
0x00007ffd41640000 - 0x00007ffd416a2000 	C:\WINDOWS\System32\SHLWAPI.dll
0x00007ffd2d2e0000 - 0x00007ffd2d2ec000 	D:\Program Files\Java\jdk-17\bin\vcruntime140_1.dll
0x00007ffcf8740000 - 0x00007ffcf87ce000 	D:\Program Files\Java\jdk-17\bin\msvcp140.dll
0x00007ffc88a80000 - 0x00007ffc89660000 	D:\Program Files\Java\jdk-17\bin\server\jvm.dll
0x00007ffd41280000 - 0x00007ffd41288000 	C:\WINDOWS\System32\PSAPI.DLL
0x00007ffd33070000 - 0x00007ffd3307a000 	C:\WINDOWS\SYSTEM32\WSOCK32.dll
0x00007ffd427c0000 - 0x00007ffd42834000 	C:\WINDOWS\System32\WS2_32.dll
0x00007ffd39800000 - 0x00007ffd39835000 	C:\WINDOWS\SYSTEM32\WINMM.dll
0x00007ffd3eb00000 - 0x00007ffd3eb1b000 	C:\WINDOWS\SYSTEM32\kernel.appcore.dll
0x00007ffd28c00000 - 0x00007ffd28c0a000 	D:\Program Files\Java\jdk-17\bin\jimage.dll
0x00007ffd40460000 - 0x00007ffd404f8000 	C:\WINDOWS\System32\bcryptPrimitives.dll
0x00007ffd3e5f0000 - 0x00007ffd3e716000 	C:\WINDOWS\SYSTEM32\dnsapi.dll
0x00007ffd3f950000 - 0x00007ffd3f984000 	C:\WINDOWS\SYSTEM32\IPHLPAPI.DLL
0x00007ffd41ec0000 - 0x00007ffd41eca000 	C:\WINDOWS\System32\NSI.dll
0x00007ffd3d9c0000 - 0x00007ffd3e21d000 	C:\WINDOWS\SYSTEM32\windows.storage.dll
0x00007ffd428c0000 - 0x00007ffd429b2000 	C:\WINDOWS\System32\shcore.dll
0x00007ffd3c170000 - 0x00007ffd3c21a000 	C:\WINDOWS\system32\uxtheme.dll
0x00007ffd42ba0000 - 0x00007ffd42c51000 	C:\WINDOWS\System32\clbcatq.dll
0x00007ffd33570000 - 0x00007ffd33bbe000 	C:\Windows\System32\OneCoreUAPCommonProxyStub.dll
0x00007ffd42620000 - 0x00007ffd427b8000 	C:\WINDOWS\System32\ole32.dll
0x00007ffd3f9c0000 - 0x00007ffd3fa17000 	C:\WINDOWS\SYSTEM32\CFGMGR32.dll
0x00007ffd3aa80000 - 0x00007ffd3ab84000 	C:\WINDOWS\system32\propsys.dll
0x00007ffd23380000 - 0x00007ffd234fb000 	C:\Windows\System32\Windows.System.Launcher.dll
0x00007ffd31330000 - 0x00007ffd3134a000 	C:\WINDOWS\SYSTEM32\windows.staterepositorycore.dll
0x00007ffd2e160000 - 0x00007ffd2e224000 	C:\Windows\System32\Windows.StateRepositoryPS.dll
0x00007ffd3ec20000 - 0x00007ffd3ec56000 	C:\WINDOWS\SYSTEM32\ntmarta.dll
0x00007ffd2c390000 - 0x00007ffd2c570000 	C:\Windows\System32\urlmon.dll
0x00007ffd2f830000 - 0x00007ffd2faf5000 	C:\Windows\System32\iertutil.dll
0x00007ffd34510000 - 0x00007ffd34539000 	C:\Windows\System32\srvcli.dll
0x00007ffd3e4e0000 - 0x00007ffd3e4ed000 	C:\Windows\System32\netutils.dll
0x00007ffd3eda0000 - 0x00007ffd3ede9000 	C:\Windows\System32\SspiCli.dll
0x00007ffd029a0000 - 0x00007ffd02a5e000 	C:\Windows\System32\Windows.FileExplorer.Common.dll
0x00007ffd3fd20000 - 0x00007ffd3fd46000 	C:\WINDOWS\SYSTEM32\bcrypt.dll
0x00007ffd19a60000 - 0x00007ffd19a90000 	C:\WINDOWS\system32\mssprxy.dll
0x00007ffd3fd50000 - 0x00007ffd3fd79000 	C:\WINDOWS\SYSTEM32\profapi.dll
0x00007ffd251b0000 - 0x00007ffd251d5000 	D:\Program Files\Java\jdk-17\bin\java.dll
0x00007ffcf8660000 - 0x00007ffcf8737000 	D:\Program Files\Java\jdk-17\bin\jsvml.dll
0x00007ffd19020000 - 0x00007ffd19039000 	D:\Program Files\Java\jdk-17\bin\net.dll
0x00007ffd39be0000 - 0x00007ffd39cff000 	C:\WINDOWS\SYSTEM32\WINHTTP.dll
0x00007ffd3f050000 - 0x00007ffd3f0bb000 	C:\WINDOWS\system32\mswsock.dll
0x00007ffd19000000 - 0x00007ffd19016000 	D:\Program Files\Java\jdk-17\bin\nio.dll
0x00007ffd02980000 - 0x00007ffd02998000 	D:\Program Files\Java\jdk-17\bin\zip.dll
0x00007ffd02950000 - 0x00007ffd02974000 	C:\Users\ZXJ\.trae-cn\tools\maven\latest\lib\jansi-native\Windows\x86_64\jansi.dll
0x00007ffd28bf0000 - 0x00007ffd28c00000 	D:\Program Files\Java\jdk-17\bin\verify.dll

dbghelp: loaded successfully - version: 4.0.5 - missing functions: none
symbol engine: initialized successfully - sym options: 0x614 - pdb path: .;D:\Program Files\Java\jdk-17\bin;C:\WINDOWS\SYSTEM32;c:\Users\ZXJ\AppData\Local\Programs\Trae CN\resources\app\modules\sandbox\x64;C:\WINDOWS\WinSxS\amd64_microsoft.windows.common-controls_6595b64144ccf1df_6.0.26100.6899_none_3e0efeeae32e88c1;C:\Program Files (x86)\360\360Safe\safemon;D:\Program Files\Java\jdk-17\bin\server;C:\Users\ZXJ\.trae-cn\tools\maven\latest\lib\jansi-native\Windows\x86_64

VM Arguments:
jvm_args: --enable-native-access=ALL-UNNAMED -Dclassworlds.conf=C:\Users\ZXJ\.trae-cn\tools\maven\latest\bin\m2.conf -Dmaven.home=C:\Users\ZXJ\.trae-cn\tools\maven\latest -Dlibrary.jansi.path=C:\Users\ZXJ\.trae-cn\tools\maven\latest\lib\jansi-native -Dmaven.multiModuleProjectDirectory=F:\TraeProject\dogFood6\Project27 
java_command: org.codehaus.plexus.classworlds.launcher.Launcher spring-boot:run
java_class_path (initial): C:\Users\ZXJ\.trae-cn\tools\maven\latest\boot\plexus-classworlds-2.9.0.jar
Launcher Type: SUN_STANDARD

[Global flags]
     intx CICompilerCount                          = 4                                         {product} {ergonomic}
     uint ConcGCThreads                            = 2                                         {product} {ergonomic}
     uint G1ConcRefinementThreads                  = 8                                         {product} {ergonomic}
   size_t G1HeapRegionSize                         = 2097152                                   {product} {ergonomic}
    uintx GCDrainStackTargetSize                   = 64                                        {product} {ergonomic}
   size_t InitialHeapSize                          = 260046848                                 {product} {ergonomic}
   size_t MarkStackSize                            = 4194304                                   {product} {ergonomic}
   size_t MaxHeapSize                              = 4141875200                                {product} {ergonomic}
   size_t MaxNewSize                               = 2485125120                                {product} {ergonomic}
   size_t MinHeapDeltaBytes                        = 2097152                                   {product} {ergonomic}
   size_t MinHeapSize                              = 8388608                                   {product} {ergonomic}
    uintx NonNMethodCodeHeapSize                   = 5839372                                {pd product} {ergonomic}
    uintx NonProfiledCodeHeapSize                  = 122909434                              {pd product} {ergonomic}
    uintx ProfiledCodeHeapSize                     = 122909434                              {pd product} {ergonomic}
    uintx ReservedCodeCacheSize                    = 251658240                              {pd product} {ergonomic}
     bool SegmentedCodeCache                       = true                                      {product} {ergonomic}
   size_t SoftMaxHeapSize                          = 4141875200                             {manageable} {ergonomic}
     bool UseCompressedClassPointers               = true                           {product lp64_product} {ergonomic}
     bool UseCompressedOops                        = true                           {product lp64_product} {ergonomic}
     bool UseG1GC                                  = true                                      {product} {ergonomic}
     bool UseLargePagesIndividualAllocation        = false                                  {pd product} {ergonomic}

Logging:
Log output configuration:
 #0: stdout all=warning uptime,level,tags
 #1: stderr all=off uptime,level,tags

Environment Variables:
JAVA_HOME=D:\\Program Files\\Java\\jdk-17
PATH=D:\\Program Files\\Java\\jdk-17\\bin;C:\\Users\\ZXJ\\.trae-cn\\tools\\maven\\latest\\bin;C:\\Users\\ZXJ\\.trae-cn\\tools\\gradle\\latest\\bin;c:\\Users\\ZXJ\\.trae-cn\\tools\\trae-gopls\\current;c:\\Users\\ZXJ\\.trae-cn\\sdks\\workspaces\\f02163ee\\versions\\node\\current;c:\\Users\\ZXJ\\.trae-cn\\sdks\\versions\\node\\current;D:\Program Files\Java\jdk-17\bin;C:\Users\ZXJ\.trae-cn\tools\maven\latest\bin;C:\Users\ZXJ\.trae-cn\tools\gradle\latest\bin;c:\Users\ZXJ\.trae-cn\tools\trae-gopls\current;c:\Users\ZXJ\.trae-cn\sdks\workspaces\f02163ee\versions\node\current;c:\Users\ZXJ\.trae-cn\sdks\versions\node\current;C:\Program Files\Common Files\Oracle\Java\javapath;C:\Program Files (x86)\VMware\VMware Workstation\bin\;C:\Windows\system32;C:\Windows;C:\Windows\System32\Wbem;C:\Windows\System32\WindowsPowerShell\v1.0\;C:\Windows\System32\OpenSSH\;D:\Program Files (x86)\NetSarang\Xshell 7\;D:\Program Files\nodejs\node_global;C:\apache-tomcat-9.0.78\bin;e:\Program Files\Microsoft VS Code\bin;D:\Program Files\IDM Computer Solutions\UltraEdit;C:\WINDOWS\system32;C:\WINDOWS;C:\WINDOWS\System32\Wbem;C:\WINDOWS\System32\WindowsPowerShell\v1.0\;C:\WINDOWS\System32\OpenSSH\;D:\Program Files\nodejs\;C:\Program Files\Git\cmd;D:\apache-maven-3.9.15\bin;D:\Program Files\Java\jdk-17\bin;;D:\Program Files\Go\bin;C:\Program Files\Docker\Docker\resources\bin;D:\Programs\Python\Python314\Scripts\;D:\Programs\Python\Python314\;C:\Users\ZXJ\AppData\Local\Programs\Python\Launcher\;c:\Users\ZXJ\AppData\Local\Programs\Trae CN\bin;C:\Users\ZXJ\AppData\Local\Microsoft\WindowsApps;d:\Programs\Microsoft VS Code\bin;C:\Users\ZXJ\AppData\Local\Microsoft\WindowsApps;;d:\Program Files\JetBrains\IntelliJ IDEA Community Edition 2025.2.6.1\bin;d:\Program Files\JetBrains\PyCharm Community Edition 2025.2.6\bin;C:\Users\ZXJ\AppData\Roaming\npm;C:\Users\ZXJ\go\bin;c:\Users\ZXJ\.trae-cn\extensions\vscjava.vscode-java-debug-0.59.0-universal\bundled\scripts\noConfigScripts
USERNAME=ZXJ
LANG=zh_CN.UTF-8
OS=Windows_NT
PROCESSOR_IDENTIFIER=AMD64 Family 23 Model 96 Stepping 1, AuthenticAMD



---------------  S Y S T E M  ---------------

OS:
 Windows 11 , 64 bit Build 26100 (10.0.26100.6725)
OS uptime: 1 days 13:33 hours
Hyper-V role detected

CPU: total 8 (initial active 8) (8 cores per cpu, 1 threads per core) family 23 model 96 stepping 1 microcode 0x8600106, cx8, cmov, fxsr, mmx, 3dnowpref, sse, sse2, sse3, ssse3, sse4a, sse4.1, sse4.2, popcnt, lzcnt, tsc, tscinvbit, avx, avx2, aes, clmul, bmi1, bmi2, adx, sha, fma, vzeroupper, clflush, clflushopt, hv

Memory: 4k page, system-wide physical 15792M (1244M free)
TotalPageFile size 38280M (AvailPageFile size 8M)
current process WorkingSet (physical memory assigned to process): 183M, peak: 183M
current process commit charge ("private bytes"): 383M, peak: 383M

vm_info: Java HotSpot(TM) 64-Bit Server VM (17.0.12+8-LTS-286) for windows-amd64 JRE (17.0.12+8-LTS-286), built on Jun  5 2024 06:46:59 by "mach5one" with MS VC++ 17.6 (VS2022)

END.
